2023/02/07 14:38:39 Successfully Opened config file
2023/02/07 14:38:39 ./pi_nodes.csv
2023/02/07 14:38:39 ./prediction.csv
2023/02/07 14:38:39 my-scheduler
2023/02/07 14:38:39 3.336e-06
2023/02/07 14:38:39 1000
2023/02/07 14:38:39 10
2023/02/07 14:38:39 1.5
2023/02/07 14:38:39 30
2023/02/07 14:38:39 5000
2023/02/07 14:38:39 Successfully Opened topo file
Successfully Opened request file
2023/02/07 14:38:39 Starting watchUnscheduledPods...
2023/02/07 14:38:39 start to show phynode mem .... 
2023/02/07 14:38:39 Node 0 remaining mem 1000.000000%!(EXTRA string=MB)
2023/02/07 14:38:39 Node 1 remaining mem 1000.000000%!(EXTRA string=MB)
2023/02/07 14:38:39 Node 2 remaining mem 1000.000000%!(EXTRA string=MB)
2023/02/07 14:38:39 Node 3 remaining mem 1000.000000%!(EXTRA string=MB)
2023/02/07 14:38:39 Node 4 remaining mem 1000.000000%!(EXTRA string=MB)
2023/02/07 14:38:39 Node 5 remaining mem 1000.000000%!(EXTRA string=MB)
2023/02/07 14:38:39 Node 6 remaining mem 1000.000000%!(EXTRA string=MB)
2023/02/07 14:38:39 Node 7 remaining mem 1000.000000%!(EXTRA string=MB)
2023/02/07 14:38:39 Node 8 remaining mem 1000.000000%!(EXTRA string=MB)
2023/02/07 14:38:39 Node 9 remaining mem 1000.000000%!(EXTRA string=MB)
2023/02/07 14:38:39 postService: Unexpected HTTP status code409 Conflict
2023/02/07 14:38:39 Service Name:container-1-1
2023/02/07 14:38:39 containercount %d 1
2023/02/07 14:38:39 ActiveFunctions is nil, init now
2023/02/07 14:38:39 NodeFunctions is nil, init now
2023/02/07 14:38:39 postService: Unexpected HTTP status code409 Conflict
2023/02/07 14:38:39 Service Name:container-1-2
2023/02/07 14:38:39 containercount %d 2
2023/02/07 14:38:39 postService: Unexpected HTTP status code409 Conflict
2023/02/07 14:38:39 Service Name:container-1-3
2023/02/07 14:38:39 containercount %d 3
2023/02/07 14:38:39 postService: Unexpected HTTP status code409 Conflict
2023/02/07 14:38:39 Service Name:container-1-4
2023/02/07 14:38:39 containercount %d 4
2023/02/07 14:38:39 postService: Unexpected HTTP status code409 Conflict
2023/02/07 14:38:39 Service Name:container-1-5
2023/02/07 14:38:39 containercount %d 5
panic: runtime error: invalid memory address or nil pointer dereference
[signal SIGSEGV: segmentation violation code=0x1 addr=0x0 pc=0x640e67]

goroutine 18 [running]:
main.selectNode({0xc0003f8000?, 0xa?, 0xc000084d60?}, 0x40ce79?)
	/app/bestprice.go:117 +0xe7
main.schedulePod(0xc0001ede80)
	/app/processor.go:76 +0x85
main.monitorUnscheduledPods(0xc0000820c0, 0x0?)
	/app/processor.go:52 +0x175
created by main.main
	/app/main.go:74 +0x26d
