2023/01/30 14:03:28 Successfully Opened config file
2023/01/30 14:03:28 Starting watchUnscheduledPods...
2023/01/30 14:03:28 ./pi_nodes.csv
2023/01/30 14:03:28 ./prediction.csv
2023/01/30 14:03:28 my-scheduler
2023/01/30 14:03:28 3.336e-06
2023/01/30 14:03:28 1000
2023/01/30 14:03:28 10
2023/01/30 14:03:28 1.5
2023/01/30 14:03:28 30
2023/01/30 14:03:28 10000
2023/01/30 14:03:28 Successfully Opened topo file
Successfully Opened request file
2023/01/30 14:03:28 start to show phynode mem .... 
2023/01/30 14:03:28 Node%!(EXTRA int=0, string=remaining mem , float64=1000, string=MB)
2023/01/30 14:03:28 Node%!(EXTRA int=1, string=remaining mem , float64=1000, string=MB)
2023/01/30 14:03:28 Node%!(EXTRA int=2, string=remaining mem , float64=1000, string=MB)
2023/01/30 14:03:28 Node%!(EXTRA int=3, string=remaining mem , float64=1000, string=MB)
2023/01/30 14:03:28 Node%!(EXTRA int=4, string=remaining mem , float64=1000, string=MB)
2023/01/30 14:03:28 Node%!(EXTRA int=5, string=remaining mem , float64=1000, string=MB)
2023/01/30 14:03:28 Node%!(EXTRA int=6, string=remaining mem , float64=1000, string=MB)
2023/01/30 14:03:28 Node%!(EXTRA int=7, string=remaining mem , float64=1000, string=MB)
2023/01/30 14:03:28 Node%!(EXTRA int=8, string=remaining mem , float64=1000, string=MB)
2023/01/30 14:03:28 Node%!(EXTRA int=9, string=remaining mem , float64=1000, string=MB)
2023/01/30 14:03:28 containercount %d 1
2023/01/30 14:03:28 ActiveFunctions is nil, init now
2023/01/30 14:03:28 NodeFunctions is nil, init now
2023/01/30 14:03:28 containercount %d 2
2023/01/30 14:03:28 containercount %d 3
2023/01/30 14:03:28 containercount %d 4
2023/01/30 14:03:29 containercount %d 5
2023/01/30 14:03:29 NodeFunctions is nil, init now
2023/01/30 14:03:29 containercount %d 6
2023/01/30 14:03:29 NodeFunctions is nil, init now
2023/01/30 14:03:29 containercount %d 7
2023/01/30 14:03:29 NodeFunctions is nil, init now
2023/01/30 14:03:29 containercount %d 8
2023/01/30 14:03:29 NodeFunctions is nil, init now
2023/01/30 14:03:29 containercount %d 9
2023/01/30 14:03:29 containercount %d 10
2023/01/30 14:03:29 containercount %d 11
2023/01/30 14:03:30 containercount %d 12
2023/01/30 14:03:30 containercount %d 13
2023/01/30 14:03:30 containercount %d 14
2023/01/30 14:03:30 NodeFunctions is nil, init now
2023/01/30 14:03:30 containercount %d 15
2023/01/30 14:03:30 NodeFunctions is nil, init now
2023/01/30 14:03:30 containercount %d 16
2023/01/30 14:03:30 Successfully assigned container-1-1-00001-deployment-5886674d58-xn772 to kworker-0
2023/01/30 14:03:30 containercount %d 17
2023/01/30 14:03:31 containercount %d 18
2023/01/30 14:03:31 sendResult......
2023/01/30 14:03:31 sendResult......
2023/01/30 14:03:31 sendResult......
2023/01/30 14:03:31 sendResult......
2023/01/30 14:03:31 sendResult......
2023/01/30 14:03:31 sendResult......
2023/01/30 14:03:31 sendResult......
2023/01/30 14:03:31 sendResult......
2023/01/30 14:03:31 sendResult......
2023/01/30 14:03:31 sendResult......
2023/01/30 14:03:31 sendResult......
2023/01/30 14:03:31 sendResult......
2023/01/30 14:03:31 sendResult......
2023/01/30 14:03:31 sendResult......
2023/01/30 14:03:31 sendResult......
2023/01/30 14:03:31 sendResult......
2023/01/30 14:03:31 sendResult......
2023/01/30 14:03:31 sendResult......
2023/01/30 14:03:31 sendResult......
2023/01/30 14:03:31 result node id 0
2023/01/30 14:03:31 Successfully assigned container-1-2-00001-deployment-5bf774f48-w6gcs to kworker-0
2023/01/30 14:03:33 Successfully assigned container-1-4-00001-deployment-659f558ddf-lxkf5 to kworker-0
2023/01/30 14:03:34 Successfully assigned container-1-3-00001-deployment-5449dcd6f4-wnhbh to kworker-0
2023/01/30 14:03:35 Successfully assigned container-1-5-00001-deployment-6b7f595d88-9bq6c to kworker-1
2023/01/30 14:03:36 Successfully assigned container-1-6-00001-deployment-75bc94d8bf-qzm98 to kworker-2
2023/01/30 14:03:37 Successfully assigned container-1-7-00001-deployment-5fd796dbb4-trjjn to kworker-3
2023/01/30 14:03:38 Successfully assigned container-1-8-00001-deployment-69d9c5d4f6-mrzjp to kworker-5
2023/01/30 14:03:39 Successfully assigned container-2-9-00001-deployment-f7b54fff6-8qlcv to kworker-0
2023/01/30 14:03:40 Successfully assigned container-2-10-00001-deployment-95bc9668b-ltp7p to kworker-0
2023/01/30 14:03:41 Successfully assigned container-2-11-00001-deployment-6d4f5468fb-d2njs to kworker-0
2023/01/30 14:03:42 Successfully assigned container-2-12-00001-deployment-5d4b6cf956-47lrp to kworker-1
2023/01/30 14:03:43 Successfully assigned container-2-13-00001-deployment-fc5cc88d9-6lzkz to kworker-2
2023/01/30 14:03:43 Successfully assigned container-2-14-00001-deployment-f47c4998b-brp4f to kworker-4
2023/01/30 14:03:44 Successfully assigned container-2-15-00001-deployment-84d8b49d4-gtb5w to kworker-9
2023/01/30 14:03:44 Successfully assigned container-3-16-00001-deployment-585764f7d4-p95sz to kworker-1
2023/01/30 14:03:46 Successfully assigned container-4-17-00001-deployment-7b476fbbf9-hhpz2 to kworker-0
2023/01/30 14:03:46 Successfully assigned container-4-18-00001-deployment-6488f976f5-x5jxp to kworker-1
2023/01/30 14:04:31 wait 60 seconds .....
2023/01/30 14:04:31 ActiveFunctions is nil, init now
2023/01/30 14:04:31 NodeFunctions is nil, init now
2023/01/30 14:04:31 NodeFunctions is nil, init now
2023/01/30 14:04:31 NodeFunctions is nil, init now
2023/01/30 14:04:31 NodeFunctions is nil, init now
2023/01/30 14:04:31 NodeFunctions is nil, init now
2023/01/30 14:04:31 containercount %d 19
2023/01/30 14:04:31 sendResult......
2023/01/30 14:04:31 sendResult......
2023/01/30 14:04:31 sendResult......
2023/01/30 14:04:31 sendResult......
2023/01/30 14:04:31 sendResult......
2023/01/30 14:04:31 sendResult......
2023/01/30 14:04:31 sendResult......
2023/01/30 14:04:31 sendResult......
2023/01/30 14:04:31 sendResult......
2023/01/30 14:04:31 sendResult......
2023/01/30 14:04:31 sendResult......
2023/01/30 14:04:31 sendResult......
2023/01/30 14:04:31 result node id 0
2023/01/30 14:04:32 Successfully assigned container-3-19-00001-deployment-85d666867-xlzl5 to kworker-2
2023/01/30 14:05:31 wait 60 seconds .....
2023/01/30 14:05:31 ActiveFunctions is nil, init now
2023/01/30 14:05:31 NodeFunctions is nil, init now
2023/01/30 14:05:31 NodeFunctions is nil, init now
2023/01/30 14:05:31 NodeFunctions is nil, init now
2023/01/30 14:05:31 NodeFunctions is nil, init now
2023/01/30 14:05:31 NodeFunctions is nil, init now
2023/01/30 14:05:31 Starting scaler deleteService() ......
2023/01/30 14:05:31 deleteService: service is deleted: container-4-17
2023/01/30 14:05:31 containercount %d 20
2023/01/30 14:05:31 containercount %d 21
2023/01/30 14:05:31 sendResult......
2023/01/30 14:05:31 sendResult......
2023/01/30 14:05:31 sendResult......
2023/01/30 14:05:31 sendResult......
2023/01/30 14:05:31 sendResult......
2023/01/30 14:05:31 sendResult......
2023/01/30 14:05:31 sendResult......
2023/01/30 14:05:31 sendResult......
2023/01/30 14:05:31 sendResult......
2023/01/30 14:05:31 sendResult......
2023/01/30 14:05:31 sendResult......
2023/01/30 14:05:31 sendResult......
2023/01/30 14:05:31 result node id 0
2023/01/30 14:05:33 Successfully assigned container-3-20-00001-deployment-6744bb4b5c-fwplb to kworker-2
2023/01/30 14:05:33 Successfully assigned container-4-21-00001-deployment-7bb4cfbf85-qxvwq to kworker-1
2023/01/30 14:06:31 wait 60 seconds .....
2023/01/30 14:06:31 ActiveFunctions is nil, init now
2023/01/30 14:06:31 NodeFunctions is nil, init now
2023/01/30 14:06:31 NodeFunctions is nil, init now
2023/01/30 14:06:31 NodeFunctions is nil, init now
2023/01/30 14:06:31 NodeFunctions is nil, init now
2023/01/30 14:06:31 NodeFunctions is nil, init now
2023/01/30 14:06:31 sendResult......
2023/01/30 14:06:31 sendResult......
2023/01/30 14:06:31 sendResult......
2023/01/30 14:06:31 sendResult......
2023/01/30 14:06:31 sendResult......
2023/01/30 14:06:31 sendResult......
2023/01/30 14:06:31 sendResult......
2023/01/30 14:06:31 sendResult......
2023/01/30 14:06:31 sendResult......
2023/01/30 14:06:31 sendResult......
2023/01/30 14:06:31 sendResult......
2023/01/30 14:06:31 sendResult......
2023/01/30 14:06:31 result node id 0
2023/01/30 14:07:31 wait 60 seconds .....
2023/01/30 14:07:31 ActiveFunctions is nil, init now
2023/01/30 14:07:31 NodeFunctions is nil, init now
2023/01/30 14:07:31 NodeFunctions is nil, init now
2023/01/30 14:07:31 NodeFunctions is nil, init now
2023/01/30 14:07:31 NodeFunctions is nil, init now
2023/01/30 14:07:31 NodeFunctions is nil, init now
2023/01/30 14:07:31 sendResult......
2023/01/30 14:07:31 sendResult......
2023/01/30 14:07:31 sendResult......
2023/01/30 14:07:31 sendResult......
2023/01/30 14:07:31 sendResult......
2023/01/30 14:07:31 sendResult......
2023/01/30 14:07:31 sendResult......
2023/01/30 14:07:31 sendResult......
2023/01/30 14:07:31 sendResult......
2023/01/30 14:07:31 sendResult......
2023/01/30 14:07:31 sendResult......
2023/01/30 14:07:31 sendResult......
2023/01/30 14:07:31 result node id 0
2023/01/30 14:08:31 wait 60 seconds .....
2023/01/30 14:08:31 ActiveFunctions is nil, init now
2023/01/30 14:08:31 NodeFunctions is nil, init now
2023/01/30 14:08:31 NodeFunctions is nil, init now
2023/01/30 14:08:31 NodeFunctions is nil, init now
2023/01/30 14:08:31 NodeFunctions is nil, init now
2023/01/30 14:08:31 NodeFunctions is nil, init now
2023/01/30 14:08:31 sendResult......
2023/01/30 14:08:31 sendResult......
2023/01/30 14:08:31 sendResult......
2023/01/30 14:08:31 sendResult......
2023/01/30 14:08:31 sendResult......
2023/01/30 14:08:31 sendResult......
2023/01/30 14:08:31 sendResult......
2023/01/30 14:08:31 sendResult......
2023/01/30 14:08:31 sendResult......
2023/01/30 14:08:31 sendResult......
2023/01/30 14:08:31 sendResult......
2023/01/30 14:08:31 sendResult......
2023/01/30 14:08:31 result node id 0
2023/01/30 14:08:44 Successfully assigned container-2-14-00001-deployment-f47c4998b-mmll9 to kworker-4
2023/01/30 14:09:31 wait 60 seconds .....
2023/01/30 14:09:31 ActiveFunctions is nil, init now
2023/01/30 14:09:31 NodeFunctions is nil, init now
2023/01/30 14:09:31 NodeFunctions is nil, init now
2023/01/30 14:09:31 NodeFunctions is nil, init now
2023/01/30 14:09:31 NodeFunctions is nil, init now
2023/01/30 14:09:31 NodeFunctions is nil, init now
2023/01/30 14:09:31 sendResult......
2023/01/30 14:09:31 sendResult......
2023/01/30 14:09:31 sendResult......
2023/01/30 14:09:31 sendResult......
2023/01/30 14:09:31 sendResult......
2023/01/30 14:09:31 sendResult......
2023/01/30 14:09:31 sendResult......
2023/01/30 14:09:31 sendResult......
2023/01/30 14:09:31 sendResult......
2023/01/30 14:09:31 sendResult......
2023/01/30 14:09:31 sendResult......
2023/01/30 14:09:31 sendResult......
2023/01/30 14:09:31 result node id 0
2023/01/30 14:10:31 wait 60 seconds .....
2023/01/30 14:10:31 ActiveFunctions is nil, init now
2023/01/30 14:10:31 NodeFunctions is nil, init now
2023/01/30 14:10:31 NodeFunctions is nil, init now
2023/01/30 14:10:31 NodeFunctions is nil, init now
2023/01/30 14:10:31 NodeFunctions is nil, init now
2023/01/30 14:10:31 NodeFunctions is nil, init now
2023/01/30 14:10:31 sendResult......
2023/01/30 14:10:31 sendResult......
2023/01/30 14:10:31 sendResult......
2023/01/30 14:10:31 sendResult......
2023/01/30 14:10:31 sendResult......
2023/01/30 14:10:31 sendResult......
2023/01/30 14:10:31 sendResult......
2023/01/30 14:10:31 sendResult......
2023/01/30 14:10:31 sendResult......
2023/01/30 14:10:31 sendResult......
2023/01/30 14:10:31 sendResult......
2023/01/30 14:10:31 sendResult......
2023/01/30 14:10:31 result node id 0
2023/01/30 14:11:31 wait 60 seconds .....
2023/01/30 14:11:31 ActiveFunctions is nil, init now
2023/01/30 14:11:31 NodeFunctions is nil, init now
2023/01/30 14:11:31 NodeFunctions is nil, init now
2023/01/30 14:11:31 NodeFunctions is nil, init now
2023/01/30 14:11:31 NodeFunctions is nil, init now
2023/01/30 14:11:31 NodeFunctions is nil, init now
2023/01/30 14:11:31 sendResult......
2023/01/30 14:11:31 sendResult......
2023/01/30 14:11:31 sendResult......
2023/01/30 14:11:31 sendResult......
2023/01/30 14:11:31 sendResult......
2023/01/30 14:11:31 sendResult......
2023/01/30 14:11:31 sendResult......
2023/01/30 14:11:31 sendResult......
2023/01/30 14:11:31 sendResult......
2023/01/30 14:11:31 sendResult......
2023/01/30 14:11:31 sendResult......
2023/01/30 14:11:31 sendResult......
2023/01/30 14:11:31 result node id 0
2023/01/30 14:12:31 wait 60 seconds .....
2023/01/30 14:12:31 ActiveFunctions is nil, init now
2023/01/30 14:12:31 NodeFunctions is nil, init now
2023/01/30 14:12:31 NodeFunctions is nil, init now
2023/01/30 14:12:31 NodeFunctions is nil, init now
2023/01/30 14:12:31 NodeFunctions is nil, init now
2023/01/30 14:12:31 NodeFunctions is nil, init now
2023/01/30 14:12:31 sendResult......
2023/01/30 14:12:31 sendResult......
2023/01/30 14:12:31 sendResult......
2023/01/30 14:12:31 sendResult......
2023/01/30 14:12:31 sendResult......
2023/01/30 14:12:31 sendResult......
2023/01/30 14:12:31 sendResult......
2023/01/30 14:12:31 sendResult......
2023/01/30 14:12:31 sendResult......
2023/01/30 14:12:31 sendResult......
2023/01/30 14:12:31 sendResult......
2023/01/30 14:12:31 sendResult......
2023/01/30 14:12:31 result node id 0
2023/01/30 14:13:31 wait 60 seconds .....
2023/01/30 14:13:31 ActiveFunctions is nil, init now
2023/01/30 14:13:31 NodeFunctions is nil, init now
2023/01/30 14:13:31 NodeFunctions is nil, init now
2023/01/30 14:13:31 NodeFunctions is nil, init now
2023/01/30 14:13:31 NodeFunctions is nil, init now
2023/01/30 14:13:31 NodeFunctions is nil, init now
2023/01/30 14:13:31 sendResult......
2023/01/30 14:13:31 sendResult......
2023/01/30 14:13:31 sendResult......
2023/01/30 14:13:31 sendResult......
2023/01/30 14:13:31 sendResult......
2023/01/30 14:13:31 sendResult......
2023/01/30 14:13:31 sendResult......
2023/01/30 14:13:31 sendResult......
2023/01/30 14:13:31 sendResult......
2023/01/30 14:13:31 sendResult......
2023/01/30 14:13:31 sendResult......
2023/01/30 14:13:31 sendResult......
2023/01/30 14:13:31 result node id 0
2023/01/30 14:13:44 Successfully assigned container-2-14-00001-deployment-f47c4998b-qkg2j to kworker-4
2023/01/30 14:14:31 wait 60 seconds .....
2023/01/30 14:14:31 ActiveFunctions is nil, init now
2023/01/30 14:14:31 NodeFunctions is nil, init now
2023/01/30 14:14:31 NodeFunctions is nil, init now
2023/01/30 14:14:31 NodeFunctions is nil, init now
2023/01/30 14:14:31 NodeFunctions is nil, init now
2023/01/30 14:14:31 NodeFunctions is nil, init now
2023/01/30 14:14:31 sendResult......
2023/01/30 14:14:31 sendResult......
2023/01/30 14:14:31 sendResult......
2023/01/30 14:14:31 sendResult......
2023/01/30 14:14:31 sendResult......
2023/01/30 14:14:31 sendResult......
2023/01/30 14:14:31 sendResult......
2023/01/30 14:14:31 sendResult......
2023/01/30 14:14:31 sendResult......
2023/01/30 14:14:31 sendResult......
2023/01/30 14:14:31 sendResult......
2023/01/30 14:14:31 sendResult......
2023/01/30 14:14:31 result node id 0
2023/01/30 14:15:31 wait 60 seconds .....
2023/01/30 14:15:31 ActiveFunctions is nil, init now
2023/01/30 14:15:31 NodeFunctions is nil, init now
2023/01/30 14:15:31 NodeFunctions is nil, init now
2023/01/30 14:15:31 NodeFunctions is nil, init now
2023/01/30 14:15:31 NodeFunctions is nil, init now
2023/01/30 14:15:31 NodeFunctions is nil, init now
2023/01/30 14:15:31 sendResult......
2023/01/30 14:15:31 sendResult......
2023/01/30 14:15:31 sendResult......
2023/01/30 14:15:31 sendResult......
2023/01/30 14:15:31 sendResult......
2023/01/30 14:15:31 sendResult......
2023/01/30 14:15:31 sendResult......
2023/01/30 14:15:31 sendResult......
2023/01/30 14:15:31 sendResult......
2023/01/30 14:15:31 sendResult......
2023/01/30 14:15:31 sendResult......
2023/01/30 14:15:31 sendResult......
2023/01/30 14:15:31 result node id 0
2023/01/30 14:16:31 wait 60 seconds .....
2023/01/30 14:16:31 ActiveFunctions is nil, init now
2023/01/30 14:16:31 NodeFunctions is nil, init now
2023/01/30 14:16:31 NodeFunctions is nil, init now
2023/01/30 14:16:31 NodeFunctions is nil, init now
2023/01/30 14:16:31 NodeFunctions is nil, init now
2023/01/30 14:16:31 NodeFunctions is nil, init now
2023/01/30 14:16:31 containercount %d 22
2023/01/30 14:16:31 sendResult......
2023/01/30 14:16:31 sendResult......
2023/01/30 14:16:31 sendResult......
2023/01/30 14:16:31 sendResult......
2023/01/30 14:16:31 sendResult......
2023/01/30 14:16:31 sendResult......
2023/01/30 14:16:31 sendResult......
2023/01/30 14:16:31 sendResult......
2023/01/30 14:16:31 sendResult......
2023/01/30 14:16:31 sendResult......
2023/01/30 14:16:31 sendResult......
2023/01/30 14:16:31 sendResult......
2023/01/30 14:16:31 sendResult......
2023/01/30 14:16:31 result node id 0
2023/01/30 14:16:33 Successfully assigned container-4-22-00001-deployment-58777f77c4-72t69 to kworker-2
2023/01/30 14:17:31 wait 60 seconds .....
2023/01/30 14:17:31 ActiveFunctions is nil, init now
2023/01/30 14:17:31 NodeFunctions is nil, init now
2023/01/30 14:17:31 NodeFunctions is nil, init now
2023/01/30 14:17:31 NodeFunctions is nil, init now
2023/01/30 14:17:31 NodeFunctions is nil, init now
2023/01/30 14:17:31 NodeFunctions is nil, init now
2023/01/30 14:17:31 Starting scaler deleteService() ......
2023/01/30 14:17:31 deleteService: service is deleted: container-4-22
2023/01/30 14:17:31 containercount %d 23
2023/01/30 14:17:31 sendResult......
2023/01/30 14:17:31 sendResult......
2023/01/30 14:17:31 sendResult......
2023/01/30 14:17:31 sendResult......
2023/01/30 14:17:31 sendResult......
2023/01/30 14:17:31 sendResult......
2023/01/30 14:17:31 sendResult......
2023/01/30 14:17:31 sendResult......
2023/01/30 14:17:31 sendResult......
2023/01/30 14:17:31 sendResult......
2023/01/30 14:17:31 sendResult......
2023/01/30 14:17:31 sendResult......
2023/01/30 14:17:32 sendResult......
2023/01/30 14:17:32 result node id 0
2023/01/30 14:17:33 Successfully assigned container-4-23-00001-deployment-5686c7c949-5sxvr to kworker-2
2023/01/30 14:18:32 wait 60 seconds .....
2023/01/30 14:18:32 ActiveFunctions is nil, init now
2023/01/30 14:18:32 NodeFunctions is nil, init now
2023/01/30 14:18:32 NodeFunctions is nil, init now
2023/01/30 14:18:32 NodeFunctions is nil, init now
2023/01/30 14:18:32 NodeFunctions is nil, init now
2023/01/30 14:18:32 NodeFunctions is nil, init now
2023/01/30 14:18:32 Starting scaler deleteService() ......
2023/01/30 14:18:32 deleteService: service is deleted: container-4-23
2023/01/30 14:18:32 sendResult......
2023/01/30 14:18:32 sendResult......
2023/01/30 14:18:32 sendResult......
2023/01/30 14:18:32 sendResult......
2023/01/30 14:18:32 sendResult......
2023/01/30 14:18:32 sendResult......
2023/01/30 14:18:32 sendResult......
2023/01/30 14:18:32 sendResult......
2023/01/30 14:18:32 sendResult......
2023/01/30 14:18:32 sendResult......
2023/01/30 14:18:32 sendResult......
2023/01/30 14:18:32 sendResult......
2023/01/30 14:18:32 result node id 0
2023/01/30 14:18:44 Successfully assigned container-2-14-00001-deployment-f47c4998b-6rsjx to kworker-4
2023/01/30 14:19:32 wait 60 seconds .....
2023/01/30 14:19:32 ActiveFunctions is nil, init now
2023/01/30 14:19:32 NodeFunctions is nil, init now
2023/01/30 14:19:32 NodeFunctions is nil, init now
2023/01/30 14:19:32 NodeFunctions is nil, init now
2023/01/30 14:19:32 NodeFunctions is nil, init now
2023/01/30 14:19:32 NodeFunctions is nil, init now
2023/01/30 14:19:32 Starting scaler deleteService() ......
2023/01/30 14:19:32 deleteService: service is deleted: container-4-18
2023/01/30 14:19:32 containercount %d 24
2023/01/30 14:19:32 containercount %d 25
2023/01/30 14:19:32 NodeFunctions is nil, init now
2023/01/30 14:19:32 sendResult......
2023/01/30 14:19:32 sendResult......
2023/01/30 14:19:32 sendResult......
2023/01/30 14:19:32 sendResult......
2023/01/30 14:19:32 sendResult......
2023/01/30 14:19:32 sendResult......
2023/01/30 14:19:32 sendResult......
2023/01/30 14:19:32 sendResult......
2023/01/30 14:19:32 sendResult......
2023/01/30 14:19:32 sendResult......
2023/01/30 14:19:32 sendResult......
2023/01/30 14:19:32 sendResult......
2023/01/30 14:19:32 sendResult......
2023/01/30 14:19:32 result node id 0
2023/01/30 14:19:33 Successfully assigned container-3-25-00001-deployment-7cc6f8f8c-x9rqc to kworker-3
2023/01/30 14:19:34 Successfully assigned container-3-24-00001-deployment-78f965dd85-5f4f7 to kworker-1
2023/01/30 14:20:32 wait 60 seconds .....
2023/01/30 14:20:32 ActiveFunctions is nil, init now
2023/01/30 14:20:32 NodeFunctions is nil, init now
2023/01/30 14:20:32 NodeFunctions is nil, init now
2023/01/30 14:20:32 NodeFunctions is nil, init now
2023/01/30 14:20:32 NodeFunctions is nil, init now
2023/01/30 14:20:32 NodeFunctions is nil, init now
2023/01/30 14:20:32 NodeFunctions is nil, init now
2023/01/30 14:20:32 sendResult......
2023/01/30 14:20:32 sendResult......
2023/01/30 14:20:32 sendResult......
2023/01/30 14:20:32 sendResult......
2023/01/30 14:20:32 sendResult......
2023/01/30 14:20:32 sendResult......
2023/01/30 14:20:32 sendResult......
2023/01/30 14:20:32 sendResult......
2023/01/30 14:20:32 sendResult......
2023/01/30 14:20:32 sendResult......
2023/01/30 14:20:32 sendResult......
2023/01/30 14:20:32 sendResult......
2023/01/30 14:20:32 result node id 0
2023/01/30 14:21:32 wait 60 seconds .....
2023/01/30 14:21:32 ActiveFunctions is nil, init now
2023/01/30 14:21:32 NodeFunctions is nil, init now
2023/01/30 14:21:32 NodeFunctions is nil, init now
2023/01/30 14:21:32 NodeFunctions is nil, init now
2023/01/30 14:21:32 NodeFunctions is nil, init now
2023/01/30 14:21:32 NodeFunctions is nil, init now
2023/01/30 14:21:32 NodeFunctions is nil, init now
2023/01/30 14:21:32 sendResult......
2023/01/30 14:21:32 sendResult......
2023/01/30 14:21:32 sendResult......
2023/01/30 14:21:32 sendResult......
2023/01/30 14:21:32 sendResult......
2023/01/30 14:21:32 sendResult......
2023/01/30 14:21:32 sendResult......
2023/01/30 14:21:32 sendResult......
2023/01/30 14:21:32 sendResult......
2023/01/30 14:21:32 sendResult......
2023/01/30 14:21:32 sendResult......
2023/01/30 14:21:32 sendResult......
2023/01/30 14:21:32 result node id 0
2023/01/30 14:22:32 wait 60 seconds .....
2023/01/30 14:22:32 ActiveFunctions is nil, init now
2023/01/30 14:22:32 NodeFunctions is nil, init now
2023/01/30 14:22:32 NodeFunctions is nil, init now
2023/01/30 14:22:32 NodeFunctions is nil, init now
2023/01/30 14:22:32 NodeFunctions is nil, init now
2023/01/30 14:22:32 NodeFunctions is nil, init now
2023/01/30 14:22:32 NodeFunctions is nil, init now
2023/01/30 14:22:32 sendResult......
2023/01/30 14:22:32 sendResult......
2023/01/30 14:22:32 sendResult......
2023/01/30 14:22:32 sendResult......
2023/01/30 14:22:32 sendResult......
2023/01/30 14:22:32 sendResult......
2023/01/30 14:22:32 sendResult......
2023/01/30 14:22:32 sendResult......
2023/01/30 14:22:32 sendResult......
2023/01/30 14:22:32 sendResult......
2023/01/30 14:22:32 sendResult......
2023/01/30 14:22:32 sendResult......
2023/01/30 14:22:32 result node id 0
2023/01/30 14:23:32 wait 60 seconds .....
2023/01/30 14:23:32 ActiveFunctions is nil, init now
2023/01/30 14:23:32 NodeFunctions is nil, init now
2023/01/30 14:23:32 NodeFunctions is nil, init now
2023/01/30 14:23:32 NodeFunctions is nil, init now
2023/01/30 14:23:32 NodeFunctions is nil, init now
2023/01/30 14:23:32 NodeFunctions is nil, init now
2023/01/30 14:23:32 NodeFunctions is nil, init now
2023/01/30 14:23:32 sendResult......
2023/01/30 14:23:32 sendResult......
2023/01/30 14:23:32 sendResult......
2023/01/30 14:23:32 sendResult......
2023/01/30 14:23:32 sendResult......
2023/01/30 14:23:32 sendResult......
2023/01/30 14:23:32 sendResult......
2023/01/30 14:23:32 sendResult......
2023/01/30 14:23:32 sendResult......
2023/01/30 14:23:32 sendResult......
2023/01/30 14:23:32 sendResult......
2023/01/30 14:23:32 sendResult......
2023/01/30 14:23:32 result node id 0
2023/01/30 14:23:44 Successfully assigned container-2-14-00001-deployment-f47c4998b-xnpk4 to kworker-4
2023/01/30 14:24:32 wait 60 seconds .....
2023/01/30 14:24:32 ActiveFunctions is nil, init now
2023/01/30 14:24:32 NodeFunctions is nil, init now
2023/01/30 14:24:32 NodeFunctions is nil, init now
2023/01/30 14:24:32 NodeFunctions is nil, init now
2023/01/30 14:24:32 NodeFunctions is nil, init now
2023/01/30 14:24:32 NodeFunctions is nil, init now
2023/01/30 14:24:32 NodeFunctions is nil, init now
2023/01/30 14:24:32 sendResult......
2023/01/30 14:24:32 sendResult......
2023/01/30 14:24:32 sendResult......
2023/01/30 14:24:32 sendResult......
2023/01/30 14:24:32 sendResult......
2023/01/30 14:24:32 sendResult......
2023/01/30 14:24:32 sendResult......
2023/01/30 14:24:32 sendResult......
2023/01/30 14:24:32 sendResult......
2023/01/30 14:24:32 sendResult......
2023/01/30 14:24:32 sendResult......
2023/01/30 14:24:32 sendResult......
2023/01/30 14:24:32 result node id 0
2023/01/30 14:25:32 wait 60 seconds .....
2023/01/30 14:25:32 ActiveFunctions is nil, init now
2023/01/30 14:25:32 NodeFunctions is nil, init now
2023/01/30 14:25:32 NodeFunctions is nil, init now
2023/01/30 14:25:32 NodeFunctions is nil, init now
2023/01/30 14:25:32 NodeFunctions is nil, init now
2023/01/30 14:25:32 NodeFunctions is nil, init now
2023/01/30 14:25:32 NodeFunctions is nil, init now
2023/01/30 14:25:32 sendResult......
2023/01/30 14:25:32 sendResult......
2023/01/30 14:25:32 sendResult......
2023/01/30 14:25:32 sendResult......
2023/01/30 14:25:32 sendResult......
2023/01/30 14:25:32 sendResult......
2023/01/30 14:25:32 sendResult......
2023/01/30 14:25:32 sendResult......
2023/01/30 14:25:32 sendResult......
2023/01/30 14:25:32 sendResult......
2023/01/30 14:25:32 sendResult......
2023/01/30 14:25:32 sendResult......
2023/01/30 14:25:32 result node id 0
2023/01/30 14:26:32 wait 60 seconds .....
2023/01/30 14:26:32 ActiveFunctions is nil, init now
2023/01/30 14:26:32 NodeFunctions is nil, init now
2023/01/30 14:26:32 NodeFunctions is nil, init now
2023/01/30 14:26:32 NodeFunctions is nil, init now
2023/01/30 14:26:32 NodeFunctions is nil, init now
2023/01/30 14:26:32 NodeFunctions is nil, init now
2023/01/30 14:26:32 NodeFunctions is nil, init now
2023/01/30 14:26:32 sendResult......
2023/01/30 14:26:32 sendResult......
2023/01/30 14:26:32 sendResult......
2023/01/30 14:26:32 sendResult......
2023/01/30 14:26:32 sendResult......
2023/01/30 14:26:32 sendResult......
2023/01/30 14:26:32 sendResult......
2023/01/30 14:26:32 sendResult......
2023/01/30 14:26:32 sendResult......
2023/01/30 14:26:32 sendResult......
2023/01/30 14:26:32 sendResult......
2023/01/30 14:26:32 sendResult......
2023/01/30 14:26:32 result node id 0
2023/01/30 14:27:32 wait 60 seconds .....
2023/01/30 14:27:32 ActiveFunctions is nil, init now
2023/01/30 14:27:32 NodeFunctions is nil, init now
2023/01/30 14:27:32 NodeFunctions is nil, init now
2023/01/30 14:27:32 NodeFunctions is nil, init now
2023/01/30 14:27:32 NodeFunctions is nil, init now
2023/01/30 14:27:32 NodeFunctions is nil, init now
2023/01/30 14:27:32 NodeFunctions is nil, init now
2023/01/30 14:27:32 sendResult......
2023/01/30 14:27:32 sendResult......
2023/01/30 14:27:32 sendResult......
2023/01/30 14:27:32 sendResult......
2023/01/30 14:27:32 sendResult......
2023/01/30 14:27:32 sendResult......
2023/01/30 14:27:32 sendResult......
2023/01/30 14:27:32 sendResult......
2023/01/30 14:27:32 sendResult......
2023/01/30 14:27:32 sendResult......
2023/01/30 14:27:32 sendResult......
2023/01/30 14:27:32 sendResult......
2023/01/30 14:27:32 result node id 0
2023/01/30 14:28:32 wait 60 seconds .....
2023/01/30 14:28:32 ActiveFunctions is nil, init now
2023/01/30 14:28:32 NodeFunctions is nil, init now
2023/01/30 14:28:32 NodeFunctions is nil, init now
2023/01/30 14:28:32 NodeFunctions is nil, init now
2023/01/30 14:28:32 NodeFunctions is nil, init now
2023/01/30 14:28:32 NodeFunctions is nil, init now
2023/01/30 14:28:32 NodeFunctions is nil, init now
2023/01/30 14:28:32 sendResult......
2023/01/30 14:28:32 sendResult......
2023/01/30 14:28:32 sendResult......
2023/01/30 14:28:32 sendResult......
2023/01/30 14:28:32 sendResult......
2023/01/30 14:28:32 sendResult......
2023/01/30 14:28:32 sendResult......
2023/01/30 14:28:32 sendResult......
2023/01/30 14:28:32 sendResult......
2023/01/30 14:28:32 sendResult......
2023/01/30 14:28:32 sendResult......
2023/01/30 14:28:32 sendResult......
2023/01/30 14:28:32 result node id 0
2023/01/30 14:28:45 Successfully assigned container-2-14-00001-deployment-f47c4998b-9f4pl to kworker-4
2023/01/30 14:29:32 wait 60 seconds .....
2023/01/30 14:29:32 ActiveFunctions is nil, init now
2023/01/30 14:29:32 NodeFunctions is nil, init now
2023/01/30 14:29:32 NodeFunctions is nil, init now
2023/01/30 14:29:32 NodeFunctions is nil, init now
2023/01/30 14:29:32 NodeFunctions is nil, init now
2023/01/30 14:29:32 NodeFunctions is nil, init now
2023/01/30 14:29:32 NodeFunctions is nil, init now
2023/01/30 14:29:32 sendResult......
2023/01/30 14:29:32 sendResult......
2023/01/30 14:29:32 sendResult......
2023/01/30 14:29:32 sendResult......
2023/01/30 14:29:32 sendResult......
2023/01/30 14:29:32 sendResult......
2023/01/30 14:29:32 sendResult......
2023/01/30 14:29:32 sendResult......
2023/01/30 14:29:32 sendResult......
2023/01/30 14:29:32 sendResult......
2023/01/30 14:29:32 sendResult......
2023/01/30 14:29:32 sendResult......
2023/01/30 14:29:32 result node id 0
2023/01/30 14:30:32 wait 60 seconds .....
2023/01/30 14:30:32 ActiveFunctions is nil, init now
2023/01/30 14:30:32 NodeFunctions is nil, init now
2023/01/30 14:30:32 NodeFunctions is nil, init now
2023/01/30 14:30:32 NodeFunctions is nil, init now
2023/01/30 14:30:32 NodeFunctions is nil, init now
2023/01/30 14:30:32 NodeFunctions is nil, init now
2023/01/30 14:30:32 NodeFunctions is nil, init now
2023/01/30 14:30:32 sendResult......
2023/01/30 14:30:32 sendResult......
2023/01/30 14:30:32 sendResult......
2023/01/30 14:30:32 sendResult......
2023/01/30 14:30:32 sendResult......
2023/01/30 14:30:32 sendResult......
2023/01/30 14:30:32 sendResult......
2023/01/30 14:30:32 sendResult......
2023/01/30 14:30:32 sendResult......
2023/01/30 14:30:32 sendResult......
2023/01/30 14:30:32 sendResult......
2023/01/30 14:30:32 sendResult......
2023/01/30 14:30:32 result node id 0
2023/01/30 14:31:32 wait 60 seconds .....
2023/01/30 14:31:32 ActiveFunctions is nil, init now
2023/01/30 14:31:32 NodeFunctions is nil, init now
2023/01/30 14:31:32 NodeFunctions is nil, init now
2023/01/30 14:31:32 NodeFunctions is nil, init now
2023/01/30 14:31:32 NodeFunctions is nil, init now
2023/01/30 14:31:32 NodeFunctions is nil, init now
2023/01/30 14:31:32 NodeFunctions is nil, init now
2023/01/30 14:31:32 sendResult......
2023/01/30 14:31:32 sendResult......
2023/01/30 14:31:32 sendResult......
2023/01/30 14:31:32 sendResult......
2023/01/30 14:31:32 sendResult......
2023/01/30 14:31:32 sendResult......
2023/01/30 14:31:32 sendResult......
2023/01/30 14:31:32 sendResult......
2023/01/30 14:31:32 sendResult......
2023/01/30 14:31:32 sendResult......
2023/01/30 14:31:32 sendResult......
2023/01/30 14:31:32 sendResult......
2023/01/30 14:31:32 result node id 0
2023/01/30 14:32:32 wait 60 seconds .....
2023/01/30 14:32:32 ActiveFunctions is nil, init now
2023/01/30 14:32:32 NodeFunctions is nil, init now
2023/01/30 14:32:32 NodeFunctions is nil, init now
2023/01/30 14:32:32 NodeFunctions is nil, init now
2023/01/30 14:32:32 NodeFunctions is nil, init now
2023/01/30 14:32:32 NodeFunctions is nil, init now
2023/01/30 14:32:32 NodeFunctions is nil, init now
2023/01/30 14:32:32 sendResult......
2023/01/30 14:32:32 sendResult......
2023/01/30 14:32:32 sendResult......
2023/01/30 14:32:32 sendResult......
2023/01/30 14:32:32 sendResult......
2023/01/30 14:32:32 sendResult......
2023/01/30 14:32:32 sendResult......
2023/01/30 14:32:32 sendResult......
2023/01/30 14:32:32 sendResult......
2023/01/30 14:32:32 sendResult......
2023/01/30 14:32:32 sendResult......
2023/01/30 14:32:32 sendResult......
2023/01/30 14:32:32 result node id 0
2023/01/30 14:33:32 wait 60 seconds .....
2023/01/30 14:33:32 total Request [3567] 
2023/01/30 14:33:32 start to show phynode mem .... 
2023/01/30 14:33:32 Node%!(EXTRA int=0, string=remaining mem , float64=299.77999999999986, string=MB)
2023/01/30 14:33:32 Node%!(EXTRA int=1, string=remaining mem , float64=31.220000000000027, string=MB)
2023/01/30 14:33:32 Node%!(EXTRA int=2, string=remaining mem , float64=122.99000000000001, string=MB)
2023/01/30 14:33:32 Node%!(EXTRA int=3, string=remaining mem , float64=613.04, string=MB)
2023/01/30 14:33:32 Node%!(EXTRA int=4, string=remaining mem , float64=841.06, string=MB)
2023/01/30 14:33:32 Node%!(EXTRA int=5, string=remaining mem , float64=944.15, string=MB)
2023/01/30 14:33:32 Node%!(EXTRA int=6, string=remaining mem , float64=1000, string=MB)
2023/01/30 14:33:32 Node%!(EXTRA int=7, string=remaining mem , float64=1000, string=MB)
2023/01/30 14:33:32 Node%!(EXTRA int=8, string=remaining mem , float64=1000, string=MB)
2023/01/30 14:33:32 Node%!(EXTRA int=9, string=remaining mem , float64=841.06, string=MB)
2023/01/30 14:33:32 ActiveFunctions is empty
2023/01/30 14:33:32 show CacheMap....
2023/01/30 14:33:32 phynode id %!(EXTRA int=3, string=cache size is , int=15)
2023/01/30 14:33:32 phynode id %!(EXTRA int=5, string=cache size is , int=1)
2023/01/30 14:33:32 phynode id %!(EXTRA int=4, string=cache size is , int=30)
2023/01/30 14:33:32 phynode id %!(EXTRA int=9, string=cache size is , int=30)
2023/01/30 14:33:32 phynode id %!(EXTRA int=0, string=cache size is , int=96)
2023/01/30 14:33:32 phynode id %!(EXTRA int=1, string=cache size is , int=119)
2023/01/30 14:33:32 phynode id %!(EXTRA int=2, string=cache size is , int=90)
2023/01/30 14:33:32 ActiveFunctions is empty
2023/01/30 14:33:32 CacheMap Priority....
2023/01/30 14:33:32 Function %!(EXTRA string=container-4-21, string= Priority , float64=1)
2023/01/30 14:33:32 Function %!(EXTRA string=container-3-16, string= Priority , float64=33.25514179577784)
2023/01/30 14:33:32 Function %!(EXTRA string=container-2-12, string= Priority , float64=34.534667170001256)
2023/01/30 14:33:32 Function %!(EXTRA string=container-3-24, string= Priority , float64=49.382712693666754)
2023/01/30 14:33:32 Function %!(EXTRA string=container-1-5, string= Priority , float64=286.76544315129814)
2023/01/30 14:33:32 Function %!(EXTRA string=container-1-5, string= Priority , float64=286.76544315129814)
2023/01/30 14:33:32 Function %!(EXTRA string=container-1-5, string= Priority , float64=286.76544315129814)
2023/01/30 14:33:32 Function %!(EXTRA string=container-1-5, string= Priority , float64=286.76544315129814)
2023/01/30 14:33:32 Function %!(EXTRA string=container-1-5, string= Priority , float64=286.76544315129814)
2023/01/30 14:33:32 Function %!(EXTRA string=container-1-5, string= Priority , float64=286.76544315129814)
2023/01/30 14:33:32 Function %!(EXTRA string=container-1-5, string= Priority , float64=286.76544315129814)
2023/01/30 14:33:32 Function %!(EXTRA string=container-1-5, string= Priority , float64=286.76544315129814)
2023/01/30 14:33:32 Function %!(EXTRA string=container-1-5, string= Priority , float64=286.76544315129814)
2023/01/30 14:33:32 Function %!(EXTRA string=container-1-5, string= Priority , float64=286.76544315129814)
2023/01/30 14:33:32 Function %!(EXTRA string=container-1-5, string= Priority , float64=286.76544315129814)
2023/01/30 14:33:32 Function %!(EXTRA string=container-1-5, string= Priority , float64=286.76544315129814)
2023/01/30 14:33:32 Function %!(EXTRA string=container-1-5, string= Priority , float64=286.76544315129814)
2023/01/30 14:33:32 Function %!(EXTRA string=container-1-5, string= Priority , float64=286.76544315129814)
2023/01/30 14:33:32 Function %!(EXTRA string=container-1-5, string= Priority , float64=286.76544315129814)
2023/01/30 14:33:32 Function %!(EXTRA string=container-1-5, string= Priority , float64=286.76544315129814)
2023/01/30 14:33:32 Function %!(EXTRA string=container-1-5, string= Priority , float64=286.76544315129814)
2023/01/30 14:33:32 Function %!(EXTRA string=container-1-5, string= Priority , float64=286.76544315129814)
2023/01/30 14:33:32 Function %!(EXTRA string=container-1-5, string= Priority , float64=286.76544315129814)
2023/01/30 14:33:32 Function %!(EXTRA string=container-1-5, string= Priority , float64=286.76544315129814)
2023/01/30 14:33:32 Function %!(EXTRA string=container-1-5, string= Priority , float64=286.76544315129814)
2023/01/30 14:33:32 Function %!(EXTRA string=container-1-5, string= Priority , float64=286.76544315129814)
2023/01/30 14:33:32 Function %!(EXTRA string=container-1-5, string= Priority , float64=286.76544315129814)
2023/01/30 14:33:32 Function %!(EXTRA string=container-1-5, string= Priority , float64=286.76544315129814)
2023/01/30 14:33:32 Function %!(EXTRA string=container-1-5, string= Priority , float64=286.76544315129814)
2023/01/30 14:33:32 Function %!(EXTRA string=container-1-5, string= Priority , float64=286.76544315129814)
2023/01/30 14:33:32 Function %!(EXTRA string=container-1-5, string= Priority , float64=286.76544315129814)
2023/01/30 14:33:32 Function %!(EXTRA string=container-1-5, string= Priority , float64=286.76544315129814)
2023/01/30 14:33:32 Function %!(EXTRA string=container-1-5, string= Priority , float64=286.76544315129814)
2023/01/30 14:33:32 Function %!(EXTRA string=container-1-5, string= Priority , float64=286.76544315129814)
2023/01/30 14:33:32 Function %!(EXTRA string=container-1-5, string= Priority , float64=286.76544315129814)
2023/01/30 14:33:32 Function %!(EXTRA string=container-1-5, string= Priority , float64=286.76544315129814)
2023/01/30 14:33:32 Function %!(EXTRA string=container-1-5, string= Priority , float64=286.76544315129814)
2023/01/30 14:33:32 Function %!(EXTRA string=container-1-5, string= Priority , float64=286.76544315129814)
2023/01/30 14:33:32 Function %!(EXTRA string=container-1-5, string= Priority , float64=286.76544315129814)
2023/01/30 14:33:32 Function %!(EXTRA string=container-1-5, string= Priority , float64=286.76544315129814)
2023/01/30 14:33:32 Function %!(EXTRA string=container-1-5, string= Priority , float64=286.76544315129814)
2023/01/30 14:33:32 Function %!(EXTRA string=container-1-5, string= Priority , float64=286.76544315129814)
2023/01/30 14:33:32 Function %!(EXTRA string=container-1-5, string= Priority , float64=286.76544315129814)
2023/01/30 14:33:32 Function %!(EXTRA string=container-1-5, string= Priority , float64=286.76544315129814)
2023/01/30 14:33:32 Function %!(EXTRA string=container-1-5, string= Priority , float64=286.76544315129814)
2023/01/30 14:33:32 Function %!(EXTRA string=container-1-5, string= Priority , float64=286.76544315129814)
2023/01/30 14:33:32 Function %!(EXTRA string=container-1-5, string= Priority , float64=286.76544315129814)
2023/01/30 14:33:32 Function %!(EXTRA string=container-1-5, string= Priority , float64=286.76544315129814)
2023/01/30 14:33:32 Function %!(EXTRA string=container-1-5, string= Priority , float64=286.76544315129814)
2023/01/30 14:33:32 Function %!(EXTRA string=container-1-5, string= Priority , float64=286.76544315129814)
2023/01/30 14:33:32 Function %!(EXTRA string=container-1-5, string= Priority , float64=286.76544315129814)
2023/01/30 14:33:32 Function %!(EXTRA string=container-1-5, string= Priority , float64=286.76544315129814)
2023/01/30 14:33:32 Function %!(EXTRA string=container-1-5, string= Priority , float64=286.76544315129814)
2023/01/30 14:33:32 Function %!(EXTRA string=container-1-5, string= Priority , float64=286.76544315129814)
2023/01/30 14:33:32 Function %!(EXTRA string=container-1-5, string= Priority , float64=286.76544315129814)
2023/01/30 14:33:32 Function %!(EXTRA string=container-1-5, string= Priority , float64=286.76544315129814)
2023/01/30 14:33:32 Function %!(EXTRA string=container-1-5, string= Priority , float64=286.76544315129814)
2023/01/30 14:33:32 Function %!(EXTRA string=container-1-5, string= Priority , float64=286.76544315129814)
2023/01/30 14:33:32 Function %!(EXTRA string=container-1-5, string= Priority , float64=286.76544315129814)
2023/01/30 14:33:32 Function %!(EXTRA string=container-1-5, string= Priority , float64=286.76544315129814)
2023/01/30 14:33:32 Function %!(EXTRA string=container-1-5, string= Priority , float64=286.76544315129814)
2023/01/30 14:33:32 Function %!(EXTRA string=container-1-5, string= Priority , float64=286.76544315129814)
2023/01/30 14:33:32 Function %!(EXTRA string=container-1-5, string= Priority , float64=286.76544315129814)
2023/01/30 14:33:32 Function %!(EXTRA string=container-1-5, string= Priority , float64=286.76544315129814)
2023/01/30 14:33:32 Function %!(EXTRA string=container-1-5, string= Priority , float64=286.76544315129814)
2023/01/30 14:33:32 Function %!(EXTRA string=container-1-5, string= Priority , float64=286.76544315129814)
2023/01/30 14:33:32 Function %!(EXTRA string=container-1-5, string= Priority , float64=286.76544315129814)
2023/01/30 14:33:32 Function %!(EXTRA string=container-1-5, string= Priority , float64=286.76544315129814)
2023/01/30 14:33:32 Function %!(EXTRA string=container-1-5, string= Priority , float64=286.76544315129814)
2023/01/30 14:33:32 Function %!(EXTRA string=container-1-5, string= Priority , float64=286.76544315129814)
2023/01/30 14:33:32 Function %!(EXTRA string=container-1-5, string= Priority , float64=286.76544315129814)
2023/01/30 14:33:32 Function %!(EXTRA string=container-1-5, string= Priority , float64=286.76544315129814)
2023/01/30 14:33:32 Function %!(EXTRA string=container-1-5, string= Priority , float64=286.76544315129814)
2023/01/30 14:33:32 Function %!(EXTRA string=container-1-5, string= Priority , float64=286.76544315129814)
2023/01/30 14:33:32 Function %!(EXTRA string=container-1-5, string= Priority , float64=286.76544315129814)
2023/01/30 14:33:32 Function %!(EXTRA string=container-1-5, string= Priority , float64=286.76544315129814)
2023/01/30 14:33:32 Function %!(EXTRA string=container-1-5, string= Priority , float64=286.76544315129814)
2023/01/30 14:33:32 Function %!(EXTRA string=container-1-5, string= Priority , float64=286.76544315129814)
2023/01/30 14:33:32 Function %!(EXTRA string=container-1-5, string= Priority , float64=286.76544315129814)
2023/01/30 14:33:32 Function %!(EXTRA string=container-1-5, string= Priority , float64=286.76544315129814)
2023/01/30 14:33:32 Function %!(EXTRA string=container-1-5, string= Priority , float64=286.76544315129814)
2023/01/30 14:33:32 Function %!(EXTRA string=container-1-5, string= Priority , float64=286.76544315129814)
2023/01/30 14:33:32 Function %!(EXTRA string=container-1-5, string= Priority , float64=286.76544315129814)
2023/01/30 14:33:32 Function %!(EXTRA string=container-1-5, string= Priority , float64=286.76544315129814)
2023/01/30 14:33:32 Function %!(EXTRA string=container-1-5, string= Priority , float64=286.76544315129814)
2023/01/30 14:33:32 Function %!(EXTRA string=container-1-5, string= Priority , float64=286.76544315129814)
2023/01/30 14:33:32 Function %!(EXTRA string=container-1-5, string= Priority , float64=286.76544315129814)
2023/01/30 14:33:32 Function %!(EXTRA string=container-1-5, string= Priority , float64=286.76544315129814)
2023/01/30 14:33:32 Function %!(EXTRA string=container-1-5, string= Priority , float64=286.76544315129814)
2023/01/30 14:33:32 Function %!(EXTRA string=container-1-5, string= Priority , float64=286.76544315129814)
2023/01/30 14:33:32 Function %!(EXTRA string=container-1-5, string= Priority , float64=286.76544315129814)
2023/01/30 14:33:32 Function %!(EXTRA string=container-1-5, string= Priority , float64=286.76544315129814)
2023/01/30 14:33:32 Function %!(EXTRA string=container-1-5, string= Priority , float64=286.76544315129814)
2023/01/30 14:33:32 Function %!(EXTRA string=container-1-5, string= Priority , float64=286.76544315129814)
2023/01/30 14:33:32 Function %!(EXTRA string=container-1-5, string= Priority , float64=286.76544315129814)
2023/01/30 14:33:32 Function %!(EXTRA string=container-1-5, string= Priority , float64=286.76544315129814)
2023/01/30 14:33:32 Function %!(EXTRA string=container-1-5, string= Priority , float64=286.76544315129814)
2023/01/30 14:33:32 Function %!(EXTRA string=container-1-5, string= Priority , float64=286.76544315129814)
2023/01/30 14:33:32 Function %!(EXTRA string=container-1-5, string= Priority , float64=286.76544315129814)
2023/01/30 14:33:32 Function %!(EXTRA string=container-1-5, string= Priority , float64=286.76544315129814)
2023/01/30 14:33:32 Function %!(EXTRA string=container-1-5, string= Priority , float64=286.76544315129814)
2023/01/30 14:33:32 Function %!(EXTRA string=container-1-5, string= Priority , float64=286.76544315129814)
2023/01/30 14:33:32 Function %!(EXTRA string=container-1-5, string= Priority , float64=286.76544315129814)
2023/01/30 14:33:32 Function %!(EXTRA string=container-1-5, string= Priority , float64=286.76544315129814)
2023/01/30 14:33:32 Function %!(EXTRA string=container-1-5, string= Priority , float64=286.76544315129814)
2023/01/30 14:33:32 Function %!(EXTRA string=container-1-5, string= Priority , float64=286.76544315129814)
2023/01/30 14:33:32 Function %!(EXTRA string=container-1-5, string= Priority , float64=286.76544315129814)
2023/01/30 14:33:32 Function %!(EXTRA string=container-1-5, string= Priority , float64=286.76544315129814)
2023/01/30 14:33:32 Function %!(EXTRA string=container-1-5, string= Priority , float64=286.76544315129814)
2023/01/30 14:33:32 Function %!(EXTRA string=container-1-5, string= Priority , float64=286.76544315129814)
2023/01/30 14:33:32 Function %!(EXTRA string=container-1-5, string= Priority , float64=286.76544315129814)
2023/01/30 14:33:32 Function %!(EXTRA string=container-1-5, string= Priority , float64=286.76544315129814)
2023/01/30 14:33:32 Function %!(EXTRA string=container-1-5, string= Priority , float64=286.76544315129814)
2023/01/30 14:33:32 Function %!(EXTRA string=container-1-5, string= Priority , float64=286.76544315129814)
2023/01/30 14:33:32 Function %!(EXTRA string=container-1-5, string= Priority , float64=286.76544315129814)
2023/01/30 14:33:32 Function %!(EXTRA string=container-1-5, string= Priority , float64=286.76544315129814)
2023/01/30 14:33:32 Function %!(EXTRA string=container-1-5, string= Priority , float64=286.76544315129814)
2023/01/30 14:33:32 Function %!(EXTRA string=container-1-5, string= Priority , float64=286.76544315129814)
2023/01/30 14:33:32 Function %!(EXTRA string=container-1-5, string= Priority , float64=286.76544315129814)
2023/01/30 14:33:32 Function %!(EXTRA string=container-2-13, string= Priority , float64=1)
2023/01/30 14:33:32 Function %!(EXTRA string=container-3-19, string= Priority , float64=1)
2023/01/30 14:33:32 Function %!(EXTRA string=container-3-20, string= Priority , float64=17.12757089788892)
2023/01/30 14:33:32 Function %!(EXTRA string=container-1-6, string= Priority , float64=191.51029543419875)
2023/01/30 14:33:32 Function %!(EXTRA string=container-1-6, string= Priority , float64=191.51029543419875)
2023/01/30 14:33:32 Function %!(EXTRA string=container-1-6, string= Priority , float64=191.51029543419875)
2023/01/30 14:33:32 Function %!(EXTRA string=container-1-6, string= Priority , float64=191.51029543419875)
2023/01/30 14:33:32 Function %!(EXTRA string=container-2-13, string= Priority , float64=202.20800302000757)
2023/01/30 14:33:32 Function %!(EXTRA string=container-2-13, string= Priority , float64=202.20800302000757)
2023/01/30 14:33:32 Function %!(EXTRA string=container-2-13, string= Priority , float64=202.20800302000757)
2023/01/30 14:33:32 Function %!(EXTRA string=container-2-13, string= Priority , float64=202.20800302000757)
2023/01/30 14:33:32 Function %!(EXTRA string=container-2-13, string= Priority , float64=202.20800302000757)
2023/01/30 14:33:32 Function %!(EXTRA string=container-2-13, string= Priority , float64=202.20800302000757)
2023/01/30 14:33:32 Function %!(EXTRA string=container-2-13, string= Priority , float64=202.20800302000757)
2023/01/30 14:33:32 Function %!(EXTRA string=container-2-13, string= Priority , float64=202.20800302000757)
2023/01/30 14:33:32 Function %!(EXTRA string=container-2-13, string= Priority , float64=202.20800302000757)
2023/01/30 14:33:32 Function %!(EXTRA string=container-2-13, string= Priority , float64=202.20800302000757)
2023/01/30 14:33:32 Function %!(EXTRA string=container-2-13, string= Priority , float64=202.20800302000757)
2023/01/30 14:33:32 Function %!(EXTRA string=container-2-13, string= Priority , float64=202.20800302000757)
2023/01/30 14:33:32 Function %!(EXTRA string=container-2-13, string= Priority , float64=202.20800302000757)
2023/01/30 14:33:32 Function %!(EXTRA string=container-2-13, string= Priority , float64=202.20800302000757)
2023/01/30 14:33:32 Function %!(EXTRA string=container-2-13, string= Priority , float64=202.20800302000757)
2023/01/30 14:33:32 Function %!(EXTRA string=container-2-13, string= Priority , float64=202.20800302000757)
2023/01/30 14:33:32 Function %!(EXTRA string=container-2-13, string= Priority , float64=202.20800302000757)
2023/01/30 14:33:32 Function %!(EXTRA string=container-2-13, string= Priority , float64=202.20800302000757)
2023/01/30 14:33:32 Function %!(EXTRA string=container-2-13, string= Priority , float64=202.20800302000757)
2023/01/30 14:33:32 Function %!(EXTRA string=container-2-13, string= Priority , float64=202.20800302000757)
2023/01/30 14:33:32 Function %!(EXTRA string=container-2-13, string= Priority , float64=202.20800302000757)
2023/01/30 14:33:32 Function %!(EXTRA string=container-2-13, string= Priority , float64=202.20800302000757)
2023/01/30 14:33:32 Function %!(EXTRA string=container-2-13, string= Priority , float64=202.20800302000757)
2023/01/30 14:33:32 Function %!(EXTRA string=container-2-13, string= Priority , float64=202.20800302000757)
2023/01/30 14:33:32 Function %!(EXTRA string=container-2-13, string= Priority , float64=202.20800302000757)
2023/01/30 14:33:32 Function %!(EXTRA string=container-2-13, string= Priority , float64=202.20800302000757)
2023/01/30 14:33:32 Function %!(EXTRA string=container-2-13, string= Priority , float64=202.20800302000757)
2023/01/30 14:33:32 Function %!(EXTRA string=container-2-13, string= Priority , float64=202.20800302000757)
2023/01/30 14:33:32 Function %!(EXTRA string=container-2-13, string= Priority , float64=202.20800302000757)
2023/01/30 14:33:32 Function %!(EXTRA string=container-2-13, string= Priority , float64=202.20800302000757)
2023/01/30 14:33:32 Function %!(EXTRA string=container-2-13, string= Priority , float64=202.20800302000757)
2023/01/30 14:33:32 Function %!(EXTRA string=container-2-13, string= Priority , float64=202.20800302000757)
2023/01/30 14:33:32 Function %!(EXTRA string=container-2-13, string= Priority , float64=202.20800302000757)
2023/01/30 14:33:32 Function %!(EXTRA string=container-2-13, string= Priority , float64=202.20800302000757)
2023/01/30 14:33:32 Function %!(EXTRA string=container-2-13, string= Priority , float64=202.20800302000757)
2023/01/30 14:33:32 Function %!(EXTRA string=container-2-13, string= Priority , float64=202.20800302000757)
2023/01/30 14:33:32 Function %!(EXTRA string=container-2-13, string= Priority , float64=202.20800302000757)
2023/01/30 14:33:32 Function %!(EXTRA string=container-2-13, string= Priority , float64=202.20800302000757)
2023/01/30 14:33:32 Function %!(EXTRA string=container-2-13, string= Priority , float64=202.20800302000757)
2023/01/30 14:33:32 Function %!(EXTRA string=container-2-13, string= Priority , float64=202.20800302000757)
2023/01/30 14:33:32 Function %!(EXTRA string=container-2-13, string= Priority , float64=202.20800302000757)
2023/01/30 14:33:32 Function %!(EXTRA string=container-2-13, string= Priority , float64=202.20800302000757)
2023/01/30 14:33:32 Function %!(EXTRA string=container-2-13, string= Priority , float64=202.20800302000757)
2023/01/30 14:33:32 Function %!(EXTRA string=container-2-13, string= Priority , float64=202.20800302000757)
2023/01/30 14:33:32 Function %!(EXTRA string=container-2-13, string= Priority , float64=202.20800302000757)
2023/01/30 14:33:32 Function %!(EXTRA string=container-2-13, string= Priority , float64=202.20800302000757)
2023/01/30 14:33:32 Function %!(EXTRA string=container-2-13, string= Priority , float64=202.20800302000757)
2023/01/30 14:33:32 Function %!(EXTRA string=container-2-13, string= Priority , float64=202.20800302000757)
2023/01/30 14:33:32 Function %!(EXTRA string=container-2-13, string= Priority , float64=202.20800302000757)
2023/01/30 14:33:32 Function %!(EXTRA string=container-2-13, string= Priority , float64=202.20800302000757)
2023/01/30 14:33:32 Function %!(EXTRA string=container-2-13, string= Priority , float64=202.20800302000757)
2023/01/30 14:33:32 Function %!(EXTRA string=container-2-13, string= Priority , float64=202.20800302000757)
2023/01/30 14:33:32 Function %!(EXTRA string=container-2-13, string= Priority , float64=202.20800302000757)
2023/01/30 14:33:32 Function %!(EXTRA string=container-2-13, string= Priority , float64=202.20800302000757)
2023/01/30 14:33:32 Function %!(EXTRA string=container-2-13, string= Priority , float64=202.20800302000757)
2023/01/30 14:33:32 Function %!(EXTRA string=container-2-13, string= Priority , float64=202.20800302000757)
2023/01/30 14:33:32 Function %!(EXTRA string=container-2-13, string= Priority , float64=202.20800302000757)
2023/01/30 14:33:32 Function %!(EXTRA string=container-2-13, string= Priority , float64=202.20800302000757)
2023/01/30 14:33:32 Function %!(EXTRA string=container-2-13, string= Priority , float64=202.20800302000757)
2023/01/30 14:33:32 Function %!(EXTRA string=container-2-13, string= Priority , float64=202.20800302000757)
2023/01/30 14:33:32 Function %!(EXTRA string=container-2-13, string= Priority , float64=202.20800302000757)
2023/01/30 14:33:32 Function %!(EXTRA string=container-2-13, string= Priority , float64=202.20800302000757)
2023/01/30 14:33:32 Function %!(EXTRA string=container-2-13, string= Priority , float64=202.20800302000757)
2023/01/30 14:33:32 Function %!(EXTRA string=container-2-13, string= Priority , float64=202.20800302000757)
2023/01/30 14:33:32 Function %!(EXTRA string=container-2-13, string= Priority , float64=202.20800302000757)
2023/01/30 14:33:32 Function %!(EXTRA string=container-2-13, string= Priority , float64=202.20800302000757)
2023/01/30 14:33:32 Function %!(EXTRA string=container-2-13, string= Priority , float64=202.20800302000757)
2023/01/30 14:33:32 Function %!(EXTRA string=container-2-13, string= Priority , float64=202.20800302000757)
2023/01/30 14:33:32 Function %!(EXTRA string=container-2-13, string= Priority , float64=202.20800302000757)
2023/01/30 14:33:32 Function %!(EXTRA string=container-2-13, string= Priority , float64=202.20800302000757)
2023/01/30 14:33:32 Function %!(EXTRA string=container-2-13, string= Priority , float64=202.20800302000757)
2023/01/30 14:33:32 Function %!(EXTRA string=container-2-13, string= Priority , float64=202.20800302000757)
2023/01/30 14:33:32 Function %!(EXTRA string=container-2-13, string= Priority , float64=202.20800302000757)
2023/01/30 14:33:32 Function %!(EXTRA string=container-2-13, string= Priority , float64=202.20800302000757)
2023/01/30 14:33:32 Function %!(EXTRA string=container-2-13, string= Priority , float64=202.20800302000757)
2023/01/30 14:33:32 Function %!(EXTRA string=container-2-13, string= Priority , float64=202.20800302000757)
2023/01/30 14:33:32 Function %!(EXTRA string=container-2-13, string= Priority , float64=202.20800302000757)
2023/01/30 14:33:32 Function %!(EXTRA string=container-2-13, string= Priority , float64=202.20800302000757)
2023/01/30 14:33:32 Function %!(EXTRA string=container-2-13, string= Priority , float64=202.20800302000757)
2023/01/30 14:33:32 Function %!(EXTRA string=container-2-13, string= Priority , float64=202.20800302000757)
2023/01/30 14:33:32 Function %!(EXTRA string=container-2-13, string= Priority , float64=202.20800302000757)
2023/01/30 14:33:32 Function %!(EXTRA string=container-2-13, string= Priority , float64=202.20800302000757)
2023/01/30 14:33:32 Function %!(EXTRA string=container-2-13, string= Priority , float64=202.20800302000757)
2023/01/30 14:33:32 Function %!(EXTRA string=container-3-25, string= Priority , float64=65.51028359155568)
2023/01/30 14:33:32 Function %!(EXTRA string=container-1-7, string= Priority , float64=96.25514771709938)
2023/01/30 14:33:32 Function %!(EXTRA string=container-1-7, string= Priority , float64=96.25514771709938)
2023/01/30 14:33:32 Function %!(EXTRA string=container-1-7, string= Priority , float64=96.25514771709938)
2023/01/30 14:33:32 Function %!(EXTRA string=container-1-7, string= Priority , float64=96.25514771709938)
2023/01/30 14:33:32 Function %!(EXTRA string=container-1-7, string= Priority , float64=96.25514771709938)
2023/01/30 14:33:32 Function %!(EXTRA string=container-1-7, string= Priority , float64=96.25514771709938)
2023/01/30 14:33:32 Function %!(EXTRA string=container-1-7, string= Priority , float64=96.25514771709938)
2023/01/30 14:33:32 Function %!(EXTRA string=container-1-7, string= Priority , float64=96.25514771709938)
2023/01/30 14:33:32 Function %!(EXTRA string=container-1-7, string= Priority , float64=96.25514771709938)
2023/01/30 14:33:32 Function %!(EXTRA string=container-1-7, string= Priority , float64=96.25514771709938)
2023/01/30 14:33:32 Function %!(EXTRA string=container-1-7, string= Priority , float64=96.25514771709938)
2023/01/30 14:33:32 Function %!(EXTRA string=container-1-7, string= Priority , float64=96.25514771709938)
2023/01/30 14:33:32 Function %!(EXTRA string=container-1-7, string= Priority , float64=96.25514771709938)
2023/01/30 14:33:32 Function %!(EXTRA string=container-1-7, string= Priority , float64=96.25514771709938)
2023/01/30 14:33:32 Function %!(EXTRA string=container-1-8, string= Priority , float64=1)
2023/01/30 14:33:32 Function %!(EXTRA string=container-2-14, string= Priority , float64=202.20800302000757)
2023/01/30 14:33:32 Function %!(EXTRA string=container-2-14, string= Priority , float64=202.20800302000757)
2023/01/30 14:33:32 Function %!(EXTRA string=container-2-14, string= Priority , float64=202.20800302000757)
2023/01/30 14:33:32 Function %!(EXTRA string=container-2-14, string= Priority , float64=202.20800302000757)
2023/01/30 14:33:32 Function %!(EXTRA string=container-2-14, string= Priority , float64=202.20800302000757)
2023/01/30 14:33:32 Function %!(EXTRA string=container-2-14, string= Priority , float64=202.20800302000757)
2023/01/30 14:33:32 Function %!(EXTRA string=container-2-14, string= Priority , float64=202.20800302000757)
2023/01/30 14:33:32 Function %!(EXTRA string=container-2-14, string= Priority , float64=202.20800302000757)
2023/01/30 14:33:32 Function %!(EXTRA string=container-2-14, string= Priority , float64=202.20800302000757)
2023/01/30 14:33:32 Function %!(EXTRA string=container-2-14, string= Priority , float64=202.20800302000757)
2023/01/30 14:33:32 Function %!(EXTRA string=container-2-14, string= Priority , float64=202.20800302000757)
2023/01/30 14:33:32 Function %!(EXTRA string=container-2-14, string= Priority , float64=202.20800302000757)
2023/01/30 14:33:32 Function %!(EXTRA string=container-2-14, string= Priority , float64=202.20800302000757)
2023/01/30 14:33:32 Function %!(EXTRA string=container-2-14, string= Priority , float64=202.20800302000757)
2023/01/30 14:33:32 Function %!(EXTRA string=container-2-14, string= Priority , float64=202.20800302000757)
2023/01/30 14:33:32 Function %!(EXTRA string=container-2-14, string= Priority , float64=202.20800302000757)
2023/01/30 14:33:32 Function %!(EXTRA string=container-2-14, string= Priority , float64=202.20800302000757)
2023/01/30 14:33:32 Function %!(EXTRA string=container-2-14, string= Priority , float64=202.20800302000757)
2023/01/30 14:33:32 Function %!(EXTRA string=container-2-14, string= Priority , float64=202.20800302000757)
2023/01/30 14:33:32 Function %!(EXTRA string=container-2-14, string= Priority , float64=202.20800302000757)
2023/01/30 14:33:32 Function %!(EXTRA string=container-2-14, string= Priority , float64=202.20800302000757)
2023/01/30 14:33:32 Function %!(EXTRA string=container-2-14, string= Priority , float64=202.20800302000757)
2023/01/30 14:33:32 Function %!(EXTRA string=container-2-14, string= Priority , float64=202.20800302000757)
2023/01/30 14:33:32 Function %!(EXTRA string=container-2-14, string= Priority , float64=202.20800302000757)
2023/01/30 14:33:32 Function %!(EXTRA string=container-2-14, string= Priority , float64=202.20800302000757)
2023/01/30 14:33:32 Function %!(EXTRA string=container-2-14, string= Priority , float64=202.20800302000757)
2023/01/30 14:33:32 Function %!(EXTRA string=container-2-14, string= Priority , float64=202.20800302000757)
2023/01/30 14:33:32 Function %!(EXTRA string=container-2-14, string= Priority , float64=202.20800302000757)
2023/01/30 14:33:32 Function %!(EXTRA string=container-2-14, string= Priority , float64=202.20800302000757)
2023/01/30 14:33:32 Function %!(EXTRA string=container-2-14, string= Priority , float64=202.20800302000757)
2023/01/30 14:33:32 Function %!(EXTRA string=container-2-15, string= Priority , float64=168.67333585000628)
2023/01/30 14:33:32 Function %!(EXTRA string=container-2-15, string= Priority , float64=202.20800302000757)
2023/01/30 14:33:32 Function %!(EXTRA string=container-2-15, string= Priority , float64=202.20800302000757)
2023/01/30 14:33:32 Function %!(EXTRA string=container-2-15, string= Priority , float64=202.20800302000757)
2023/01/30 14:33:32 Function %!(EXTRA string=container-2-15, string= Priority , float64=202.20800302000757)
2023/01/30 14:33:32 Function %!(EXTRA string=container-2-15, string= Priority , float64=202.20800302000757)
2023/01/30 14:33:32 Function %!(EXTRA string=container-2-15, string= Priority , float64=202.20800302000757)
2023/01/30 14:33:32 Function %!(EXTRA string=container-2-15, string= Priority , float64=202.20800302000757)
2023/01/30 14:33:32 Function %!(EXTRA string=container-2-15, string= Priority , float64=202.20800302000757)
2023/01/30 14:33:32 Function %!(EXTRA string=container-2-15, string= Priority , float64=202.20800302000757)
2023/01/30 14:33:32 Function %!(EXTRA string=container-2-15, string= Priority , float64=202.20800302000757)
2023/01/30 14:33:32 Function %!(EXTRA string=container-2-15, string= Priority , float64=202.20800302000757)
2023/01/30 14:33:32 Function %!(EXTRA string=container-2-15, string= Priority , float64=202.20800302000757)
2023/01/30 14:33:32 Function %!(EXTRA string=container-2-15, string= Priority , float64=202.20800302000757)
2023/01/30 14:33:32 Function %!(EXTRA string=container-2-15, string= Priority , float64=202.20800302000757)
2023/01/30 14:33:32 Function %!(EXTRA string=container-2-15, string= Priority , float64=202.20800302000757)
2023/01/30 14:33:32 Function %!(EXTRA string=container-2-15, string= Priority , float64=202.20800302000757)
2023/01/30 14:33:32 Function %!(EXTRA string=container-2-15, string= Priority , float64=202.20800302000757)
2023/01/30 14:33:32 Function %!(EXTRA string=container-2-15, string= Priority , float64=202.20800302000757)
2023/01/30 14:33:32 Function %!(EXTRA string=container-2-15, string= Priority , float64=202.20800302000757)
2023/01/30 14:33:32 Function %!(EXTRA string=container-2-15, string= Priority , float64=202.20800302000757)
2023/01/30 14:33:32 Function %!(EXTRA string=container-2-15, string= Priority , float64=202.20800302000757)
2023/01/30 14:33:32 Function %!(EXTRA string=container-2-15, string= Priority , float64=202.20800302000757)
2023/01/30 14:33:32 Function %!(EXTRA string=container-2-15, string= Priority , float64=202.20800302000757)
2023/01/30 14:33:32 Function %!(EXTRA string=container-2-15, string= Priority , float64=202.20800302000757)
2023/01/30 14:33:32 Function %!(EXTRA string=container-2-15, string= Priority , float64=202.20800302000757)
2023/01/30 14:33:32 Function %!(EXTRA string=container-2-15, string= Priority , float64=202.20800302000757)
2023/01/30 14:33:32 Function %!(EXTRA string=container-2-15, string= Priority , float64=202.20800302000757)
2023/01/30 14:33:32 Function %!(EXTRA string=container-2-15, string= Priority , float64=202.20800302000757)
2023/01/30 14:33:32 Function %!(EXTRA string=container-2-15, string= Priority , float64=202.20800302000757)
2023/01/30 14:33:32 Function %!(EXTRA string=container-2-9, string= Priority , float64=68.06933434000251)
2023/01/30 14:33:32 Function %!(EXTRA string=container-2-9, string= Priority , float64=101.60400151000378)
2023/01/30 14:33:32 Function %!(EXTRA string=container-2-11, string= Priority , float64=135.13866868000503)
2023/01/30 14:33:32 Function %!(EXTRA string=container-1-4, string= Priority , float64=382.0205908683975)
2023/01/30 14:33:32 Function %!(EXTRA string=container-1-4, string= Priority , float64=477.27573858549687)
2023/01/30 14:33:32 Function %!(EXTRA string=container-1-3, string= Priority , float64=572.5308863025963)
2023/01/30 14:33:32 Function %!(EXTRA string=container-1-1, string= Priority , float64=667.7860340196956)
2023/01/30 14:33:32 Function %!(EXTRA string=container-1-1, string= Priority , float64=667.7860340196956)
2023/01/30 14:33:32 Function %!(EXTRA string=container-1-1, string= Priority , float64=667.7860340196956)
2023/01/30 14:33:32 Function %!(EXTRA string=container-1-1, string= Priority , float64=667.7860340196956)
2023/01/30 14:33:32 Function %!(EXTRA string=container-1-1, string= Priority , float64=667.7860340196956)
2023/01/30 14:33:32 Function %!(EXTRA string=container-1-1, string= Priority , float64=667.7860340196956)
2023/01/30 14:33:32 Function %!(EXTRA string=container-1-1, string= Priority , float64=667.7860340196956)
2023/01/30 14:33:32 Function %!(EXTRA string=container-1-1, string= Priority , float64=667.7860340196956)
2023/01/30 14:33:32 Function %!(EXTRA string=container-1-1, string= Priority , float64=667.7860340196956)
2023/01/30 14:33:32 Function %!(EXTRA string=container-1-1, string= Priority , float64=667.7860340196956)
2023/01/30 14:33:32 Function %!(EXTRA string=container-1-1, string= Priority , float64=667.7860340196956)
2023/01/30 14:33:32 Function %!(EXTRA string=container-1-1, string= Priority , float64=667.7860340196956)
2023/01/30 14:33:32 Function %!(EXTRA string=container-1-1, string= Priority , float64=667.7860340196956)
2023/01/30 14:33:32 Function %!(EXTRA string=container-1-1, string= Priority , float64=667.7860340196956)
2023/01/30 14:33:32 Function %!(EXTRA string=container-1-1, string= Priority , float64=667.7860340196956)
2023/01/30 14:33:32 Function %!(EXTRA string=container-1-1, string= Priority , float64=667.7860340196956)
2023/01/30 14:33:32 Function %!(EXTRA string=container-1-1, string= Priority , float64=667.7860340196956)
2023/01/30 14:33:32 Function %!(EXTRA string=container-1-1, string= Priority , float64=667.7860340196956)
2023/01/30 14:33:32 Function %!(EXTRA string=container-1-1, string= Priority , float64=667.7860340196956)
2023/01/30 14:33:32 Function %!(EXTRA string=container-1-1, string= Priority , float64=667.7860340196956)
2023/01/30 14:33:32 Function %!(EXTRA string=container-1-1, string= Priority , float64=667.7860340196956)
2023/01/30 14:33:32 Function %!(EXTRA string=container-1-1, string= Priority , float64=667.7860340196956)
2023/01/30 14:33:32 Function %!(EXTRA string=container-1-1, string= Priority , float64=667.7860340196956)
2023/01/30 14:33:32 Function %!(EXTRA string=container-1-1, string= Priority , float64=667.7860340196956)
2023/01/30 14:33:32 Function %!(EXTRA string=container-1-1, string= Priority , float64=667.7860340196956)
2023/01/30 14:33:32 Function %!(EXTRA string=container-1-1, string= Priority , float64=667.7860340196956)
2023/01/30 14:33:32 Function %!(EXTRA string=container-1-1, string= Priority , float64=667.7860340196956)
2023/01/30 14:33:32 Function %!(EXTRA string=container-1-1, string= Priority , float64=667.7860340196956)
2023/01/30 14:33:32 Function %!(EXTRA string=container-1-1, string= Priority , float64=667.7860340196956)
2023/01/30 14:33:32 Function %!(EXTRA string=container-1-1, string= Priority , float64=667.7860340196956)
2023/01/30 14:33:32 Function %!(EXTRA string=container-1-1, string= Priority , float64=667.7860340196956)
2023/01/30 14:33:32 Function %!(EXTRA string=container-1-1, string= Priority , float64=667.7860340196956)
2023/01/30 14:33:32 Function %!(EXTRA string=container-1-1, string= Priority , float64=667.7860340196956)
2023/01/30 14:33:32 Function %!(EXTRA string=container-1-1, string= Priority , float64=667.7860340196956)
2023/01/30 14:33:32 Function %!(EXTRA string=container-1-1, string= Priority , float64=667.7860340196956)
2023/01/30 14:33:32 Function %!(EXTRA string=container-1-1, string= Priority , float64=667.7860340196956)
2023/01/30 14:33:32 Function %!(EXTRA string=container-1-1, string= Priority , float64=667.7860340196956)
2023/01/30 14:33:32 Function %!(EXTRA string=container-1-1, string= Priority , float64=667.7860340196956)
2023/01/30 14:33:32 Function %!(EXTRA string=container-1-1, string= Priority , float64=667.7860340196956)
2023/01/30 14:33:32 Function %!(EXTRA string=container-1-1, string= Priority , float64=667.7860340196956)
2023/01/30 14:33:32 Function %!(EXTRA string=container-1-1, string= Priority , float64=667.7860340196956)
2023/01/30 14:33:32 Function %!(EXTRA string=container-1-1, string= Priority , float64=667.7860340196956)
2023/01/30 14:33:32 Function %!(EXTRA string=container-1-1, string= Priority , float64=667.7860340196956)
2023/01/30 14:33:32 Function %!(EXTRA string=container-1-1, string= Priority , float64=667.7860340196956)
2023/01/30 14:33:32 Function %!(EXTRA string=container-1-1, string= Priority , float64=667.7860340196956)
2023/01/30 14:33:32 Function %!(EXTRA string=container-1-1, string= Priority , float64=667.7860340196956)
2023/01/30 14:33:32 Function %!(EXTRA string=container-1-1, string= Priority , float64=667.7860340196956)
2023/01/30 14:33:32 Function %!(EXTRA string=container-1-1, string= Priority , float64=667.7860340196956)
2023/01/30 14:33:32 Function %!(EXTRA string=container-1-1, string= Priority , float64=667.7860340196956)
2023/01/30 14:33:32 Function %!(EXTRA string=container-1-1, string= Priority , float64=667.7860340196956)
2023/01/30 14:33:32 Function %!(EXTRA string=container-1-1, string= Priority , float64=667.7860340196956)
2023/01/30 14:33:32 Function %!(EXTRA string=container-1-1, string= Priority , float64=667.7860340196956)
2023/01/30 14:33:32 Function %!(EXTRA string=container-1-1, string= Priority , float64=667.7860340196956)
2023/01/30 14:33:32 Function %!(EXTRA string=container-1-1, string= Priority , float64=667.7860340196956)
2023/01/30 14:33:32 Function %!(EXTRA string=container-1-1, string= Priority , float64=667.7860340196956)
2023/01/30 14:33:32 Function %!(EXTRA string=container-1-1, string= Priority , float64=667.7860340196956)
2023/01/30 14:33:32 Function %!(EXTRA string=container-1-1, string= Priority , float64=667.7860340196956)
2023/01/30 14:33:32 Function %!(EXTRA string=container-1-1, string= Priority , float64=667.7860340196956)
2023/01/30 14:33:32 Function %!(EXTRA string=container-1-1, string= Priority , float64=667.7860340196956)
2023/01/30 14:33:32 Function %!(EXTRA string=container-1-1, string= Priority , float64=667.7860340196956)
2023/01/30 14:33:32 Function %!(EXTRA string=container-1-1, string= Priority , float64=667.7860340196956)
2023/01/30 14:33:32 Function %!(EXTRA string=container-1-1, string= Priority , float64=667.7860340196956)
2023/01/30 14:33:32 Function %!(EXTRA string=container-1-1, string= Priority , float64=667.7860340196956)
2023/01/30 14:33:32 Function %!(EXTRA string=container-1-1, string= Priority , float64=667.7860340196956)
2023/01/30 14:33:32 Function %!(EXTRA string=container-1-1, string= Priority , float64=667.7860340196956)
2023/01/30 14:33:32 Function %!(EXTRA string=container-1-1, string= Priority , float64=667.7860340196956)
2023/01/30 14:33:32 Function %!(EXTRA string=container-1-1, string= Priority , float64=667.7860340196956)
2023/01/30 14:33:32 Function %!(EXTRA string=container-1-1, string= Priority , float64=667.7860340196956)
2023/01/30 14:33:32 Function %!(EXTRA string=container-1-1, string= Priority , float64=667.7860340196956)
2023/01/30 14:33:32 Function %!(EXTRA string=container-1-1, string= Priority , float64=667.7860340196956)
2023/01/30 14:33:32 Function %!(EXTRA string=container-1-1, string= Priority , float64=667.7860340196956)
2023/01/30 14:33:32 Function %!(EXTRA string=container-1-1, string= Priority , float64=667.7860340196956)
2023/01/30 14:33:32 Function %!(EXTRA string=container-1-1, string= Priority , float64=667.7860340196956)
2023/01/30 14:33:32 Function %!(EXTRA string=container-1-1, string= Priority , float64=667.7860340196956)
2023/01/30 14:33:32 Function %!(EXTRA string=container-1-1, string= Priority , float64=667.7860340196956)
2023/01/30 14:33:32 Function %!(EXTRA string=container-1-1, string= Priority , float64=667.7860340196956)
2023/01/30 14:33:32 Function %!(EXTRA string=container-1-1, string= Priority , float64=667.7860340196956)
2023/01/30 14:33:32 Function %!(EXTRA string=container-1-1, string= Priority , float64=667.7860340196956)
2023/01/30 14:33:32 Function %!(EXTRA string=container-1-1, string= Priority , float64=667.7860340196956)
2023/01/30 14:33:32 Function %!(EXTRA string=container-1-1, string= Priority , float64=667.7860340196956)
2023/01/30 14:33:32 Function %!(EXTRA string=container-1-1, string= Priority , float64=667.7860340196956)
2023/01/30 14:33:32 Function %!(EXTRA string=container-1-1, string= Priority , float64=667.7860340196956)
2023/01/30 14:33:32 Function %!(EXTRA string=container-1-1, string= Priority , float64=667.7860340196956)
2023/01/30 14:33:32 Function %!(EXTRA string=container-1-1, string= Priority , float64=667.7860340196956)
2023/01/30 14:33:32 Function %!(EXTRA string=container-1-1, string= Priority , float64=667.7860340196956)
2023/01/30 14:33:32 Function %!(EXTRA string=container-1-1, string= Priority , float64=667.7860340196956)
2023/01/30 14:33:32 Function %!(EXTRA string=container-1-1, string= Priority , float64=667.7860340196956)
2023/01/30 14:33:32 Function %!(EXTRA string=container-1-1, string= Priority , float64=667.7860340196956)
2023/01/30 14:33:32 Function %!(EXTRA string=container-1-1, string= Priority , float64=667.7860340196956)
2023/01/30 14:33:32 Function %!(EXTRA string=container-1-1, string= Priority , float64=667.7860340196956)
2023/01/30 14:33:32 All algorithm finished............
2023/01/30 14:33:45 Successfully assigned container-2-14-00001-deployment-f47c4998b-jt9vh to kworker-4
2023/01/30 14:36:19 EOF
2023/01/30 14:38:45 Successfully assigned container-2-14-00001-deployment-f47c4998b-92cr6 to kworker-4
2023/01/30 14:43:45 Successfully assigned container-2-14-00001-deployment-f47c4998b-69ggv to kworker-4
