INFO:root:receive Post
INFO:root:receive Post
INFO:root:send_request
INFO:root:receive Post
INFO:root:send_request
INFO:root:receive Post
INFO:root:send_request
INFO:root:receive Post
INFO:root:send_request
INFO:root:receive Post
INFO:root:send_request
INFO:root:receive Post
INFO:root:send_request
INFO:root:receive Post
INFO:root:send_request
INFO:root:receive Post
INFO:root:send_request
INFO:root:receive Post
INFO:root:send_request
INFO:root:receive Post
INFO:root:send_request
INFO:root:receive Post
INFO:root:send_request
INFO:root:receive Post
INFO:root:send_request
INFO:root:receive Post
INFO:root:send_request
INFO:root:receive Post
INFO:root:send_request
INFO:root:receive Post
INFO:root:send_request
INFO:root:receive Post
INFO:root:send_request
INFO:root:receive Post
INFO:root:send_request
INFO:root:receive Post
INFO:root:send_request
INFO:root:receive Post
INFO:root:send_request
INFO:root:receive Post
INFO:root:send_request
INFO:root:receive Post
INFO:root:send_request
INFO:root:receive Post
INFO:root:send_request
INFO:root:receive Post
INFO:root:send_request
INFO:root:receive Post
INFO:root:send_request
INFO:root:receive Post
INFO:root:send_request
INFO:root:receive Post
INFO:root:send_request
INFO:root:receive Post
INFO:root:send_request
INFO:root:receive Post
INFO:root:send_request
INFO:root:receive Post
INFO:root:send_request
INFO:root:receive Post
INFO:root:send_request
INFO:root:receive Post
INFO:root:send_request
INFO:root:receive Post
INFO:root:send_request
INFO:root:receive Post
INFO:root:send_request
INFO:root:receive Post
INFO:root:send_request
INFO:root:receive Post
INFO:root:send_request
INFO:root:receive Post
INFO:root:send_request
INFO:root:receive Post
INFO:root:send_request
INFO:root:receive Post
INFO:root:send_request
INFO:root:receive Post
INFO:root:send_request
INFO:root:receive Post
INFO:root:send_request
INFO:root:receive Post
INFO:root:send_request
INFO:root:receive Post
INFO:root:send_request
INFO:root:receive Post
INFO:root:send_request
INFO:root:receive Post
INFO:root:send_request
INFO:root:receive Post
INFO:root:send_request
INFO:root:receive Post
INFO:root:send_request
INFO:root:receive Post
INFO:root:send_request
INFO:root:receive Post
INFO:root:send_request
INFO:root:receive Post
INFO:root:send_request
INFO:root:receive Post
INFO:root:send_request
INFO:root:receive Post
INFO:root:send_request
INFO:root:receive Post
INFO:root:send_request
INFO:root:receive Post
INFO:root:send_request
INFO:root:receive Post
INFO:root:send_request
INFO:root:receive Post
INFO:root:send_request
INFO:root:receive Post
INFO:root:send_request
INFO:root:receive Post
INFO:root:send_request
INFO:root:receive Post
INFO:root:send_request
INFO:root:receive Post
INFO:root:send_request
INFO:root:receive Post
INFO:root:send_request
INFO:root:receive Post
INFO:root:send_request
INFO:root:receive Post
INFO:root:send_request
INFO:root:receive Post
INFO:root:send_request
INFO:root:receive Post
INFO:root:send_request
INFO:root:receive Post
INFO:root:send_request
INFO:root:receive Post
INFO:root:send_request
INFO:root:receive Post
INFO:root:send_request
INFO:root:receive Post
INFO:root:send_request
INFO:root:receive Post
INFO:root:send_request
INFO:root:receive Post
INFO:root:send_request
INFO:root:receive Post
INFO:root:send_request
INFO:root:receive Post
INFO:root:send_request
INFO:root:receive Post
INFO:root:send_request
INFO:root:receive Post
INFO:root:send_request
INFO:root:receive Post
INFO:root:send_request
INFO:root:receive Post
INFO:root:send_request
INFO:root:receive Post
INFO:root:send_request
INFO:root:receive Post
INFO:root:send_request
INFO:root:receive Post
INFO:root:send_request
INFO:root:receive Post
INFO:root:send_request
INFO:root:receive Post
INFO:root:send_request
INFO:root:receive Post
INFO:root:send_request
INFO:root:receive Post
INFO:root:send_request
INFO:root:receive Post
INFO:root:send_request
INFO:root:receive Post
INFO:root:send_request
INFO:root:receive Post
INFO:root:send_request
INFO:root:receive Post
INFO:root:send_request
INFO:root:receive Post
INFO:root:send_request
INFO:root:receive Post
INFO:root:send_request
INFO:root:receive Post
INFO:root:send_request
INFO:root:receive Post
INFO:root:send_request
INFO:root:receive Post
INFO:root:send_request
INFO:root:receive Post
INFO:root:send_request
INFO:root:receive Post
INFO:root:send_request
INFO:root:receive Post
INFO:root:send_request
INFO:root:receive Post
INFO:root:send_request
INFO:root:receive Post
INFO:root:send_request
INFO:root:receive Post
INFO:root:send_request
INFO:root:receive Post
INFO:root:send_request
INFO:root:receive Post
INFO:root:send_request
INFO:root:receive Post
INFO:root:send_request
INFO:root:receive Post
INFO:root:send_request
INFO:root:receive Post
INFO:root:send_request
INFO:root:receive Post
INFO:root:send_request
INFO:root:receive Post
INFO:root:send_request
INFO:root:receive Post
INFO:root:send_request
INFO:root:receive Post
INFO:root:send_request
INFO:root:receive Post
INFO:root:send_request
INFO:root:receive Post
INFO:root:send_request
INFO:root:receive Post
INFO:root:send_request
INFO:root:receive Post
INFO:root:send_request
INFO:root:receive Post
INFO:root:send_request
INFO:root:receive Post
INFO:root:send_request
INFO:root:receive Post
INFO:root:send_request
INFO:root:receive Post
INFO:root:send_request
INFO:root:receive Post
INFO:root:send_request
INFO:root:receive Post
INFO:root:send_request
INFO:root:receive Post
INFO:root:send_request
INFO:root:receive Post
INFO:root:send_request
INFO:root:receive Post
INFO:root:send_request
INFO:root:receive Post
INFO:root:send_request
INFO:root:receive Post
INFO:root:send_request
INFO:root:receive Post
INFO:root:send_request
INFO:root:receive Post
INFO:root:send_request
INFO:root:receive Post
INFO:root:send_request
INFO:root:receive Post
INFO:root:send_request
INFO:root:receive Post
INFO:root:send_request
INFO:root:receive Post
INFO:root:send_request
INFO:root:receive Post
INFO:root:send_request
INFO:root:receive Post
INFO:root:send_request
INFO:root:receive Post
INFO:root:send_request
INFO:root:receive Post
INFO:root:send_request
INFO:root:receive Post
INFO:root:send_request
INFO:root:receive Post
INFO:root:send_request
INFO:root:receive Post
INFO:root:send_request
INFO:root:receive Post
INFO:root:send_request
INFO:root:receive Post
INFO:root:send_request
INFO:root:receive Post
INFO:root:send_request
INFO:root:receive Post
INFO:root:send_request
INFO:root:receive Post
INFO:root:send_request
INFO:root:receive Post
INFO:root:send_request
INFO:root:receive Post
INFO:root:send_request
INFO:root:receive Post
INFO:root:send_request
INFO:root:receive Post
INFO:root:send_request
INFO:root:receive Post
INFO:root:send_request
INFO:root:receive Post
INFO:root:send_request
INFO:root:receive Post
INFO:root:send_request
INFO:root:receive Post
INFO:root:send_request
INFO:root:receive Post
INFO:root:send_request
INFO:root:receive Post
INFO:root:send_request
INFO:root:receive Post
INFO:root:send_request
INFO:root:receive Post
INFO:root:send_request
INFO:root:receive Post
INFO:root:send_request
INFO:root:receive Post
INFO:root:send_request
INFO:root:receive Post
INFO:root:send_request
INFO:root:receive Post
INFO:root:send_request
INFO:root:receive Post
INFO:root:send_request
INFO:root:receive Post
INFO:root:send_request
INFO:root:receive Post
INFO:root:send_request
INFO:root:receive Post
INFO:root:send_request
INFO:root:receive Post
INFO:root:send_request
INFO:root:receive Post
INFO:root:send_request
INFO:root:receive Post
INFO:root:send_request
INFO:root:receive Post
INFO:root:send_request
INFO:root:receive Post
INFO:root:send_request
INFO:root:receive Post
INFO:root:send_request
INFO:root:receive Post
INFO:root:send_request
INFO:root:receive Post
INFO:root:send_request
INFO:root:receive Post
INFO:root:send_request
INFO:root:receive Post
INFO:root:send_request
INFO:root:receive Post
INFO:root:send_request
INFO:root:receive Post
INFO:root:send_request
INFO:root:receive Post
INFO:root:send_request
INFO:root:receive Post
INFO:root:send_request
INFO:root:receive Post
INFO:root:send_request
INFO:root:receive Post
INFO:root:send_request
INFO:root:receive Post
INFO:root:send_request
INFO:root:receive Post
INFO:root:send_request
INFO:root:receive Post
INFO:root:send_request
INFO:root:receive Post
INFO:root:send_request
INFO:root:receive Post
INFO:root:send_request
INFO:root:receive Post
INFO:root:send_request
INFO:root:receive Post
INFO:root:send_request
INFO:root:receive Post
INFO:root:send_request
INFO:root:receive Post
INFO:root:send_request
INFO:root:receive Post
INFO:root:send_request
INFO:root:receive Post
INFO:root:send_request
INFO:root:receive Post
INFO:root:send_request
INFO:root:receive Post
INFO:root:send_request
INFO:root:receive Post
INFO:root:send_request
INFO:root:receive Post
INFO:root:send_request
INFO:root:receive Post
INFO:root:send_request
INFO:root:receive Post
INFO:root:send_request
INFO:root:receive Post
INFO:root:send_request
INFO:root:receive Post
INFO:root:send_request
INFO:root:receive Post
INFO:root:send_request
INFO:root:receive Post
INFO:root:send_request
INFO:root:receive Post
INFO:root:send_request
INFO:root:receive Post
INFO:root:send_request
INFO:root:receive Post
INFO:root:send_request
INFO:root:receive Post
INFO:root:send_request
INFO:root:receive Post
INFO:root:send_request
INFO:root:receive Post
INFO:root:send_request
INFO:root:receive Post
INFO:root:send_request
INFO:root:receive Post
INFO:root:send_request
INFO:root:receive Post
INFO:root:send_request
INFO:root:receive Post
INFO:root:send_request
INFO:root:receive Post
INFO:root:send_request
INFO:root:receive Post
INFO:root:send_request
INFO:root:receive Post
INFO:root:send_request
INFO:root:receive Post
INFO:root:send_request
INFO:root:receive Post
INFO:root:send_request
INFO:root:receive Post
INFO:root:send_request
INFO:root:receive Post
INFO:root:send_request
INFO:root:receive Post
INFO:root:send_request
INFO:root:receive Post
INFO:root:send_request
INFO:root:receive Post
INFO:root:send_request
INFO:root:receive Post
INFO:root:send_request
INFO:root:receive Post
INFO:root:send_request
INFO:root:receive Post
INFO:root:send_request
INFO:root:receive Post
INFO:root:send_request
INFO:root:receive Post
INFO:root:send_request
INFO:root:receive Post
INFO:root:send_request
INFO:root:receive Post
INFO:root:send_request
INFO:root:receive Post
INFO:root:send_request
INFO:root:receive Post
INFO:root:send_request
INFO:root:receive Post
INFO:root:send_request
INFO:root:receive Post
INFO:root:send_request
INFO:root:receive Post
INFO:root:send_request
INFO:root:receive Post
INFO:root:send_request
INFO:root:receive Post
INFO:root:send_request
INFO:root:receive Post
INFO:root:send_request
INFO:root:receive Post
INFO:root:send_request
INFO:root:receive Post
INFO:root:send_request
INFO:root:receive Post
INFO:root:send_request
INFO:root:receive Post
INFO:root:send_request
INFO:root:receive Post
INFO:root:send_request
INFO:root:receive Post
INFO:root:send_request
INFO:root:receive Post
INFO:root:send_request
INFO:root:receive Post
INFO:root:send_request
INFO:root:receive Post
INFO:root:send_request
INFO:root:receive Post
INFO:root:send_request
INFO:root:receive Post
INFO:root:send_request
INFO:root:receive Post
INFO:root:send_request
INFO:root:receive Post
INFO:root:send_request
INFO:root:receive Post
INFO:root:send_request
INFO:root:receive Post
INFO:root:send_request
INFO:root:receive Post
INFO:root:send_request
INFO:root:receive Post
INFO:root:send_request
INFO:root:receive Post
INFO:root:send_request
INFO:root:receive Post
INFO:root:send_request
INFO:root:receive Post
INFO:root:send_request
INFO:root:receive Post
INFO:root:send_request
INFO:root:receive Post
INFO:root:send_request
INFO:root:receive Post
INFO:root:send_request
INFO:root:receive Post
INFO:root:send_request
INFO:root:receive Post
INFO:root:send_request
INFO:root:receive Post
INFO:root:send_request
INFO:root:receive Post
INFO:root:send_request
INFO:root:receive Post
INFO:root:send_request
INFO:root:receive Post
INFO:root:send_request
INFO:root:receive Post
INFO:root:send_request
INFO:root:receive Post
INFO:root:send_request
INFO:root:receive Post
INFO:root:send_request
INFO:root:receive Post
INFO:root:send_request
INFO:root:receive Post
INFO:root:send_request
INFO:root:receive Post
INFO:root:send_request
INFO:root:receive Post
INFO:root:send_request
INFO:root:receive Post
INFO:root:send_request
INFO:root:receive Post
INFO:root:send_request
INFO:root:receive Post
INFO:root:send_request
INFO:root:receive Post
INFO:root:send_request
INFO:root:receive Post
INFO:root:send_request
INFO:root:receive Post
INFO:root:send_request
INFO:root:receive Post
INFO:root:send_request
INFO:root:receive Post
INFO:root:send_request
INFO:root:receive Post
INFO:root:send_request
INFO:root:receive Post
INFO:root:send_request
INFO:root:receive Post
INFO:root:send_request
INFO:root:receive Post
INFO:root:send_request
INFO:root:receive Post
INFO:root:send_request
INFO:root:receive Post
INFO:root:send_request
INFO:root:receive Post
INFO:root:send_request
INFO:root:receive Post
INFO:root:send_request
INFO:root:receive Post
INFO:root:send_request
INFO:root:receive Post
INFO:root:send_request
INFO:root:receive Post
INFO:root:send_request
INFO:root:receive Post
INFO:root:send_request
INFO:root:receive Post
INFO:root:send_request
INFO:root:receive Post
INFO:root:send_request
INFO:root:receive Post
INFO:root:send_request
INFO:root:receive Post
INFO:root:send_request
INFO:root:receive Post
INFO:root:send_request
INFO:root:receive Post
INFO:root:send_request
INFO:root:receive Post
INFO:root:send_request
INFO:root:receive Post
INFO:root:send_request
INFO:root:receive Post
INFO:root:send_request
INFO:root:receive Post
INFO:root:send_request
INFO:root:receive Post
INFO:root:send_request
INFO:root:receive Post
INFO:root:send_request
INFO:root:receive Post
INFO:root:send_request
INFO:root:receive Post
INFO:root:send_request
INFO:root:receive Post
INFO:root:send_request
INFO:root:receive Post
INFO:root:send_request
INFO:root:receive Post
INFO:root:send_request
INFO:root:receive Post
INFO:root:send_request
INFO:root:receive Post
INFO:root:send_request
INFO:root:receive Post
INFO:root:send_request
INFO:root:receive Post
INFO:root:send_request
INFO:root:receive Post
INFO:root:send_request
INFO:root:receive Post
INFO:root:send_request
INFO:root:receive Post
INFO:root:send_request
INFO:root:receive Post
INFO:root:send_request
INFO:root:receive Post
INFO:root:send_request
INFO:root:receive Post
INFO:root:send_request
INFO:root:receive Post
INFO:root:send_request
INFO:root:receive Post
INFO:root:send_request
INFO:root:receive Post
INFO:root:send_request
INFO:root:receive Post
INFO:root:send_request
INFO:root:receive Post
INFO:root:send_request
INFO:root:receive Post
INFO:root:send_request
INFO:root:receive Post
INFO:root:send_request
INFO:root:receive Post
INFO:root:send_request
INFO:root:receive Post
INFO:root:send_request
INFO:root:receive Post
INFO:root:send_request
INFO:root:receive Post
INFO:root:send_request
INFO:root:receive Post
INFO:root:send_request
INFO:root:receive Post
INFO:root:send_request
INFO:root:receive Post
INFO:root:send_request
INFO:root:receive Post
INFO:root:send_request
INFO:root:receive Post
INFO:root:send_request
INFO:root:receive Post
INFO:root:send_request
INFO:root:receive Post
INFO:root:send_request
INFO:root:receive Post
INFO:root:send_request
INFO:root:receive Post
INFO:root:send_request
INFO:root:receive Post
INFO:root:send_request
INFO:root:receive Post
INFO:root:send_request
INFO:root:receive Post
INFO:root:send_request
INFO:root:receive Post
INFO:root:send_request
INFO:root:receive Post
INFO:root:send_request
INFO:root:receive Post
INFO:root:send_request
INFO:root:receive Post
INFO:root:send_request
INFO:root:receive Post
INFO:root:send_request
INFO:root:receive Post
INFO:root:send_request
INFO:root:receive Post
INFO:root:send_request
INFO:root:receive Post
INFO:root:send_request
INFO:root:receive Post
INFO:root:send_request
INFO:root:receive Post
INFO:root:send_request
INFO:root:receive Post
INFO:root:send_request
INFO:root:receive Post
INFO:root:send_request
INFO:root:receive Post
INFO:root:send_request
INFO:root:receive Post
INFO:root:send_request
WARNING:root:Get reponse
WARNING:root:The distance is 0.462395 km
WARNING:root:Request 1, link_delay 0.000000, runtime is 0.068873, total_delay 0.068873
INFO:root:receive Post
INFO:root:send_request
WARNING:root:Get reponse
WARNING:root:The distance is 0.465673 km
WARNING:root:Request 2, link_delay 0.000000, runtime is 0.063304, total_delay 0.063304
INFO:root:receive Post
INFO:root:send_request
WARNING:root:Get reponse
WARNING:root:The distance is 0.546134 km
WARNING:root:Request 3, link_delay 0.000000, runtime is 0.065408, total_delay 0.065408
INFO:root:receive Post
INFO:root:send_request
WARNING:root:Get reponse
WARNING:root:The distance is 0.475955 km
WARNING:root:Request 4, link_delay 0.000000, runtime is 0.072502, total_delay 0.072502
INFO:root:receive Post
INFO:root:send_request
WARNING:root:Get reponse
WARNING:root:The distance is 0.463173 km
WARNING:root:Request 5, link_delay 0.000000, runtime is 0.073765, total_delay 0.073765
WARNING:root:Get reponse
WARNING:root:The distance is 0.496709 km
WARNING:root:Request 6, link_delay 0.000000, runtime is 0.064734, total_delay 0.064734
INFO:root:receive Post
INFO:root:send_request
INFO:root:receive Post
INFO:root:send_request
WARNING:root:Get reponse
WARNING:root:The distance is 0.454287 km
WARNING:root:Request 7, link_delay 0.000000, runtime is 0.078423, total_delay 0.078423
INFO:root:receive Post
INFO:root:send_request
WARNING:root:Get reponse
WARNING:root:The distance is 0.462395 km
WARNING:root:Request 10, link_delay 0.000000, runtime is 0.051651, total_delay 0.051651
INFO:root:receive Post
INFO:root:send_request
WARNING:root:Get reponse
WARNING:root:The distance is 1.416436 km
WARNING:root:Request 8, link_delay 0.000000, runtime is 0.113923, total_delay 0.113923
INFO:root:receive Post
INFO:root:send_request
WARNING:root:Get reponse
WARNING:root:The distance is 1.502911 km
WARNING:root:Request 9, link_delay 0.000000, runtime is 0.104710, total_delay 0.104710
WARNING:root:Get reponse
WARNING:root:The distance is 0.289012 km
WARNING:root:Request 12, link_delay 0.000000, runtime is 0.047492, total_delay 0.047492
INFO:root:receive Post
INFO:root:send_request
WARNING:root:Get reponse
WARNING:root:The distance is 0.000000 km
WARNING:root:Request 13, link_delay 0.000000, runtime is 0.049540, total_delay 0.049540
INFO:root:receive Post
INFO:root:send_request
WARNING:root:Get reponse
WARNING:root:The distance is 0.736444 km
WARNING:root:Request 14, link_delay 0.000000, runtime is 0.051719, total_delay 0.051719
INFO:root:receive Post
INFO:root:send_request
WARNING:root:Get reponse
WARNING:root:The distance is 1.037225 km
WARNING:root:Request 2026, link_delay 0.000000, runtime is 0.048765, total_delay 0.048765
WARNING:root:Get reponse
WARNING:root:The distance is 0.655745 km
WARNING:root:Request 11, link_delay 0.000000, runtime is 0.137671, total_delay 0.137671
INFO:root:receive Post
INFO:root:send_request
WARNING:root:Get reponse
WARNING:root:The distance is 1.383124 km
WARNING:root:Request 2027, link_delay 0.000000, runtime is 0.048276, total_delay 0.048276
INFO:root:receive Post
INFO:root:send_request
INFO:root:receive Post
INFO:root:send_request
INFO:root:receive Post
INFO:root:send_request
WARNING:root:Get reponse
WARNING:root:The distance is 0.964818 km
WARNING:root:Request 2028, link_delay 0.000000, runtime is 0.102243, total_delay 0.102243
INFO:root:receive Post
INFO:root:send_request
INFO:root:receive Post
INFO:root:send_request
INFO:root:receive Post
INFO:root:send_request
INFO:root:receive Post
INFO:root:send_request
INFO:root:receive Post
INFO:root:send_request
INFO:root:receive Post
INFO:root:send_request
INFO:root:receive Post
INFO:root:send_request
INFO:root:receive Post
INFO:root:send_request
WARNING:root:Get reponse
WARNING:root:The distance is 0.465673 km
WARNING:root:Request 15, link_delay 0.000000, runtime is 0.033535, total_delay 0.033535
INFO:root:receive Post
INFO:root:send_request
INFO:root:receive Post
INFO:root:send_request
WARNING:root:Get reponse
WARNING:root:The distance is 0.546134 km
WARNING:root:Request 16, link_delay 0.000000, runtime is 0.044769, total_delay 0.044769
INFO:root:receive Post
INFO:root:send_request
WARNING:root:Get reponse
WARNING:root:The distance is 0.738817 km
WARNING:root:Request 17, link_delay 0.000000, runtime is 0.046446, total_delay 0.046446
INFO:root:receive Post
INFO:root:send_request
WARNING:root:Get reponse
WARNING:root:The distance is 1.037771 km
WARNING:root:Request 18, link_delay 0.000000, runtime is 0.048574, total_delay 0.048574
INFO:root:receive Post
INFO:root:send_request
WARNING:root:Get reponse
WARNING:root:The distance is 0.653065 km
WARNING:root:Request 19, link_delay 0.000000, runtime is 0.048094, total_delay 0.048094
INFO:root:receive Post
INFO:root:send_request
WARNING:root:Get reponse
WARNING:root:The distance is 1.088643 km
WARNING:root:Request 20, link_delay 0.000000, runtime is 0.060888, total_delay 0.060888
INFO:root:receive Post
INFO:root:send_request
INFO:root:receive Post
INFO:root:send_request
WARNING:root:Get reponse
WARNING:root:The distance is 0.288002 km
WARNING:root:Request 21, link_delay 0.000000, runtime is 0.074496, total_delay 0.074496
WARNING:root:Get reponse
WARNING:root:The distance is 0.462395 km
WARNING:root:Request 2030, link_delay 0.000000, runtime is 0.047172, total_delay 0.047172
INFO:root:receive Post
INFO:root:send_request
WARNING:root:Get reponse
WARNING:root:The distance is 0.000000 km
WARNING:root:Request 2031, link_delay 0.000000, runtime is 0.043759, total_delay 0.043759
INFO:root:receive Post
INFO:root:send_request
WARNING:root:Get reponse
WARNING:root:The distance is 1.502911 km
WARNING:root:Request 2029, link_delay 0.000000, runtime is 0.100428, total_delay 0.100428
INFO:root:receive Post
INFO:root:send_request
INFO:root:receive Post
INFO:root:send_request
INFO:root:receive Post
INFO:root:send_request
INFO:root:receive Post
INFO:root:send_request
INFO:root:receive Post
INFO:root:send_request
INFO:root:receive Post
INFO:root:send_request
INFO:root:receive Post
INFO:root:send_request
WARNING:root:Get reponse
WARNING:root:The distance is 1.037225 km
WARNING:root:Request 22, link_delay 0.000000, runtime is 0.045429, total_delay 0.045429
WARNING:root:Get reponse
WARNING:root:The distance is 1.383124 km
WARNING:root:Request 23, link_delay 0.000000, runtime is 0.042428, total_delay 0.042428
WARNING:root:Get reponse
WARNING:root:The distance is 1.416436 km
WARNING:root:Request 24, link_delay 0.000000, runtime is 0.075220, total_delay 0.075220
WARNING:root:Get reponse
WARNING:root:The distance is 0.655745 km
WARNING:root:Request 26, link_delay 0.000000, runtime is 0.046832, total_delay 0.046832
WARNING:root:Get reponse
WARNING:root:The distance is 1.393180 km
WARNING:root:Request 25, link_delay 0.000000, runtime is 0.072621, total_delay 0.072621
WARNING:root:Get reponse
WARNING:root:The distance is 0.575783 km
WARNING:root:Request 27, link_delay 0.000000, runtime is 0.039603, total_delay 0.039603
WARNING:root:Get reponse
WARNING:root:The distance is 0.968594 km
WARNING:root:Request 28, link_delay 0.000000, runtime is 0.047670, total_delay 0.047670
WARNING:root:Get reponse
WARNING:root:The distance is 0.738817 km
WARNING:root:Request 2032, link_delay 0.000000, runtime is 0.046616, total_delay 0.046616
WARNING:root:Get reponse
WARNING:root:The distance is 0.928844 km
WARNING:root:Request 2033, link_delay 0.000000, runtime is 0.046230, total_delay 0.046230
WARNING:root:Get reponse
WARNING:root:The distance is 0.653065 km
WARNING:root:Request 2034, link_delay 0.000000, runtime is 0.043346, total_delay 0.043346
WARNING:root:Get reponse
WARNING:root:The distance is 0.462395 km
WARNING:root:Request 29, link_delay 0.000000, runtime is 0.047052, total_delay 0.047052
WARNING:root:Get reponse
WARNING:root:The distance is 0.465673 km
WARNING:root:Request 30, link_delay 0.000000, runtime is 0.034276, total_delay 0.034276
WARNING:root:Get reponse
WARNING:root:The distance is 0.546134 km
WARNING:root:Request 31, link_delay 0.000000, runtime is 0.045384, total_delay 0.045384
WARNING:root:Get reponse
WARNING:root:The distance is 0.475955 km
WARNING:root:Request 32, link_delay 0.000000, runtime is 0.045501, total_delay 0.045501
WARNING:root:Get reponse
WARNING:root:The distance is 0.463173 km
WARNING:root:Request 33, link_delay 0.000000, runtime is 0.048372, total_delay 0.048372
WARNING:root:Get reponse
WARNING:root:The distance is 0.481413 km
WARNING:root:Request 34, link_delay 0.000000, runtime is 0.043494, total_delay 0.043494
WARNING:root:Get reponse
WARNING:root:The distance is 0.578744 km
WARNING:root:Request 35, link_delay 0.000000, runtime is 0.046290, total_delay 0.046290
WARNING:root:Get reponse
WARNING:root:The distance is 1.416436 km
WARNING:root:Request 2035, link_delay 0.000000, runtime is 0.069745, total_delay 0.069745
WARNING:root:Get reponse
WARNING:root:The distance is 0.655745 km
WARNING:root:Request 2037, link_delay 0.000000, runtime is 0.045320, total_delay 0.045320
WARNING:root:Get reponse
WARNING:root:The distance is 1.502911 km
WARNING:root:Request 2036, link_delay 0.000000, runtime is 0.070459, total_delay 0.070459
WARNING:root:Get reponse
WARNING:root:The distance is 0.738817 km
WARNING:root:Request 36, link_delay 0.000000, runtime is 0.066106, total_delay 0.066106
WARNING:root:Get reponse
WARNING:root:The distance is 0.928844 km
WARNING:root:Request 37, link_delay 0.000000, runtime is 0.052573, total_delay 0.052573
WARNING:root:Get reponse
WARNING:root:The distance is 1.037225 km
WARNING:root:Request 38, link_delay 0.000000, runtime is 0.050411, total_delay 0.050411
WARNING:root:Get reponse
WARNING:root:The distance is 1.459600 km
WARNING:root:Request 39, link_delay 0.000000, runtime is 0.049067, total_delay 0.049067
WARNING:root:Get reponse
WARNING:root:The distance is 0.964818 km
WARNING:root:Request 40, link_delay 0.000000, runtime is 0.068619, total_delay 0.068619
WARNING:root:Get reponse
WARNING:root:The distance is 1.393180 km
WARNING:root:Request 42, link_delay 0.000000, runtime is 0.044413, total_delay 0.044413
WARNING:root:Get reponse
WARNING:root:The distance is 0.926559 km
WARNING:root:Request 41, link_delay 0.000000, runtime is 0.070422, total_delay 0.070422
WARNING:root:Get reponse
WARNING:root:The distance is 0.465673 km
WARNING:root:Request 2038, link_delay 0.000000, runtime is 0.044075, total_delay 0.044075
WARNING:root:Get reponse
WARNING:root:The distance is 0.546134 km
WARNING:root:Request 2039, link_delay 0.000000, runtime is 0.044914, total_delay 0.044914
WARNING:root:Get reponse
WARNING:root:The distance is 0.575783 km
WARNING:root:Request 2040, link_delay 0.000000, runtime is 0.044751, total_delay 0.044751
WARNING:root:Get reponse
WARNING:root:The distance is 1.383124 km
WARNING:root:Request 43, link_delay 0.000000, runtime is 0.045644, total_delay 0.045644
WARNING:root:Get reponse
WARNING:root:The distance is 1.416436 km
WARNING:root:Request 44, link_delay 0.000000, runtime is 0.067202, total_delay 0.067202
WARNING:root:Get reponse
WARNING:root:The distance is 0.000000 km
WARNING:root:Request 46, link_delay 0.000000, runtime is 0.044571, total_delay 0.044571
WARNING:root:Get reponse
WARNING:root:The distance is 1.502911 km
WARNING:root:Request 45, link_delay 0.000000, runtime is 0.076731, total_delay 0.076731
WARNING:root:Get reponse
WARNING:root:The distance is 0.000000 km
WARNING:root:Request 47, link_delay 0.000000, runtime is 0.050854, total_delay 0.050854
WARNING:root:Get reponse
WARNING:root:The distance is 0.286774 km
WARNING:root:Request 48, link_delay 0.000000, runtime is 0.050698, total_delay 0.050698
WARNING:root:Get reponse
WARNING:root:The distance is 0.926559 km
WARNING:root:Request 49, link_delay 0.000000, runtime is 0.046858, total_delay 0.046858
WARNING:root:Get reponse
WARNING:root:The distance is 0.928844 km
WARNING:root:Request 2041, link_delay 0.000000, runtime is 0.042500, total_delay 0.042500
WARNING:root:Get reponse
WARNING:root:The distance is 1.037225 km
WARNING:root:Request 2042, link_delay 0.000000, runtime is 0.043278, total_delay 0.043278
WARNING:root:Get reponse
WARNING:root:The distance is 0.917457 km
WARNING:root:Request 2043, link_delay 0.000000, runtime is 0.042107, total_delay 0.042107
WARNING:root:Get reponse
WARNING:root:The distance is 1.502911 km
WARNING:root:Request 2890, link_delay 0.000000, runtime is 1.739653, total_delay 1.739653
WARNING:root:Get reponse
WARNING:root:The distance is 0.465673 km
WARNING:root:Request 50, link_delay 0.000000, runtime is 0.043546, total_delay 0.043546
WARNING:root:Get reponse
WARNING:root:The distance is 0.546134 km
WARNING:root:Request 51, link_delay 0.000000, runtime is 0.043159, total_delay 0.043159
WARNING:root:Get reponse
WARNING:root:The distance is 0.000000 km
WARNING:root:Request 2891, link_delay 0.000000, runtime is 1.830554, total_delay 1.830554
WARNING:root:Get reponse
WARNING:root:The distance is 0.738817 km
WARNING:root:Request 52, link_delay 0.000000, runtime is 0.045648, total_delay 0.045648
WARNING:root:Get reponse
WARNING:root:The distance is 1.037771 km
WARNING:root:Request 53, link_delay 0.000000, runtime is 0.048212, total_delay 0.048212
WARNING:root:Get reponse
WARNING:root:The distance is 0.653065 km
WARNING:root:Request 54, link_delay 0.000000, runtime is 0.048609, total_delay 0.048609
WARNING:root:Get reponse
WARNING:root:The distance is 1.088643 km
WARNING:root:Request 55, link_delay 0.000000, runtime is 0.046454, total_delay 0.046454
WARNING:root:Get reponse
WARNING:root:The distance is 0.288002 km
WARNING:root:Request 56, link_delay 0.000000, runtime is 0.071223, total_delay 0.071223
WARNING:root:Get reponse
WARNING:root:The distance is 0.462395 km
WARNING:root:Request 2045, link_delay 0.000000, runtime is 0.044329, total_delay 0.044329
WARNING:root:Get reponse
WARNING:root:The distance is 1.502911 km
WARNING:root:Request 2044, link_delay 0.000000, runtime is 0.072230, total_delay 0.072230
WARNING:root:Get reponse
WARNING:root:The distance is 0.000000 km
WARNING:root:Request 2046, link_delay 0.000000, runtime is 0.049106, total_delay 0.049106
WARNING:root:Get reponse
WARNING:root:The distance is 0.546134 km
WARNING:root:Request 2892, link_delay 0.000000, runtime is 1.603550, total_delay 1.603550
WARNING:root:Get reponse
WARNING:root:The distance is 1.037225 km
WARNING:root:Request 57, link_delay 0.000000, runtime is 0.045403, total_delay 0.045403
WARNING:root:Get reponse
WARNING:root:The distance is 0.738817 km
WARNING:root:Request 2893, link_delay 0.000000, runtime is 1.637822, total_delay 1.637822
WARNING:root:Get reponse
WARNING:root:The distance is 1.383124 km
WARNING:root:Request 58, link_delay 0.000000, runtime is 0.042953, total_delay 0.042953
WARNING:root:Get reponse
WARNING:root:The distance is 0.463173 km
WARNING:root:Request 2894, link_delay 0.000000, runtime is 1.678335, total_delay 1.678335
WARNING:root:Get reponse
WARNING:root:The distance is 1.416436 km
WARNING:root:Request 59, link_delay 0.000000, runtime is 0.075105, total_delay 0.075105
WARNING:root:Get reponse
WARNING:root:The distance is 0.655745 km
WARNING:root:Request 61, link_delay 0.000000, runtime is 0.047224, total_delay 0.047224
WARNING:root:Get reponse
WARNING:root:The distance is 1.393180 km
WARNING:root:Request 60, link_delay 0.000000, runtime is 0.073984, total_delay 0.073984
WARNING:root:Get reponse
WARNING:root:The distance is 0.575783 km
WARNING:root:Request 62, link_delay 0.000000, runtime is 0.047222, total_delay 0.047222
WARNING:root:Get reponse
WARNING:root:The distance is 0.968594 km
WARNING:root:Request 63, link_delay 0.000000, runtime is 0.050367, total_delay 0.050367
WARNING:root:Get reponse
WARNING:root:The distance is 0.738817 km
WARNING:root:Request 2047, link_delay 0.000000, runtime is 0.043046, total_delay 0.043046
WARNING:root:Get reponse
WARNING:root:The distance is 0.928844 km
WARNING:root:Request 2048, link_delay 0.000000, runtime is 0.045095, total_delay 0.045095
WARNING:root:Get reponse
WARNING:root:The distance is 0.653065 km
WARNING:root:Request 2049, link_delay 0.000000, runtime is 0.044590, total_delay 0.044590
WARNING:root:Get reponse
WARNING:root:The distance is 0.462395 km
WARNING:root:Request 64, link_delay 0.000000, runtime is 0.045384, total_delay 0.045384
WARNING:root:Get reponse
WARNING:root:The distance is 0.465673 km
WARNING:root:Request 65, link_delay 0.000000, runtime is 0.045320, total_delay 0.045320
WARNING:root:Get reponse
WARNING:root:The distance is 0.546134 km
WARNING:root:Request 66, link_delay 0.000000, runtime is 0.045124, total_delay 0.045124
WARNING:root:Get reponse
WARNING:root:The distance is 1.383124 km
WARNING:root:Request 2895, link_delay 0.000000, runtime is 1.629130, total_delay 1.629130
WARNING:root:Get reponse
WARNING:root:The distance is 1.416436 km
WARNING:root:Request 2896, link_delay 0.000000, runtime is 1.611226, total_delay 1.611226
WARNING:root:Get reponse
WARNING:root:The distance is 0.475955 km
WARNING:root:Request 67, link_delay 0.000000, runtime is 0.045143, total_delay 0.045143
WARNING:root:Get reponse
WARNING:root:The distance is 0.463173 km
WARNING:root:Request 68, link_delay 0.000000, runtime is 0.047893, total_delay 0.047893
WARNING:root:Get reponse
WARNING:root:The distance is 0.481413 km
WARNING:root:Request 69, link_delay 0.000000, runtime is 0.048106, total_delay 0.048106
WARNING:root:Get reponse
WARNING:root:The distance is 0.578744 km
WARNING:root:Request 70, link_delay 0.000000, runtime is 0.046264, total_delay 0.046264
WARNING:root:Get reponse
WARNING:root:The distance is 1.416436 km
WARNING:root:Request 2050, link_delay 0.000000, runtime is 0.069705, total_delay 0.069705
WARNING:root:Get reponse
WARNING:root:The distance is 1.086956 km
WARNING:root:Request 2897, link_delay 0.000000, runtime is 1.729669, total_delay 1.729669
WARNING:root:Get reponse
WARNING:root:The distance is 1.502911 km
WARNING:root:Request 2051, link_delay 0.000000, runtime is 0.071561, total_delay 0.071561
WARNING:root:Get reponse
WARNING:root:The distance is 0.655745 km
WARNING:root:Request 2052, link_delay 0.000000, runtime is 0.051646, total_delay 0.051646
WARNING:root:Get reponse
WARNING:root:The distance is 0.928844 km
WARNING:root:Request 71, link_delay 0.000000, runtime is 0.045791, total_delay 0.045791
WARNING:root:Get reponse
WARNING:root:The distance is 1.037225 km
WARNING:root:Request 72, link_delay 0.000000, runtime is 0.047857, total_delay 0.047857
WARNING:root:Get reponse
WARNING:root:The distance is 1.383124 km
WARNING:root:Request 73, link_delay 0.000000, runtime is 0.047390, total_delay 0.047390
WARNING:root:Get reponse
WARNING:root:The distance is 1.398155 km
WARNING:root:Request 74, link_delay 0.000000, runtime is 0.073768, total_delay 0.073768
WARNING:root:Get reponse
WARNING:root:The distance is 0.494114 km
WARNING:root:Request 2899, link_delay 0.000000, runtime is 1.620903, total_delay 1.620903
WARNING:root:Get reponse
WARNING:root:Get reponse
WARNING:root:The distance is 1.086956 km
WARNING:root:The distance is 0.475955 km
WARNING:root:Request 75, link_delay 0.000000, runtime is 0.072194, total_delay 0.072194
WARNING:root:Request 76, link_delay 0.000000, runtime is 0.048681, total_delay 0.048681
WARNING:root:Get reponse
WARNING:root:The distance is 0.546134 km
WARNING:root:Request 2053, link_delay 0.000000, runtime is 0.042764, total_delay 0.042764
WARNING:root:Get reponse
WARNING:root:The distance is 1.086956 km
WARNING:root:Request 77, link_delay 0.000000, runtime is 0.080106, total_delay 0.080106
WARNING:root:Get reponse
WARNING:root:The distance is 0.738817 km
WARNING:root:Request 2054, link_delay 0.000000, runtime is 0.043077, total_delay 0.043077
WARNING:root:Get reponse
WARNING:root:The distance is 1.037771 km
WARNING:root:Request 2055, link_delay 0.000000, runtime is 0.051231, total_delay 0.051231
WARNING:root:Get reponse
WARNING:root:The distance is 0.496709 km
WARNING:root:Request 2056, link_delay 0.000000, runtime is 0.043098, total_delay 0.043098
WARNING:root:Get reponse
WARNING:root:The distance is 0.462395 km
WARNING:root:Request 78, link_delay 0.000000, runtime is 0.042572, total_delay 0.042572
WARNING:root:Get reponse
WARNING:root:The distance is 0.465673 km
WARNING:root:Request 79, link_delay 0.000000, runtime is 0.068426, total_delay 0.068426
WARNING:root:Get reponse
WARNING:root:The distance is 0.546134 km
WARNING:root:Request 80, link_delay 0.000000, runtime is 0.049791, total_delay 0.049791
WARNING:root:Get reponse
WARNING:root:The distance is 0.475955 km
WARNING:root:Request 81, link_delay 0.000000, runtime is 0.045430, total_delay 0.045430
WARNING:root:Get reponse
WARNING:root:The distance is 0.463173 km
WARNING:root:Request 82, link_delay 0.000000, runtime is 0.051654, total_delay 0.051654
WARNING:root:Get reponse
WARNING:root:The distance is 0.481413 km
WARNING:root:Request 83, link_delay 0.000000, runtime is 0.042794, total_delay 0.042794
WARNING:root:Get reponse
WARNING:root:The distance is 0.578744 km
WARNING:root:Request 84, link_delay 0.000000, runtime is 0.041333, total_delay 0.041333
WARNING:root:Get reponse
WARNING:root:The distance is 0.929341 km
WARNING:root:Request 2901, link_delay 0.000000, runtime is 1.654235, total_delay 1.654235
WARNING:root:Get reponse
WARNING:root:The distance is 1.416436 km
WARNING:root:Request 2057, link_delay 0.000000, runtime is 0.068445, total_delay 0.068445
WARNING:root:Get reponse
WARNING:root:The distance is 0.928844 km
WARNING:root:Request 2900, link_delay 0.000000, runtime is 1.717165, total_delay 1.717165
WARNING:root:Get reponse
WARNING:root:The distance is 0.655745 km
WARNING:root:Request 2059, link_delay 0.000000, runtime is 0.042984, total_delay 0.042984
WARNING:root:Get reponse
WARNING:root:The distance is 1.502911 km
WARNING:root:Request 2058, link_delay 0.000000, runtime is 0.070486, total_delay 0.070486
WARNING:root:Get reponse
WARNING:root:The distance is 0.928844 km
WARNING:root:Request 85, link_delay 0.000000, runtime is 0.048862, total_delay 0.048862
WARNING:root:Get reponse
WARNING:root:The distance is 1.037225 km
WARNING:root:Request 86, link_delay 0.000000, runtime is 0.046024, total_delay 0.046024
WARNING:root:Get reponse
WARNING:root:The distance is 1.383124 km
WARNING:root:Request 87, link_delay 0.000000, runtime is 0.048376, total_delay 0.048376
WARNING:root:Get reponse
WARNING:root:The distance is 1.416436 km
WARNING:root:Request 2902, link_delay 0.000000, runtime is 1.626758, total_delay 1.626758
WARNING:root:Get reponse
WARNING:root:The distance is 1.398155 km
WARNING:root:Request 88, link_delay 0.000000, runtime is 0.071107, total_delay 0.071107
WARNING:root:Get reponse
WARNING:root:The distance is 1.086956 km
WARNING:root:Request 89, link_delay 0.000000, runtime is 0.075993, total_delay 0.075993
WARNING:root:Get reponse
WARNING:root:The distance is 0.475955 km
WARNING:root:Request 90, link_delay 0.000000, runtime is 0.062147, total_delay 0.062147
WARNING:root:Get reponse
WARNING:root:The distance is 1.502911 km
WARNING:root:Request 2903, link_delay 0.000000, runtime is 1.690305, total_delay 1.690305
WARNING:root:Get reponse
WARNING:root:The distance is 0.546134 km
WARNING:root:Request 2060, link_delay 0.000000, runtime is 0.055246, total_delay 0.055246
WARNING:root:Get reponse
WARNING:root:The distance is 1.086956 km
WARNING:root:Request 91, link_delay 0.000000, runtime is 0.090658, total_delay 0.090658
WARNING:root:Get reponse
WARNING:root:The distance is 0.738817 km
WARNING:root:Request 2061, link_delay 0.000000, runtime is 0.056184, total_delay 0.056184
WARNING:root:Get reponse
WARNING:root:The distance is 0.463173 km
WARNING:root:Request 2062, link_delay 0.000000, runtime is 0.046260, total_delay 0.046260
WARNING:root:Get reponse
WARNING:root:The distance is 0.655745 km
WARNING:root:Request 2904, link_delay 0.000000, runtime is 1.753078, total_delay 1.753078
WARNING:root:Get reponse
WARNING:root:The distance is 0.465673 km
WARNING:root:Request 2898, link_delay 0.000000, runtime is 2.367668, total_delay 2.367668
WARNING:root:Get reponse
WARNING:root:The distance is 0.462395 km
WARNING:root:Request 93, link_delay 0.000000, runtime is 0.048579, total_delay 0.048579
WARNING:root:Get reponse
WARNING:root:The distance is 1.502911 km
WARNING:root:Request 92, link_delay 0.000000, runtime is 0.079547, total_delay 0.079547
WARNING:root:Get reponse
WARNING:root:The distance is 0.465673 km
WARNING:root:Request 94, link_delay 0.000000, runtime is 0.066411, total_delay 0.066411
WARNING:root:Get reponse
WARNING:root:The distance is 0.494114 km
WARNING:root:Request 95, link_delay 0.000000, runtime is 0.054998, total_delay 0.054998
WARNING:root:Get reponse
WARNING:root:The distance is 0.546134 km
WARNING:root:Request 2905, link_delay 0.000000, runtime is 1.642399, total_delay 1.642399
WARNING:root:Get reponse
WARNING:root:The distance is 0.738817 km
WARNING:root:Request 2906, link_delay 0.000000, runtime is 1.623296, total_delay 1.623296
WARNING:root:Get reponse
WARNING:root:The distance is 0.575783 km
WARNING:root:Request 96, link_delay 0.000000, runtime is 0.055968, total_delay 0.055968
WARNING:root:Get reponse
WARNING:root:The distance is 0.742102 km
WARNING:root:Request 97, link_delay 0.000000, runtime is 0.052283, total_delay 0.052283
WARNING:root:Get reponse
WARNING:root:The distance is 0.473286 km
WARNING:root:Request 98, link_delay 0.000000, runtime is 0.057371, total_delay 0.057371
WARNING:root:Get reponse
WARNING:root:The distance is 1.383124 km
WARNING:root:Request 2063, link_delay 0.000000, runtime is 0.051716, total_delay 0.051716
WARNING:root:Get reponse
WARNING:root:The distance is 0.463173 km
WARNING:root:Request 2907, link_delay 0.000000, runtime is 1.700471, total_delay 1.700471
WARNING:root:Get reponse
WARNING:root:The distance is 1.416436 km
WARNING:root:Request 2064, link_delay 0.000000, runtime is 0.071239, total_delay 0.071239
WARNING:root:Get reponse
WARNING:root:The distance is 1.086956 km
WARNING:root:Request 2065, link_delay 0.000000, runtime is 0.075298, total_delay 0.075298
WARNING:root:Get reponse
WARNING:root:The distance is 0.738817 km
WARNING:root:Request 99, link_delay 0.000000, runtime is 0.047666, total_delay 0.047666
WARNING:root:Get reponse
WARNING:root:The distance is 0.928844 km
WARNING:root:Request 100, link_delay 0.000000, runtime is 0.044638, total_delay 0.044638
WARNING:root:Get reponse
WARNING:root:The distance is 1.037225 km
WARNING:root:Request 101, link_delay 0.000000, runtime is 0.042581, total_delay 0.042581
WARNING:root:Get reponse
WARNING:root:The distance is 1.459600 km
WARNING:root:Request 102, link_delay 0.000000, runtime is 0.043630, total_delay 0.043630
WARNING:root:Get reponse
WARNING:root:The distance is 1.416436 km
WARNING:root:Request 2909, link_delay 0.000000, runtime is 1.603276, total_delay 1.603276
WARNING:root:Get reponse
WARNING:root:The distance is 1.383124 km
WARNING:root:Request 2908, link_delay 0.000000, runtime is 1.631535, total_delay 1.631535
WARNING:root:Get reponse
WARNING:root:The distance is 0.964818 km
WARNING:root:Request 103, link_delay 0.000000, runtime is 0.066091, total_delay 0.066091
WARNING:root:Get reponse
WARNING:root:The distance is 1.393180 km
WARNING:root:Request 105, link_delay 0.000000, runtime is 0.043581, total_delay 0.043581
WARNING:root:Get reponse
WARNING:root:The distance is 0.926559 km
WARNING:root:Request 104, link_delay 0.000000, runtime is 0.081451, total_delay 0.081451
WARNING:root:Get reponse
WARNING:root:The distance is 0.465673 km
WARNING:root:Request 2066, link_delay 0.000000, runtime is 0.048647, total_delay 0.048647
WARNING:root:Get reponse
WARNING:root:The distance is 0.546134 km
WARNING:root:Request 2067, link_delay 0.000000, runtime is 0.046444, total_delay 0.046444
WARNING:root:Get reponse
WARNING:root:The distance is 0.575783 km
WARNING:root:Request 2068, link_delay 0.000000, runtime is 0.047665, total_delay 0.047665
WARNING:root:Get reponse
WARNING:root:The distance is 1.086956 km
WARNING:root:Request 2910, link_delay 0.000000, runtime is 1.717962, total_delay 1.717962
WARNING:root:Get reponse
WARNING:root:The distance is 1.416436 km
WARNING:root:Request 106, link_delay 0.000000, runtime is 0.075708, total_delay 0.075708
WARNING:root:Get reponse
WARNING:root:The distance is 0.462395 km
WARNING:root:Request 108, link_delay 0.000000, runtime is 0.041800, total_delay 0.041800
WARNING:root:Get reponse
WARNING:root:The distance is 1.502911 km
WARNING:root:Request 107, link_delay 0.000000, runtime is 0.075023, total_delay 0.075023
WARNING:root:Get reponse
WARNING:root:The distance is 0.655745 km
WARNING:root:Request 109, link_delay 0.000000, runtime is 0.068493, total_delay 0.068493
WARNING:root:Get reponse
WARNING:root:The distance is 0.289012 km
WARNING:root:Request 110, link_delay 0.000000, runtime is 0.047534, total_delay 0.047534
WARNING:root:Get reponse
WARNING:root:The distance is 0.000000 km
WARNING:root:Request 111, link_delay 0.000000, runtime is 0.046049, total_delay 0.046049
WARNING:root:Get reponse
WARNING:root:The distance is 0.736444 km
WARNING:root:Request 112, link_delay 0.000000, runtime is 0.052594, total_delay 0.052594
WARNING:root:Get reponse
WARNING:root:The distance is 0.546134 km
WARNING:root:Request 2912, link_delay 0.000000, runtime is 1.657253, total_delay 1.657253
WARNING:root:Get reponse
WARNING:root:The distance is 1.037225 km
WARNING:root:Request 2069, link_delay 0.000000, runtime is 0.043555, total_delay 0.043555
WARNING:root:Get reponse
WARNING:root:The distance is 1.383124 km
WARNING:root:Request 2070, link_delay 0.000000, runtime is 0.041209, total_delay 0.041209
WARNING:root:Get reponse
WARNING:root:The distance is 0.575783 km
WARNING:root:Request 2913, link_delay 0.000000, runtime is 1.671449, total_delay 1.671449
WARNING:root:Get reponse
WARNING:root:The distance is 0.964818 km
WARNING:root:Request 2071, link_delay 0.000000, runtime is 0.074604, total_delay 0.074604
WARNING:root:Get reponse
WARNING:root:The distance is 0.546134 km
WARNING:root:Request 113, link_delay 0.000000, runtime is 0.043823, total_delay 0.043823
WARNING:root:Get reponse
WARNING:root:The distance is 0.738817 km
WARNING:root:Request 114, link_delay 0.000000, runtime is 0.047361, total_delay 0.047361
WARNING:root:Get reponse
WARNING:root:The distance is 0.928844 km
WARNING:root:Request 115, link_delay 0.000000, runtime is 0.046071, total_delay 0.046071
WARNING:root:Get reponse
WARNING:root:The distance is 0.929341 km
WARNING:root:Request 116, link_delay 0.000000, runtime is 0.045956, total_delay 0.045956
WARNING:root:Get reponse
WARNING:root:The distance is 0.917457 km
WARNING:root:Request 117, link_delay 0.000000, runtime is 0.051653, total_delay 0.051653
WARNING:root:Get reponse
WARNING:root:The distance is 1.416436 km
WARNING:root:Request 2915, link_delay 0.000000, runtime is 1.606050, total_delay 1.606050
WARNING:root:Get reponse
WARNING:root:The distance is 1.383124 km
WARNING:root:Request 2914, link_delay 0.000000, runtime is 1.650005, total_delay 1.650005
WARNING:root:Get reponse
WARNING:root:The distance is 0.969300 km
WARNING:root:Request 118, link_delay 0.000000, runtime is 0.077688, total_delay 0.077688
WARNING:root:Get reponse
WARNING:root:The distance is 0.462395 km
WARNING:root:Request 2072, link_delay 0.000000, runtime is 0.046690, total_delay 0.046690
WARNING:root:Get reponse
WARNING:root:The distance is 0.000000 km
WARNING:root:Request 119, link_delay 0.000000, runtime is 0.074075, total_delay 0.074075
WARNING:root:Get reponse
WARNING:root:The distance is 0.465673 km
WARNING:root:Request 2073, link_delay 0.000000, runtime is 0.049808, total_delay 0.049808
WARNING:root:Get reponse
WARNING:root:The distance is 0.289012 km
WARNING:root:Request 2074, link_delay 0.000000, runtime is 0.044628, total_delay 0.044628
WARNING:root:Get reponse
WARNING:root:The distance is 1.086956 km
WARNING:root:Request 2916, link_delay 0.000000, runtime is 1.693742, total_delay 1.693742
WARNING:root:Get reponse
WARNING:root:The distance is 1.383124 km
WARNING:root:Request 120, link_delay 0.000000, runtime is 0.042640, total_delay 0.042640
WARNING:root:Get reponse
WARNING:root:The distance is 1.416436 km
WARNING:root:Request 121, link_delay 0.000000, runtime is 0.066156, total_delay 0.066156
WARNING:root:Get reponse
WARNING:root:The distance is 0.000000 km
WARNING:root:Request 123, link_delay 0.000000, runtime is 0.047515, total_delay 0.047515
WARNING:root:Get reponse
WARNING:root:The distance is 1.502911 km
WARNING:root:Request 122, link_delay 0.000000, runtime is 0.070900, total_delay 0.070900
WARNING:root:Get reponse
WARNING:root:The distance is 0.000000 km
WARNING:root:Request 124, link_delay 0.000000, runtime is 0.071764, total_delay 0.071764
WARNING:root:Get reponse
WARNING:root:The distance is 0.286774 km
WARNING:root:Request 125, link_delay 0.000000, runtime is 0.053402, total_delay 0.053402
WARNING:root:Get reponse
WARNING:root:The distance is 0.926559 km
WARNING:root:Request 126, link_delay 0.000000, runtime is 0.047177, total_delay 0.047177
WARNING:root:Get reponse
WARNING:root:The distance is 0.546134 km
WARNING:root:Request 2918, link_delay 0.000000, runtime is 1.651716, total_delay 1.651716
WARNING:root:Get reponse
WARNING:root:The distance is 0.928844 km
WARNING:root:Request 2075, link_delay 0.000000, runtime is 0.046938, total_delay 0.046938
WARNING:root:Get reponse
WARNING:root:The distance is 1.037225 km
WARNING:root:Request 2076, link_delay 0.000000, runtime is 0.045422, total_delay 0.045422
WARNING:root:Get reponse
WARNING:root:The distance is 0.575783 km
WARNING:root:Request 2919, link_delay 0.000000, runtime is 1.659231, total_delay 1.659231
WARNING:root:Get reponse
WARNING:root:The distance is 0.917457 km
WARNING:root:Request 2077, link_delay 0.000000, runtime is 0.042818, total_delay 0.042818
WARNING:root:Get reponse
WARNING:root:The distance is 0.465673 km
WARNING:root:Request 127, link_delay 0.000000, runtime is 0.060258, total_delay 0.060258
WARNING:root:Get reponse
WARNING:root:The distance is 0.546134 km
WARNING:root:Request 128, link_delay 0.000000, runtime is 0.043645, total_delay 0.043645
WARNING:root:Get reponse
WARNING:root:The distance is 0.738817 km
WARNING:root:Request 129, link_delay 0.000000, runtime is 0.045825, total_delay 0.045825
WARNING:root:Get reponse
WARNING:root:The distance is 1.037771 km
WARNING:root:Request 130, link_delay 0.000000, runtime is 0.051759, total_delay 0.051759
WARNING:root:Get reponse
WARNING:root:The distance is 0.653065 km
WARNING:root:Request 131, link_delay 0.000000, runtime is 0.046083, total_delay 0.046083
WARNING:root:Get reponse
WARNING:root:The distance is 0.964818 km
WARNING:root:Request 2922, link_delay 0.000000, runtime is 1.591259, total_delay 1.591259
WARNING:root:Get reponse
WARNING:root:The distance is 1.088643 km
WARNING:root:Request 132, link_delay 0.000000, runtime is 0.047513, total_delay 0.047513
WARNING:root:Get reponse
WARNING:root:The distance is 1.037225 km
WARNING:root:Request 2920, link_delay 0.000000, runtime is 1.654029, total_delay 1.654029
WARNING:root:Get reponse
WARNING:root:The distance is 0.288002 km
WARNING:root:Request 133, link_delay 0.000000, runtime is 0.071828, total_delay 0.071828
WARNING:root:Get reponse
WARNING:root:The distance is 1.383124 km
WARNING:root:Request 2921, link_delay 0.000000, runtime is 1.671514, total_delay 1.671514
WARNING:root:Get reponse
WARNING:root:The distance is 0.462395 km
WARNING:root:Request 2079, link_delay 0.000000, runtime is 0.042635, total_delay 0.042635
WARNING:root:Get reponse
WARNING:root:The distance is 1.502911 km
WARNING:root:Request 2078, link_delay 0.000000, runtime is 0.068849, total_delay 0.068849
WARNING:root:Get reponse
WARNING:root:The distance is 0.000000 km
WARNING:root:Request 2080, link_delay 0.000000, runtime is 0.052510, total_delay 0.052510
WARNING:root:Get reponse
WARNING:root:The distance is 1.037225 km
WARNING:root:Request 134, link_delay 0.000000, runtime is 0.046393, total_delay 0.046393
WARNING:root:Get reponse
WARNING:root:The distance is 1.383124 km
WARNING:root:Request 135, link_delay 0.000000, runtime is 0.041734, total_delay 0.041734
WARNING:root:Get reponse
WARNING:root:The distance is 1.416436 km
WARNING:root:Request 136, link_delay 0.000000, runtime is 0.070822, total_delay 0.070822
WARNING:root:Get reponse
WARNING:root:The distance is 1.393180 km
WARNING:root:Request 137, link_delay 0.000000, runtime is 0.068566, total_delay 0.068566
WARNING:root:Get reponse
WARNING:root:The distance is 0.655745 km
WARNING:root:Request 138, link_delay 0.000000, runtime is 0.051720, total_delay 0.051720
WARNING:root:Get reponse
WARNING:root:The distance is 0.575783 km
WARNING:root:Request 139, link_delay 0.000000, runtime is 0.065494, total_delay 0.065494
WARNING:root:Get reponse
WARNING:root:The distance is 0.968594 km
WARNING:root:Request 140, link_delay 0.000000, runtime is 0.046039, total_delay 0.046039
WARNING:root:Get reponse
WARNING:root:The distance is 0.289012 km
WARNING:root:Request 2925, link_delay 0.000000, runtime is 1.636273, total_delay 1.636273
WARNING:root:Get reponse
WARNING:root:The distance is 0.738817 km
WARNING:root:Request 2081, link_delay 0.000000, runtime is 0.043073, total_delay 0.043073
WARNING:root:Get reponse
WARNING:root:The distance is 0.928844 km
WARNING:root:Request 2082, link_delay 0.000000, runtime is 0.047578, total_delay 0.047578
WARNING:root:Get reponse
WARNING:root:The distance is 0.653065 km
WARNING:root:Request 2083, link_delay 0.000000, runtime is 0.042539, total_delay 0.042539
WARNING:root:Get reponse
WARNING:root:The distance is 0.462395 km
WARNING:root:Request 2923, link_delay 0.000000, runtime is 1.811416, total_delay 1.811416
WARNING:root:Get reponse
WARNING:root:The distance is 0.462395 km
WARNING:root:Request 141, link_delay 0.000000, runtime is 0.055908, total_delay 0.055908
WARNING:root:Get reponse
WARNING:root:The distance is 0.465673 km
WARNING:root:Request 142, link_delay 0.000000, runtime is 0.065034, total_delay 0.065034
WARNING:root:Get reponse
WARNING:root:The distance is 0.546134 km
WARNING:root:Request 143, link_delay 0.000000, runtime is 0.045504, total_delay 0.045504
WARNING:root:Get reponse
WARNING:root:The distance is 0.475955 km
WARNING:root:Request 144, link_delay 0.000000, runtime is 0.060390, total_delay 0.060390
WARNING:root:Get reponse
WARNING:root:The distance is 0.463173 km
WARNING:root:Request 145, link_delay 0.000000, runtime is 0.045708, total_delay 0.045708
WARNING:root:Get reponse
WARNING:root:The distance is 0.481413 km
WARNING:root:Request 146, link_delay 0.000000, runtime is 0.047423, total_delay 0.047423
WARNING:root:Get reponse
WARNING:root:The distance is 0.578744 km
WARNING:root:Request 147, link_delay 0.000000, runtime is 0.044917, total_delay 0.044917
WARNING:root:Get reponse
WARNING:root:The distance is 1.037225 km
WARNING:root:Request 2927, link_delay 0.000000, runtime is 1.680199, total_delay 1.680199
WARNING:root:Get reponse
WARNING:root:The distance is 0.917457 km
WARNING:root:Request 2928, link_delay 0.000000, runtime is 1.659712, total_delay 1.659712
WARNING:root:Get reponse
WARNING:root:The distance is 0.928844 km
WARNING:root:Request 2926, link_delay 0.000000, runtime is 1.735278, total_delay 1.735278
WARNING:root:Get reponse
WARNING:root:The distance is 1.416436 km
WARNING:root:Request 2084, link_delay 0.000000, runtime is 0.075442, total_delay 0.075442
WARNING:root:Get reponse
WARNING:root:The distance is 0.655745 km
WARNING:root:Request 2086, link_delay 0.000000, runtime is 0.046914, total_delay 0.046914
WARNING:root:Get reponse
WARNING:root:The distance is 1.502911 km
WARNING:root:Request 2085, link_delay 0.000000, runtime is 0.074964, total_delay 0.074964
WARNING:root:Get reponse
WARNING:root:The distance is 0.928844 km
WARNING:root:Request 148, link_delay 0.000000, runtime is 0.047698, total_delay 0.047698
WARNING:root:Get reponse
WARNING:root:The distance is 1.037225 km
WARNING:root:Request 149, link_delay 0.000000, runtime is 0.043438, total_delay 0.043438
WARNING:root:Get reponse
WARNING:root:The distance is 1.383124 km
WARNING:root:Request 150, link_delay 0.000000, runtime is 0.049539, total_delay 0.049539
WARNING:root:Get reponse
WARNING:root:The distance is 1.398155 km
WARNING:root:Request 151, link_delay 0.000000, runtime is 0.074638, total_delay 0.074638
WARNING:root:Get reponse
WARNING:root:The distance is 0.475955 km
WARNING:root:Request 153, link_delay 0.000000, runtime is 0.049893, total_delay 0.049893
WARNING:root:Get reponse
WARNING:root:The distance is 1.086956 km
WARNING:root:Request 152, link_delay 0.000000, runtime is 0.075056, total_delay 0.075056
WARNING:root:Get reponse
WARNING:root:The distance is 0.546134 km
WARNING:root:Request 2087, link_delay 0.000000, runtime is 0.043054, total_delay 0.043054
WARNING:root:Get reponse
WARNING:root:The distance is 1.502911 km
WARNING:root:Request 2929, link_delay 0.000000, runtime is 1.726793, total_delay 1.726793
WARNING:root:Get reponse
WARNING:root:The distance is 1.086956 km
WARNING:root:Request 154, link_delay 0.000000, runtime is 0.074071, total_delay 0.074071
WARNING:root:Get reponse
WARNING:root:The distance is 0.738817 km
WARNING:root:Request 2088, link_delay 0.000000, runtime is 0.042096, total_delay 0.042096
WARNING:root:Get reponse
WARNING:root:The distance is 0.463173 km
WARNING:root:Request 2089, link_delay 0.000000, runtime is 0.052084, total_delay 0.052084
WARNING:root:Get reponse
WARNING:root:The distance is 0.465673 km
WARNING:root:Request 2911, link_delay 0.000000, runtime is 3.519382, total_delay 3.519382
WARNING:root:Get reponse
WARNING:root:The distance is 0.462395 km
WARNING:root:Request 2930, link_delay 0.000000, runtime is 1.829483, total_delay 1.829483
WARNING:root:Get reponse
WARNING:root:The distance is 1.502911 km
WARNING:root:Request 155, link_delay 0.000000, runtime is 0.070812, total_delay 0.070812
WARNING:root:Get reponse
WARNING:root:The distance is 0.462395 km
WARNING:root:Request 156, link_delay 0.000000, runtime is 0.050325, total_delay 0.050325
WARNING:root:Get reponse
WARNING:root:The distance is 0.465673 km
WARNING:root:Request 157, link_delay 0.000000, runtime is 0.066833, total_delay 0.066833
WARNING:root:Get reponse
WARNING:root:The distance is 0.494114 km
WARNING:root:Request 158, link_delay 0.000000, runtime is 0.051575, total_delay 0.051575
WARNING:root:Get reponse
WARNING:root:The distance is 0.575783 km
WARNING:root:Request 159, link_delay 0.000000, runtime is 0.047922, total_delay 0.047922
WARNING:root:Get reponse
WARNING:root:The distance is 0.738817 km
WARNING:root:Request 2932, link_delay 0.000000, runtime is 1.682665, total_delay 1.682665
WARNING:root:Get reponse
WARNING:root:The distance is 0.742102 km
WARNING:root:Request 160, link_delay 0.000000, runtime is 0.051767, total_delay 0.051767
WARNING:root:Get reponse
WARNING:root:The distance is 0.653065 km
WARNING:root:Request 2934, link_delay 0.000000, runtime is 1.651666, total_delay 1.651666
WARNING:root:Get reponse
WARNING:root:The distance is 0.473286 km
WARNING:root:Request 161, link_delay 0.000000, runtime is 0.046269, total_delay 0.046269
WARNING:root:Get reponse
WARNING:root:The distance is 1.383124 km
WARNING:root:Request 2090, link_delay 0.000000, runtime is 0.050465, total_delay 0.050465
WARNING:root:Get reponse
WARNING:root:Get reponse
WARNING:root:The distance is 1.416436 km
WARNING:root:Request 2091, link_delay 0.000000, runtime is 0.071647, total_delay 0.071647
WARNING:root:The distance is 0.928844 km
WARNING:root:Request 2933, link_delay 0.000000, runtime is 1.754381, total_delay 1.754381
WARNING:root:Get reponse
WARNING:root:The distance is 1.086956 km
WARNING:root:Request 2092, link_delay 0.000000, runtime is 0.070419, total_delay 0.070419
WARNING:root:Get reponse
WARNING:root:The distance is 1.416436 km
WARNING:root:Request 2935, link_delay 0.000000, runtime is 1.571357, total_delay 1.571357
WARNING:root:Get reponse
WARNING:root:The distance is 0.738817 km
WARNING:root:Request 162, link_delay 0.000000, runtime is 0.047493, total_delay 0.047493
WARNING:root:Get reponse
WARNING:root:The distance is 0.928844 km
WARNING:root:Request 163, link_delay 0.000000, runtime is 0.043848, total_delay 0.043848
WARNING:root:Get reponse
WARNING:root:The distance is 1.037225 km
WARNING:root:Request 164, link_delay 0.000000, runtime is 0.043978, total_delay 0.043978
WARNING:root:Get reponse
WARNING:root:The distance is 1.459600 km
WARNING:root:Request 165, link_delay 0.000000, runtime is 0.043029, total_delay 0.043029
WARNING:root:Get reponse
WARNING:root:The distance is 0.964818 km
WARNING:root:Request 166, link_delay 0.000000, runtime is 0.068447, total_delay 0.068447
WARNING:root:Get reponse
WARNING:root:The distance is 0.926559 km
WARNING:root:Request 167, link_delay 0.000000, runtime is 0.076477, total_delay 0.076477
WARNING:root:Get reponse
WARNING:root:The distance is 1.393180 km
WARNING:root:Request 168, link_delay 0.000000, runtime is 0.055993, total_delay 0.055993
WARNING:root:Get reponse
WARNING:root:The distance is 1.502911 km
WARNING:root:Request 2936, link_delay 0.000000, runtime is 1.702241, total_delay 1.702241
WARNING:root:Get reponse
WARNING:root:The distance is 0.465673 km
WARNING:root:Request 2093, link_delay 0.000000, runtime is 0.052865, total_delay 0.052865
WARNING:root:Get reponse
WARNING:root:The distance is 0.546134 km
WARNING:root:Request 2094, link_delay 0.000000, runtime is 0.043613, total_delay 0.043613
WARNING:root:Get reponse
WARNING:root:The distance is 0.575783 km
WARNING:root:Request 2095, link_delay 0.000000, runtime is 0.056588, total_delay 0.056588
WARNING:root:Get reponse
WARNING:root:The distance is 1.416436 km
WARNING:root:Request 169, link_delay 0.000000, runtime is 0.068265, total_delay 0.068265
WARNING:root:Get reponse
WARNING:root:The distance is 1.502911 km
WARNING:root:Request 170, link_delay 0.000000, runtime is 0.070236, total_delay 0.070236
WARNING:root:Get reponse
WARNING:root:The distance is 0.462395 km
WARNING:root:Request 171, link_delay 0.000000, runtime is 0.054625, total_delay 0.054625
WARNING:root:Get reponse
WARNING:root:The distance is 0.546134 km
WARNING:root:Request 2938, link_delay 0.000000, runtime is 1.633702, total_delay 1.633702
WARNING:root:Get reponse
WARNING:root:The distance is 0.289012 km
WARNING:root:Request 173, link_delay 0.000000, runtime is 0.050971, total_delay 0.050971
WARNING:root:Get reponse
WARNING:root:The distance is 0.655745 km
WARNING:root:Request 172, link_delay 0.000000, runtime is 0.073908, total_delay 0.073908
WARNING:root:Get reponse
WARNING:root:The distance is 0.000000 km
WARNING:root:Request 174, link_delay 0.000000, runtime is 0.048287, total_delay 0.048287
WARNING:root:Get reponse
WARNING:root:The distance is 0.655745 km
WARNING:root:Request 2937, link_delay 0.000000, runtime is 1.943911, total_delay 1.943911
WARNING:root:Get reponse
WARNING:root:The distance is 0.738817 km
WARNING:root:Request 2939, link_delay 0.000000, runtime is 1.684457, total_delay 1.684457
WARNING:root:Get reponse
WARNING:root:The distance is 0.736444 km
WARNING:root:Request 175, link_delay 0.000000, runtime is 0.052818, total_delay 0.052818
WARNING:root:Get reponse
WARNING:root:The distance is 0.463173 km
WARNING:root:Request 2940, link_delay 0.000000, runtime is 1.677538, total_delay 1.677538
WARNING:root:Get reponse
WARNING:root:The distance is 1.037225 km
WARNING:root:Request 2096, link_delay 0.000000, runtime is 0.055245, total_delay 0.055245
WARNING:root:Get reponse
WARNING:root:The distance is 1.383124 km
WARNING:root:Request 2097, link_delay 0.000000, runtime is 0.051277, total_delay 0.051277
WARNING:root:Get reponse
WARNING:root:The distance is 0.964818 km
WARNING:root:Request 2098, link_delay 0.000000, runtime is 0.073247, total_delay 0.073247
WARNING:root:Get reponse
WARNING:root:The distance is 0.546134 km
WARNING:root:Request 176, link_delay 0.000000, runtime is 0.050278, total_delay 0.050278
WARNING:root:Get reponse
WARNING:root:The distance is 0.738817 km
WARNING:root:Request 177, link_delay 0.000000, runtime is 0.043400, total_delay 0.043400
WARNING:root:Get reponse
WARNING:root:The distance is 1.416436 km
WARNING:root:Request 2942, link_delay 0.000000, runtime is 1.569778, total_delay 1.569778
WARNING:root:Get reponse
WARNING:root:The distance is 0.928844 km
WARNING:root:Request 178, link_delay 0.000000, runtime is 0.049150, total_delay 0.049150
WARNING:root:Get reponse
WARNING:root:The distance is 0.465673 km
WARNING:root:Request 2917, link_delay 0.000000, runtime is 3.914814, total_delay 3.914814
WARNING:root:Get reponse
WARNING:root:The distance is 0.929341 km
WARNING:root:Request 179, link_delay 0.000000, runtime is 0.054342, total_delay 0.054342
WARNING:root:Get reponse
WARNING:root:The distance is 1.383124 km
WARNING:root:Request 2941, link_delay 0.000000, runtime is 1.646842, total_delay 1.646842
WARNING:root:Get reponse
WARNING:root:The distance is 0.917457 km
WARNING:root:Request 180, link_delay 0.000000, runtime is 0.046950, total_delay 0.046950
WARNING:root:Get reponse
WARNING:root:The distance is 0.969300 km
WARNING:root:Request 181, link_delay 0.000000, runtime is 0.070558, total_delay 0.070558
WARNING:root:Get reponse
WARNING:root:The distance is 0.462395 km
WARNING:root:Request 2099, link_delay 0.000000, runtime is 0.042513, total_delay 0.042513
WARNING:root:Get reponse
WARNING:root:The distance is 0.000000 km
WARNING:root:Request 182, link_delay 0.000000, runtime is 0.069499, total_delay 0.069499
WARNING:root:Get reponse
WARNING:root:The distance is 0.465673 km
WARNING:root:Request 2100, link_delay 0.000000, runtime is 0.055648, total_delay 0.055648
WARNING:root:Get reponse
WARNING:root:The distance is 0.289012 km
WARNING:root:Request 2101, link_delay 0.000000, runtime is 0.045658, total_delay 0.045658
WARNING:root:Get reponse
WARNING:root:The distance is 1.086956 km
WARNING:root:Request 2943, link_delay 0.000000, runtime is 1.726157, total_delay 1.726157
WARNING:root:Get reponse
WARNING:root:The distance is 1.383124 km
WARNING:root:Request 183, link_delay 0.000000, runtime is 0.044078, total_delay 0.044078
WARNING:root:Get reponse
WARNING:root:The distance is 1.416436 km
WARNING:root:Request 184, link_delay 0.000000, runtime is 0.068642, total_delay 0.068642
WARNING:root:Get reponse
WARNING:root:The distance is 0.000000 km
WARNING:root:Request 186, link_delay 0.000000, runtime is 0.043025, total_delay 0.043025
WARNING:root:Get reponse
WARNING:root:The distance is 1.502911 km
WARNING:root:Request 185, link_delay 0.000000, runtime is 0.072256, total_delay 0.072256
WARNING:root:Get reponse
WARNING:root:The distance is 0.546134 km
WARNING:root:Request 2945, link_delay 0.000000, runtime is 1.625535, total_delay 1.625535
WARNING:root:Get reponse
WARNING:root:The distance is 0.000000 km
WARNING:root:Request 187, link_delay 0.000000, runtime is 0.059416, total_delay 0.059416
WARNING:root:Get reponse
WARNING:root:The distance is 0.286774 km
WARNING:root:Request 188, link_delay 0.000000, runtime is 0.051020, total_delay 0.051020
WARNING:root:Get reponse
WARNING:root:The distance is 0.926559 km
WARNING:root:Request 189, link_delay 0.000000, runtime is 0.053758, total_delay 0.053758
WARNING:root:Get reponse
WARNING:root:The distance is 0.928844 km
WARNING:root:Request 2102, link_delay 0.000000, runtime is 0.047298, total_delay 0.047298
WARNING:root:Get reponse
WARNING:root:The distance is 1.037225 km
WARNING:root:Request 2103, link_delay 0.000000, runtime is 0.043180, total_delay 0.043180
WARNING:root:Get reponse
WARNING:root:The distance is 0.575783 km
WARNING:root:Request 2946, link_delay 0.000000, runtime is 1.699826, total_delay 1.699826
WARNING:root:Get reponse
WARNING:root:The distance is 0.917457 km
WARNING:root:Request 2104, link_delay 0.000000, runtime is 0.047060, total_delay 0.047060
WARNING:root:Get reponse
WARNING:root:The distance is 0.462395 km
WARNING:root:Request 190, link_delay 0.000000, runtime is 0.051344, total_delay 0.051344
WARNING:root:Get reponse
WARNING:root:The distance is 0.465673 km
WARNING:root:Request 191, link_delay 0.000000, runtime is 0.067238, total_delay 0.067238
WARNING:root:Get reponse
WARNING:root:The distance is 0.546134 km
WARNING:root:Request 192, link_delay 0.000000, runtime is 0.050010, total_delay 0.050010
WARNING:root:Get reponse
WARNING:root:The distance is 0.475955 km
WARNING:root:Request 193, link_delay 0.000000, runtime is 0.042589, total_delay 0.042589
WARNING:root:Get reponse
WARNING:root:The distance is 0.964818 km
WARNING:root:Request 2949, link_delay 0.000000, runtime is 1.555507, total_delay 1.555507
WARNING:root:Get reponse
WARNING:root:The distance is 0.463173 km
WARNING:root:Request 194, link_delay 0.000000, runtime is 0.055468, total_delay 0.055468
WARNING:root:Get reponse
WARNING:root:The distance is 0.481413 km
WARNING:root:Request 195, link_delay 0.000000, runtime is 0.042857, total_delay 0.042857
WARNING:root:Get reponse
WARNING:root:The distance is 1.037225 km
WARNING:root:Request 2947, link_delay 0.000000, runtime is 1.635962, total_delay 1.635962
WARNING:root:Get reponse
WARNING:root:The distance is 0.578744 km
WARNING:root:Request 196, link_delay 0.000000, runtime is 0.046232, total_delay 0.046232
WARNING:root:Get reponse
WARNING:root:The distance is 1.383124 km
WARNING:root:Request 2948, link_delay 0.000000, runtime is 1.642615, total_delay 1.642615
WARNING:root:Get reponse
WARNING:root:The distance is 1.416436 km
WARNING:root:Request 2105, link_delay 0.000000, runtime is 0.065323, total_delay 0.065323
WARNING:root:Get reponse
WARNING:root:The distance is 0.655745 km
WARNING:root:Request 2107, link_delay 0.000000, runtime is 0.048316, total_delay 0.048316
WARNING:root:Get reponse
WARNING:root:The distance is 1.502911 km
WARNING:root:Request 2106, link_delay 0.000000, runtime is 0.075636, total_delay 0.075636
WARNING:root:Get reponse
WARNING:root:The distance is 0.928844 km
WARNING:root:Request 197, link_delay 0.000000, runtime is 0.047581, total_delay 0.047581
WARNING:root:Get reponse
WARNING:root:The distance is 1.037225 km
WARNING:root:Request 198, link_delay 0.000000, runtime is 0.046102, total_delay 0.046102
WARNING:root:Get reponse
WARNING:root:The distance is 1.383124 km
WARNING:root:Request 199, link_delay 0.000000, runtime is 0.051612, total_delay 0.051612
WARNING:root:Get reponse
WARNING:root:The distance is 1.398155 km
WARNING:root:Request 200, link_delay 0.000000, runtime is 0.067605, total_delay 0.067605
WARNING:root:Get reponse
WARNING:root:The distance is 0.475955 km
WARNING:root:Request 202, link_delay 0.000000, runtime is 0.044451, total_delay 0.044451
WARNING:root:Get reponse
WARNING:root:The distance is 1.086956 km
WARNING:root:Request 201, link_delay 0.000000, runtime is 0.071528, total_delay 0.071528
WARNING:root:Get reponse
WARNING:root:The distance is 0.289012 km
WARNING:root:Request 2952, link_delay 0.000000, runtime is 1.635604, total_delay 1.635604
WARNING:root:Get reponse
WARNING:root:The distance is 1.086956 km
WARNING:root:Request 203, link_delay 0.000000, runtime is 0.056933, total_delay 0.056933
WARNING:root:Get reponse
WARNING:root:The distance is 0.546134 km
WARNING:root:Request 2108, link_delay 0.000000, runtime is 0.043668, total_delay 0.043668
WARNING:root:Get reponse
WARNING:root:The distance is 0.738817 km
WARNING:root:Request 2109, link_delay 0.000000, runtime is 0.047081, total_delay 0.047081
WARNING:root:Get reponse
WARNING:root:The distance is 0.463173 km
WARNING:root:Request 2110, link_delay 0.000000, runtime is 0.044995, total_delay 0.044995
WARNING:root:Get reponse
WARNING:root:The distance is 0.462395 km
WARNING:root:Request 2950, link_delay 0.000000, runtime is 1.814928, total_delay 1.814928
WARNING:root:Get reponse
WARNING:root:The distance is 1.416436 km
WARNING:root:Request 204, link_delay 0.000000, runtime is 0.069701, total_delay 0.069701
WARNING:root:Get reponse
WARNING:root:The distance is 0.462395 km
WARNING:root:Request 206, link_delay 0.000000, runtime is 0.045416, total_delay 0.045416
WARNING:root:Get reponse
WARNING:root:The distance is 1.502911 km
WARNING:root:Request 205, link_delay 0.000000, runtime is 0.070836, total_delay 0.070836
WARNING:root:Get reponse
WARNING:root:The distance is 0.655745 km
WARNING:root:Request 207, link_delay 0.000000, runtime is 0.048362, total_delay 0.048362
WARNING:root:Get reponse
WARNING:root:The distance is 0.465673 km
WARNING:root:Request 2924, link_delay 0.000000, runtime is 4.467737, total_delay 4.467737
WARNING:root:Get reponse
WARNING:root:The distance is 0.289012 km
WARNING:root:Request 208, link_delay 0.000000, runtime is 0.051689, total_delay 0.051689
WARNING:root:Get reponse
WARNING:root:The distance is 0.000000 km
WARNING:root:Request 209, link_delay 0.000000, runtime is 0.047555, total_delay 0.047555
WARNING:root:Get reponse
WARNING:root:The distance is 0.736444 km
WARNING:root:Request 210, link_delay 0.000000, runtime is 0.052112, total_delay 0.052112
WARNING:root:Get reponse
WARNING:root:The distance is 1.037225 km
WARNING:root:Request 2111, link_delay 0.000000, runtime is 0.046506, total_delay 0.046506
WARNING:root:Get reponse
WARNING:root:The distance is 0.917457 km
WARNING:root:Request 2955, link_delay 0.000000, runtime is 1.635406, total_delay 1.635406
WARNING:root:Get reponse
WARNING:root:The distance is 0.928844 km
WARNING:root:Request 2953, link_delay 0.000000, runtime is 1.683634, total_delay 1.683634
WARNING:root:Get reponse
WARNING:root:The distance is 1.383124 km
WARNING:root:Request 2112, link_delay 0.000000, runtime is 0.046619, total_delay 0.046619
WARNING:root:Get reponse
WARNING:root:The distance is 1.037225 km
WARNING:root:Request 2954, link_delay 0.000000, runtime is 1.683595, total_delay 1.683595
WARNING:root:Get reponse
WARNING:root:The distance is 0.964818 km
WARNING:root:Request 2113, link_delay 0.000000, runtime is 0.081918, total_delay 0.081918
WARNING:root:Get reponse
WARNING:root:The distance is 0.546134 km
WARNING:root:Request 211, link_delay 0.000000, runtime is 0.044415, total_delay 0.044415
WARNING:root:Get reponse
WARNING:root:The distance is 0.738817 km
WARNING:root:Request 212, link_delay 0.000000, runtime is 0.047648, total_delay 0.047648
WARNING:root:Get reponse
WARNING:root:The distance is 0.928844 km
WARNING:root:Request 213, link_delay 0.000000, runtime is 0.043304, total_delay 0.043304
WARNING:root:Get reponse
WARNING:root:The distance is 0.929341 km
WARNING:root:Request 214, link_delay 0.000000, runtime is 0.044233, total_delay 0.044233
WARNING:root:Get reponse
WARNING:root:The distance is 0.917457 km
WARNING:root:Request 215, link_delay 0.000000, runtime is 0.042336, total_delay 0.042336
WARNING:root:Get reponse
WARNING:root:The distance is 0.969300 km
WARNING:root:Request 216, link_delay 0.000000, runtime is 0.073256, total_delay 0.073256
WARNING:root:Get reponse
WARNING:root:The distance is 0.462395 km
WARNING:root:Get reponse
WARNING:root:Request 2114, link_delay 0.000000, runtime is 0.049572, total_delay 0.049572
WARNING:root:The distance is 0.000000 km
WARNING:root:Request 217, link_delay 0.000000, runtime is 0.073329, total_delay 0.073329
WARNING:root:Get reponse
WARNING:root:The distance is 1.502911 km
WARNING:root:Request 2956, link_delay 0.000000, runtime is 1.717944, total_delay 1.717944
WARNING:root:Get reponse
WARNING:root:The distance is 0.465673 km
WARNING:root:Request 2115, link_delay 0.000000, runtime is 0.062388, total_delay 0.062388
WARNING:root:Get reponse
WARNING:root:The distance is 0.289012 km
WARNING:root:Request 2116, link_delay 0.000000, runtime is 0.051159, total_delay 0.051159
WARNING:root:Get reponse
WARNING:root:The distance is 0.462395 km
WARNING:root:Request 2957, link_delay 0.000000, runtime is 1.799603, total_delay 1.799603
WARNING:root:Get reponse
WARNING:root:The distance is 0.738817 km
WARNING:root:Request 2959, link_delay 0.000000, runtime is 1.687622, total_delay 1.687622
WARNING:root:Get reponse
WARNING:root:The distance is 0.928844 km
WARNING:root:Request 2960, link_delay 0.000000, runtime is 1.674207, total_delay 1.674207
WARNING:root:Get reponse
WARNING:root:The distance is 0.653065 km
WARNING:root:Request 2961, link_delay 0.000000, runtime is 1.683143, total_delay 1.683143
WARNING:root:Get reponse
WARNING:root:The distance is 1.416436 km
WARNING:root:Request 2962, link_delay 0.000000, runtime is 1.550986, total_delay 1.550986
WARNING:root:Get reponse
WARNING:root:The distance is 1.393180 km
WARNING:root:Request 2963, link_delay 0.000000, runtime is 1.674117, total_delay 1.674117
WARNING:root:Get reponse
WARNING:root:The distance is 0.546134 km
WARNING:root:Request 2965, link_delay 0.000000, runtime is 1.591920, total_delay 1.591920
WARNING:root:Get reponse
WARNING:root:The distance is 0.575783 km
WARNING:root:Request 2966, link_delay 0.000000, runtime is 1.651642, total_delay 1.651642
WARNING:root:Get reponse
WARNING:root:The distance is 1.459600 km
WARNING:root:Request 2968, link_delay 0.000000, runtime is 1.607863, total_delay 1.607863
WARNING:root:Get reponse
WARNING:root:The distance is 1.037225 km
WARNING:root:Request 2967, link_delay 0.000000, runtime is 1.653705, total_delay 1.653705
WARNING:root:Get reponse
WARNING:root:The distance is 0.000000 km
WARNING:root:Request 2931, link_delay 0.000000, runtime is 5.391006, total_delay 5.391006
WARNING:root:Get reponse
WARNING:root:The distance is 1.502911 km
WARNING:root:Request 2969, link_delay 0.000000, runtime is 1.657780, total_delay 1.657780
WARNING:root:Get reponse
WARNING:root:The distance is 0.462395 km
WARNING:root:Request 2970, link_delay 0.000000, runtime is 1.707525, total_delay 1.707525
WARNING:root:Get reponse
WARNING:root:The distance is 0.738817 km
WARNING:root:Request 2972, link_delay 0.000000, runtime is 1.655133, total_delay 1.655133
WARNING:root:Get reponse
WARNING:root:The distance is 0.928844 km
WARNING:root:Request 2973, link_delay 0.000000, runtime is 1.654632, total_delay 1.654632
WARNING:root:Get reponse
WARNING:root:The distance is 0.653065 km
WARNING:root:Request 2974, link_delay 0.000000, runtime is 1.703431, total_delay 1.703431
WARNING:root:Get reponse
WARNING:root:The distance is 0.465673 km
WARNING:root:Request 2944, link_delay 0.000000, runtime is 5.505369, total_delay 5.505369
WARNING:root:Get reponse
WARNING:root:The distance is 0.000000 km
WARNING:root:Request 2958, link_delay 0.000000, runtime is 4.799356, total_delay 4.799356
WARNING:root:Get reponse
WARNING:root:The distance is 0.465673 km
WARNING:root:Request 2951, link_delay 0.000000, runtime is 5.470647, total_delay 5.470647
WARNING:root:Get reponse
WARNING:root:The distance is 0.465673 km
WARNING:root:Request 2964, link_delay 0.000000, runtime is 4.500798, total_delay 4.500798
WARNING:root:Get reponse
WARNING:root:The distance is 0.000000 km
WARNING:root:Request 2971, link_delay 0.000000, runtime is 4.057405, total_delay 4.057405
