2023/01/30 10:47:34 Successfully Opened config file
2023/01/30 10:47:34 Starting watchUnscheduledPods...
2023/01/30 10:47:34 ./pi_nodes.csv
2023/01/30 10:47:34 ./prediction.csv
2023/01/30 10:47:34 my-scheduler
2023/01/30 10:47:34 3.336e-06
2023/01/30 10:47:34 1000
2023/01/30 10:47:34 10
2023/01/30 10:47:34 1.5
2023/01/30 10:47:34 30
2023/01/30 10:47:34 7500
2023/01/30 10:47:34 Successfully Opened topo file
Successfully Opened request file
2023/01/30 10:47:34 start to show phynode mem .... 
2023/01/30 10:47:34 Node%!(EXTRA int=0, string=remaining mem , float64=1000, string=MB)
2023/01/30 10:47:34 Node%!(EXTRA int=1, string=remaining mem , float64=1000, string=MB)
2023/01/30 10:47:34 Node%!(EXTRA int=2, string=remaining mem , float64=1000, string=MB)
2023/01/30 10:47:34 Node%!(EXTRA int=3, string=remaining mem , float64=1000, string=MB)
2023/01/30 10:47:34 Node%!(EXTRA int=4, string=remaining mem , float64=1000, string=MB)
2023/01/30 10:47:34 Node%!(EXTRA int=5, string=remaining mem , float64=1000, string=MB)
2023/01/30 10:47:34 Node%!(EXTRA int=6, string=remaining mem , float64=1000, string=MB)
2023/01/30 10:47:34 Node%!(EXTRA int=7, string=remaining mem , float64=1000, string=MB)
2023/01/30 10:47:34 Node%!(EXTRA int=8, string=remaining mem , float64=1000, string=MB)
2023/01/30 10:47:34 Node%!(EXTRA int=9, string=remaining mem , float64=1000, string=MB)
2023/01/30 10:47:34 containercount %d 1
2023/01/30 10:47:34 ActiveFunctions is nil, init now
2023/01/30 10:47:34 NodeFunctions is nil, init now
2023/01/30 10:47:34 containercount %d 2
2023/01/30 10:47:34 containercount %d 3
2023/01/30 10:47:34 containercount %d 4
2023/01/30 10:47:34 containercount %d 5
2023/01/30 10:47:35 containercount %d 6
2023/01/30 10:47:35 NodeFunctions is nil, init now
2023/01/30 10:47:35 containercount %d 7
2023/01/30 10:47:35 containercount %d 8
2023/01/30 10:47:35 NodeFunctions is nil, init now
2023/01/30 10:47:35 containercount %d 9
2023/01/30 10:47:35 NodeFunctions is nil, init now
2023/01/30 10:47:35 containercount %d 10
2023/01/30 10:47:35 NodeFunctions is nil, init now
2023/01/30 10:47:35 containercount %d 11
2023/01/30 10:47:35 NodeFunctions is nil, init now
2023/01/30 10:47:35 containercount %d 12
2023/01/30 10:47:35 containercount %d 13
2023/01/30 10:47:35 containercount %d 14
2023/01/30 10:47:35 containercount %d 15
2023/01/30 10:47:35 containercount %d 16
2023/01/30 10:47:35 containercount %d 17
2023/01/30 10:47:36 containercount %d 18
2023/01/30 10:47:36 containercount %d 19
2023/01/30 10:47:36 NodeFunctions is nil, init now
2023/01/30 10:47:36 Successfully assigned container-1-2-00001-deployment-68b6fb9b4b-hx7pm to kworker-0
2023/01/30 10:47:36 containercount %d 20
2023/01/30 10:47:36 containercount %d 21
2023/01/30 10:47:36 sendResult......
2023/01/30 10:47:36 sendResult......
2023/01/30 10:47:36 sendResult......
2023/01/30 10:47:36 sendResult......
2023/01/30 10:47:36 sendResult......
2023/01/30 10:47:36 sendResult......
2023/01/30 10:47:36 sendResult......
2023/01/30 10:47:36 sendResult......
2023/01/30 10:47:36 sendResult......
2023/01/30 10:47:36 sendResult......
2023/01/30 10:47:36 sendResult......
2023/01/30 10:47:36 sendResult......
2023/01/30 10:47:36 sendResult......
2023/01/30 10:47:36 sendResult......
2023/01/30 10:47:36 sendResult......
2023/01/30 10:47:36 sendResult......
2023/01/30 10:47:36 sendResult......
2023/01/30 10:47:36 sendResult......
2023/01/30 10:47:36 sendResult......
2023/01/30 10:47:36 sendResult......
2023/01/30 10:47:36 sendResult......
2023/01/30 10:47:36 sendResult......
2023/01/30 10:47:36 sendResult......
2023/01/30 10:47:36 sendResult......
2023/01/30 10:47:36 sendResult......
2023/01/30 10:47:36 result node id 0
2023/01/30 10:47:37 Successfully assigned container-1-1-00001-deployment-59d88f7fdd-b7bsq to kworker-0
2023/01/30 10:47:38 Successfully assigned container-1-3-00001-deployment-9cd765ff6-xp779 to kworker-0
2023/01/30 10:47:38 Successfully assigned container-1-4-00001-deployment-7b4bd7f4d6-gks7w to kworker-0
2023/01/30 10:47:39 Successfully assigned container-1-5-00001-deployment-78dfd5b465-44lzt to kworker-0
2023/01/30 10:47:40 Successfully assigned container-1-6-00001-deployment-58bbb5fff4-m9wt4 to kworker-1
2023/01/30 10:47:41 Successfully assigned container-1-7-00001-deployment-86d96569fc-bb69b to kworker-1
2023/01/30 10:47:42 Successfully assigned container-1-8-00001-deployment-6f7ff65df4-6x99f to kworker-2
2023/01/30 10:47:42 Successfully assigned container-1-9-00001-deployment-6b5f6b7b76-lfh27 to kworker-3
2023/01/30 10:47:44 Successfully assigned container-1-10-00001-deployment-58955b449-jzjkv to kworker-4
2023/01/30 10:47:45 Successfully assigned container-1-11-00001-deployment-748c8464b-d2m6j to kworker-6
2023/01/30 10:47:46 Successfully assigned container-2-12-00001-deployment-7ccd8b7d88-6xs6v to kworker-0
2023/01/30 10:47:46 Successfully assigned container-2-13-00001-deployment-5d65d75bb8-hjlg9 to kworker-0
2023/01/30 10:47:47 Successfully assigned container-2-14-00001-deployment-7775f9666-rxw5f to kworker-0
2023/01/30 10:47:48 Successfully assigned container-2-15-00001-deployment-777b8495f5-2cp88 to kworker-0
2023/01/30 10:47:48 Successfully assigned container-2-16-00001-deployment-6dfb48dd59-p4lv7 to kworker-1
2023/01/30 10:47:49 Successfully assigned container-2-17-00001-deployment-776d85f5f4-jhcbw to kworker-2
2023/01/30 10:47:50 Successfully assigned container-2-18-00001-deployment-7f6db4579c-bqdlk to kworker-3
2023/01/30 10:47:50 Successfully assigned container-2-19-00001-deployment-568b7b6f7-g4876 to kworker-5
2023/01/30 10:47:51 Successfully assigned container-3-20-00001-deployment-78c8c4df8f-ssv8s to kworker-2
2023/01/30 10:47:51 Successfully assigned container-4-21-00001-deployment-549d485c46-6rxgn to kworker-2
2023/01/30 10:48:36 wait 60 seconds .....
2023/01/30 10:48:36 ActiveFunctions is nil, init now
2023/01/30 10:48:36 NodeFunctions is nil, init now
2023/01/30 10:48:36 NodeFunctions is nil, init now
2023/01/30 10:48:36 NodeFunctions is nil, init now
2023/01/30 10:48:36 NodeFunctions is nil, init now
2023/01/30 10:48:36 NodeFunctions is nil, init now
2023/01/30 10:48:36 containercount %d 22
2023/01/30 10:48:36 containercount %d 23
2023/01/30 10:48:37 containercount %d 24
2023/01/30 10:48:37 sendResult......
2023/01/30 10:48:37 sendResult......
2023/01/30 10:48:37 sendResult......
2023/01/30 10:48:37 sendResult......
2023/01/30 10:48:37 sendResult......
2023/01/30 10:48:37 sendResult......
2023/01/30 10:48:37 sendResult......
2023/01/30 10:48:37 sendResult......
2023/01/30 10:48:37 sendResult......
2023/01/30 10:48:37 sendResult......
2023/01/30 10:48:37 sendResult......
2023/01/30 10:48:37 sendResult......
2023/01/30 10:48:37 sendResult......
2023/01/30 10:48:37 sendResult......
2023/01/30 10:48:37 sendResult......
2023/01/30 10:48:37 result node id 0
2023/01/30 10:48:38 Successfully assigned container-4-24-00001-deployment-ccf976d48-wvmnz to kworker-2
2023/01/30 10:48:39 Successfully assigned container-3-22-00001-deployment-5f8b998f5f-cq522 to kworker-1
2023/01/30 10:48:39 Successfully assigned container-3-23-00001-deployment-7f4c6dd94c-5ksjr to kworker-3
2023/01/30 10:49:37 wait 60 seconds .....
2023/01/30 10:49:37 ActiveFunctions is nil, init now
2023/01/30 10:49:37 NodeFunctions is nil, init now
2023/01/30 10:49:37 NodeFunctions is nil, init now
2023/01/30 10:49:37 NodeFunctions is nil, init now
2023/01/30 10:49:37 NodeFunctions is nil, init now
2023/01/30 10:49:37 NodeFunctions is nil, init now
2023/01/30 10:49:37 containercount %d 25
2023/01/30 10:49:37 containercount %d 26
2023/01/30 10:49:37 containercount %d 27
2023/01/30 10:49:37 sendResult......
2023/01/30 10:49:37 sendResult......
2023/01/30 10:49:37 sendResult......
2023/01/30 10:49:37 sendResult......
2023/01/30 10:49:37 sendResult......
2023/01/30 10:49:37 sendResult......
2023/01/30 10:49:37 sendResult......
2023/01/30 10:49:37 sendResult......
2023/01/30 10:49:37 sendResult......
2023/01/30 10:49:37 sendResult......
2023/01/30 10:49:37 sendResult......
2023/01/30 10:49:37 sendResult......
2023/01/30 10:49:37 sendResult......
2023/01/30 10:49:37 sendResult......
2023/01/30 10:49:37 sendResult......
2023/01/30 10:49:37 result node id 0
2023/01/30 10:49:38 Successfully assigned container-3-25-00001-deployment-6984c48b99-5xc2j to kworker-1
2023/01/30 10:49:39 Successfully assigned container-3-26-00001-deployment-7f885b7c67-5gt4w to kworker-3
2023/01/30 10:49:39 Successfully assigned container-4-27-00001-deployment-748c9b79cf-27b4d to kworker-2
2023/01/30 10:50:37 wait 60 seconds .....
2023/01/30 10:50:37 ActiveFunctions is nil, init now
2023/01/30 10:50:37 NodeFunctions is nil, init now
2023/01/30 10:50:37 NodeFunctions is nil, init now
2023/01/30 10:50:37 NodeFunctions is nil, init now
2023/01/30 10:50:37 NodeFunctions is nil, init now
2023/01/30 10:50:37 NodeFunctions is nil, init now
2023/01/30 10:50:37 Starting scaler deleteService() ......
2023/01/30 10:50:37 deleteService: service is deleted: container-1-9
2023/01/30 10:50:37 Starting scaler deleteService() ......
2023/01/30 10:50:37 deleteService: Unexpected HTTP status code404 Not Found
2023/01/30 10:50:37 fail to termContainers
2023/01/30 10:50:37 sendResult......
2023/01/30 10:50:37 sendResult......
2023/01/30 10:50:37 sendResult......
2023/01/30 10:50:37 sendResult......
2023/01/30 10:50:37 sendResult......
2023/01/30 10:50:37 sendResult......
2023/01/30 10:50:37 sendResult......
2023/01/30 10:50:37 sendResult......
2023/01/30 10:50:37 sendResult......
2023/01/30 10:50:37 sendResult......
2023/01/30 10:50:37 sendResult......
2023/01/30 10:50:37 sendResult......
2023/01/30 10:50:37 sendResult......
2023/01/30 10:50:37 sendResult......
2023/01/30 10:50:37 sendResult......
2023/01/30 10:50:37 result node id 0
2023/01/30 10:51:37 wait 60 seconds .....
2023/01/30 10:51:37 ActiveFunctions is nil, init now
2023/01/30 10:51:37 NodeFunctions is nil, init now
2023/01/30 10:51:37 NodeFunctions is nil, init now
2023/01/30 10:51:37 NodeFunctions is nil, init now
2023/01/30 10:51:37 NodeFunctions is nil, init now
2023/01/30 10:51:37 NodeFunctions is nil, init now
2023/01/30 10:51:37 sendResult......
2023/01/30 10:51:37 sendResult......
2023/01/30 10:51:37 sendResult......
2023/01/30 10:51:37 sendResult......
2023/01/30 10:51:37 sendResult......
2023/01/30 10:51:37 sendResult......
2023/01/30 10:51:37 sendResult......
2023/01/30 10:51:37 sendResult......
2023/01/30 10:51:37 sendResult......
2023/01/30 10:51:37 sendResult......
2023/01/30 10:51:37 sendResult......
2023/01/30 10:51:37 sendResult......
2023/01/30 10:51:37 sendResult......
2023/01/30 10:51:37 sendResult......
2023/01/30 10:51:37 sendResult......
2023/01/30 10:51:37 result node id 0
2023/01/30 10:52:37 wait 60 seconds .....
2023/01/30 10:52:37 ActiveFunctions is nil, init now
2023/01/30 10:52:37 NodeFunctions is nil, init now
2023/01/30 10:52:37 NodeFunctions is nil, init now
2023/01/30 10:52:37 NodeFunctions is nil, init now
2023/01/30 10:52:37 NodeFunctions is nil, init now
2023/01/30 10:52:37 NodeFunctions is nil, init now
2023/01/30 10:52:37 sendResult......
2023/01/30 10:52:37 sendResult......
2023/01/30 10:52:37 sendResult......
2023/01/30 10:52:37 sendResult......
2023/01/30 10:52:37 sendResult......
2023/01/30 10:52:37 sendResult......
2023/01/30 10:52:37 sendResult......
2023/01/30 10:52:37 sendResult......
2023/01/30 10:52:37 sendResult......
2023/01/30 10:52:37 sendResult......
2023/01/30 10:52:37 sendResult......
2023/01/30 10:52:37 sendResult......
2023/01/30 10:52:37 sendResult......
2023/01/30 10:52:37 sendResult......
2023/01/30 10:52:37 sendResult......
2023/01/30 10:52:37 result node id 0
2023/01/30 10:53:37 wait 60 seconds .....
2023/01/30 10:53:37 ActiveFunctions is nil, init now
2023/01/30 10:53:37 NodeFunctions is nil, init now
2023/01/30 10:53:37 NodeFunctions is nil, init now
2023/01/30 10:53:37 NodeFunctions is nil, init now
2023/01/30 10:53:37 NodeFunctions is nil, init now
2023/01/30 10:53:37 NodeFunctions is nil, init now
2023/01/30 10:53:37 sendResult......
2023/01/30 10:53:37 sendResult......
2023/01/30 10:53:37 sendResult......
2023/01/30 10:53:37 sendResult......
2023/01/30 10:53:37 sendResult......
2023/01/30 10:53:37 sendResult......
2023/01/30 10:53:37 sendResult......
2023/01/30 10:53:37 sendResult......
2023/01/30 10:53:37 sendResult......
2023/01/30 10:53:37 sendResult......
2023/01/30 10:53:37 sendResult......
2023/01/30 10:53:37 sendResult......
2023/01/30 10:53:37 sendResult......
2023/01/30 10:53:37 sendResult......
2023/01/30 10:53:37 sendResult......
2023/01/30 10:53:37 result node id 0
2023/01/30 10:54:37 wait 60 seconds .....
2023/01/30 10:54:37 ActiveFunctions is nil, init now
2023/01/30 10:54:37 NodeFunctions is nil, init now
2023/01/30 10:54:37 NodeFunctions is nil, init now
2023/01/30 10:54:37 NodeFunctions is nil, init now
2023/01/30 10:54:37 NodeFunctions is nil, init now
2023/01/30 10:54:37 NodeFunctions is nil, init now
2023/01/30 10:54:37 sendResult......
2023/01/30 10:54:37 sendResult......
2023/01/30 10:54:37 sendResult......
2023/01/30 10:54:37 sendResult......
2023/01/30 10:54:37 sendResult......
2023/01/30 10:54:37 sendResult......
2023/01/30 10:54:37 sendResult......
2023/01/30 10:54:37 sendResult......
2023/01/30 10:54:37 sendResult......
2023/01/30 10:54:37 sendResult......
2023/01/30 10:54:37 sendResult......
2023/01/30 10:54:37 sendResult......
2023/01/30 10:54:37 sendResult......
2023/01/30 10:54:37 sendResult......
2023/01/30 10:54:37 sendResult......
2023/01/30 10:54:37 result node id 0
2023/01/30 10:55:37 wait 60 seconds .....
2023/01/30 10:55:37 ActiveFunctions is nil, init now
2023/01/30 10:55:37 NodeFunctions is nil, init now
2023/01/30 10:55:37 NodeFunctions is nil, init now
2023/01/30 10:55:37 NodeFunctions is nil, init now
2023/01/30 10:55:37 NodeFunctions is nil, init now
2023/01/30 10:55:37 NodeFunctions is nil, init now
2023/01/30 10:55:37 sendResult......
2023/01/30 10:55:37 sendResult......
2023/01/30 10:55:37 sendResult......
2023/01/30 10:55:37 sendResult......
2023/01/30 10:55:37 sendResult......
2023/01/30 10:55:37 sendResult......
2023/01/30 10:55:37 sendResult......
2023/01/30 10:55:37 sendResult......
2023/01/30 10:55:37 sendResult......
2023/01/30 10:55:37 sendResult......
2023/01/30 10:55:37 sendResult......
2023/01/30 10:55:37 sendResult......
2023/01/30 10:55:37 sendResult......
2023/01/30 10:55:37 sendResult......
2023/01/30 10:55:37 sendResult......
2023/01/30 10:55:37 result node id 0
2023/01/30 10:56:37 wait 60 seconds .....
2023/01/30 10:56:37 ActiveFunctions is nil, init now
2023/01/30 10:56:37 NodeFunctions is nil, init now
2023/01/30 10:56:37 NodeFunctions is nil, init now
2023/01/30 10:56:37 NodeFunctions is nil, init now
2023/01/30 10:56:37 NodeFunctions is nil, init now
2023/01/30 10:56:37 NodeFunctions is nil, init now
2023/01/30 10:56:37 sendResult......
2023/01/30 10:56:37 sendResult......
2023/01/30 10:56:37 sendResult......
2023/01/30 10:56:37 sendResult......
2023/01/30 10:56:37 sendResult......
2023/01/30 10:56:37 sendResult......
2023/01/30 10:56:37 sendResult......
2023/01/30 10:56:37 sendResult......
2023/01/30 10:56:37 sendResult......
2023/01/30 10:56:37 sendResult......
2023/01/30 10:56:37 sendResult......
2023/01/30 10:56:37 sendResult......
2023/01/30 10:56:37 sendResult......
2023/01/30 10:56:37 sendResult......
2023/01/30 10:56:37 sendResult......
2023/01/30 10:56:37 result node id 0
2023/01/30 10:57:37 wait 60 seconds .....
2023/01/30 10:57:37 ActiveFunctions is nil, init now
2023/01/30 10:57:37 NodeFunctions is nil, init now
2023/01/30 10:57:37 NodeFunctions is nil, init now
2023/01/30 10:57:37 NodeFunctions is nil, init now
2023/01/30 10:57:37 NodeFunctions is nil, init now
2023/01/30 10:57:37 NodeFunctions is nil, init now
2023/01/30 10:57:37 sendResult......
2023/01/30 10:57:37 sendResult......
2023/01/30 10:57:37 sendResult......
2023/01/30 10:57:37 sendResult......
2023/01/30 10:57:37 sendResult......
2023/01/30 10:57:37 sendResult......
2023/01/30 10:57:37 sendResult......
2023/01/30 10:57:37 sendResult......
2023/01/30 10:57:37 sendResult......
2023/01/30 10:57:37 sendResult......
2023/01/30 10:57:37 sendResult......
2023/01/30 10:57:37 sendResult......
2023/01/30 10:57:37 sendResult......
2023/01/30 10:57:37 sendResult......
2023/01/30 10:57:37 sendResult......
2023/01/30 10:57:37 result node id 0
2023/01/30 10:58:37 wait 60 seconds .....
2023/01/30 10:58:37 ActiveFunctions is nil, init now
2023/01/30 10:58:37 NodeFunctions is nil, init now
2023/01/30 10:58:37 NodeFunctions is nil, init now
2023/01/30 10:58:37 NodeFunctions is nil, init now
2023/01/30 10:58:37 NodeFunctions is nil, init now
2023/01/30 10:58:37 NodeFunctions is nil, init now
2023/01/30 10:58:37 sendResult......
2023/01/30 10:58:37 sendResult......
2023/01/30 10:58:37 sendResult......
2023/01/30 10:58:37 sendResult......
2023/01/30 10:58:37 sendResult......
2023/01/30 10:58:37 sendResult......
2023/01/30 10:58:37 sendResult......
2023/01/30 10:58:37 sendResult......
2023/01/30 10:58:37 sendResult......
2023/01/30 10:58:37 sendResult......
2023/01/30 10:58:37 sendResult......
2023/01/30 10:58:37 sendResult......
2023/01/30 10:58:37 sendResult......
2023/01/30 10:58:37 sendResult......
2023/01/30 10:58:37 sendResult......
2023/01/30 10:58:37 result node id 0
2023/01/30 10:59:37 wait 60 seconds .....
2023/01/30 10:59:37 ActiveFunctions is nil, init now
2023/01/30 10:59:37 NodeFunctions is nil, init now
2023/01/30 10:59:37 NodeFunctions is nil, init now
2023/01/30 10:59:37 NodeFunctions is nil, init now
2023/01/30 10:59:37 NodeFunctions is nil, init now
2023/01/30 10:59:37 NodeFunctions is nil, init now
2023/01/30 10:59:37 sendResult......
2023/01/30 10:59:37 sendResult......
2023/01/30 10:59:37 sendResult......
2023/01/30 10:59:37 sendResult......
2023/01/30 10:59:37 sendResult......
2023/01/30 10:59:37 sendResult......
2023/01/30 10:59:37 sendResult......
2023/01/30 10:59:37 sendResult......
2023/01/30 10:59:37 sendResult......
2023/01/30 10:59:37 sendResult......
2023/01/30 10:59:37 sendResult......
2023/01/30 10:59:37 sendResult......
2023/01/30 10:59:37 sendResult......
2023/01/30 10:59:37 sendResult......
2023/01/30 10:59:37 sendResult......
2023/01/30 10:59:37 result node id 0
2023/01/30 11:00:37 wait 60 seconds .....
2023/01/30 11:00:37 ActiveFunctions is nil, init now
2023/01/30 11:00:37 NodeFunctions is nil, init now
2023/01/30 11:00:37 NodeFunctions is nil, init now
2023/01/30 11:00:37 NodeFunctions is nil, init now
2023/01/30 11:00:37 NodeFunctions is nil, init now
2023/01/30 11:00:37 NodeFunctions is nil, init now
2023/01/30 11:00:37 containercount %d 28
2023/01/30 11:00:37 sendResult......
2023/01/30 11:00:37 sendResult......
2023/01/30 11:00:37 sendResult......
2023/01/30 11:00:37 sendResult......
2023/01/30 11:00:37 sendResult......
2023/01/30 11:00:37 sendResult......
2023/01/30 11:00:37 sendResult......
2023/01/30 11:00:37 sendResult......
2023/01/30 11:00:37 sendResult......
2023/01/30 11:00:37 sendResult......
2023/01/30 11:00:37 sendResult......
2023/01/30 11:00:37 sendResult......
2023/01/30 11:00:37 sendResult......
2023/01/30 11:00:37 sendResult......
2023/01/30 11:00:37 sendResult......
2023/01/30 11:00:37 sendResult......
2023/01/30 11:00:37 result node id 0
2023/01/30 11:00:39 Successfully assigned container-4-28-00001-deployment-6959bdb6dc-cqm8g to kworker-3
2023/01/30 11:01:37 wait 60 seconds .....
2023/01/30 11:01:37 ActiveFunctions is nil, init now
2023/01/30 11:01:37 NodeFunctions is nil, init now
2023/01/30 11:01:37 NodeFunctions is nil, init now
2023/01/30 11:01:37 NodeFunctions is nil, init now
2023/01/30 11:01:37 NodeFunctions is nil, init now
2023/01/30 11:01:37 NodeFunctions is nil, init now
2023/01/30 11:01:37 Starting scaler deleteService() ......
2023/01/30 11:01:37 deleteService: service is deleted: container-4-28
2023/01/30 11:01:37 containercount %d 29
2023/01/30 11:01:37 sendResult......
2023/01/30 11:01:37 sendResult......
2023/01/30 11:01:37 sendResult......
2023/01/30 11:01:38 sendResult......
2023/01/30 11:01:38 sendResult......
2023/01/30 11:01:38 sendResult......
2023/01/30 11:01:38 sendResult......
2023/01/30 11:01:38 sendResult......
2023/01/30 11:01:38 sendResult......
2023/01/30 11:01:38 sendResult......
2023/01/30 11:01:38 sendResult......
2023/01/30 11:01:38 sendResult......
2023/01/30 11:01:38 sendResult......
2023/01/30 11:01:38 sendResult......
2023/01/30 11:01:38 sendResult......
2023/01/30 11:01:38 sendResult......
2023/01/30 11:01:38 result node id 0
2023/01/30 11:01:39 Successfully assigned container-4-29-00001-deployment-7f4ddffbcc-98pws to kworker-3
2023/01/30 11:02:38 wait 60 seconds .....
2023/01/30 11:02:38 ActiveFunctions is nil, init now
2023/01/30 11:02:38 NodeFunctions is nil, init now
2023/01/30 11:02:38 NodeFunctions is nil, init now
2023/01/30 11:02:38 NodeFunctions is nil, init now
2023/01/30 11:02:38 NodeFunctions is nil, init now
2023/01/30 11:02:38 NodeFunctions is nil, init now
2023/01/30 11:02:38 Starting scaler deleteService() ......
2023/01/30 11:02:38 deleteService: service is deleted: container-4-29
2023/01/30 11:02:38 sendResult......
2023/01/30 11:02:38 sendResult......
2023/01/30 11:02:38 sendResult......
2023/01/30 11:02:38 sendResult......
2023/01/30 11:02:38 sendResult......
2023/01/30 11:02:38 sendResult......
2023/01/30 11:02:38 sendResult......
2023/01/30 11:02:38 sendResult......
2023/01/30 11:02:38 sendResult......
2023/01/30 11:02:38 sendResult......
2023/01/30 11:02:38 sendResult......
2023/01/30 11:02:38 sendResult......
2023/01/30 11:02:38 sendResult......
2023/01/30 11:02:38 sendResult......
2023/01/30 11:02:38 sendResult......
2023/01/30 11:02:38 result node id 0
2023/01/30 11:03:38 wait 60 seconds .....
2023/01/30 11:03:38 ActiveFunctions is nil, init now
2023/01/30 11:03:38 NodeFunctions is nil, init now
2023/01/30 11:03:38 NodeFunctions is nil, init now
2023/01/30 11:03:38 NodeFunctions is nil, init now
2023/01/30 11:03:38 NodeFunctions is nil, init now
2023/01/30 11:03:38 NodeFunctions is nil, init now
2023/01/30 11:03:38 containercount %d 30
2023/01/30 11:03:38 NodeFunctions is nil, init now
2023/01/30 11:03:38 sendResult......
2023/01/30 11:03:38 sendResult......
2023/01/30 11:03:38 sendResult......
2023/01/30 11:03:38 sendResult......
2023/01/30 11:03:38 sendResult......
2023/01/30 11:03:38 sendResult......
2023/01/30 11:03:38 sendResult......
2023/01/30 11:03:38 sendResult......
2023/01/30 11:03:38 sendResult......
2023/01/30 11:03:38 sendResult......
2023/01/30 11:03:38 sendResult......
2023/01/30 11:03:38 sendResult......
2023/01/30 11:03:38 sendResult......
2023/01/30 11:03:38 sendResult......
2023/01/30 11:03:38 sendResult......
2023/01/30 11:03:38 sendResult......
2023/01/30 11:03:38 result node id 0
2023/01/30 11:03:39 Successfully assigned container-3-30-00001-deployment-7d66dfd8c8-rpnmg to kworker-4
2023/01/30 11:04:38 wait 60 seconds .....
2023/01/30 11:04:38 ActiveFunctions is nil, init now
2023/01/30 11:04:38 NodeFunctions is nil, init now
2023/01/30 11:04:38 NodeFunctions is nil, init now
2023/01/30 11:04:38 NodeFunctions is nil, init now
2023/01/30 11:04:38 NodeFunctions is nil, init now
2023/01/30 11:04:38 NodeFunctions is nil, init now
2023/01/30 11:04:38 NodeFunctions is nil, init now
2023/01/30 11:04:38 sendResult......
2023/01/30 11:04:38 sendResult......
2023/01/30 11:04:38 sendResult......
2023/01/30 11:04:38 sendResult......
2023/01/30 11:04:38 sendResult......
2023/01/30 11:04:38 sendResult......
2023/01/30 11:04:38 sendResult......
2023/01/30 11:04:38 sendResult......
2023/01/30 11:04:38 sendResult......
2023/01/30 11:04:38 sendResult......
2023/01/30 11:04:38 sendResult......
2023/01/30 11:04:38 sendResult......
2023/01/30 11:04:38 sendResult......
2023/01/30 11:04:38 sendResult......
2023/01/30 11:04:38 sendResult......
2023/01/30 11:04:38 result node id 0
2023/01/30 11:05:38 wait 60 seconds .....
2023/01/30 11:05:38 ActiveFunctions is nil, init now
2023/01/30 11:05:38 NodeFunctions is nil, init now
2023/01/30 11:05:38 NodeFunctions is nil, init now
2023/01/30 11:05:38 NodeFunctions is nil, init now
2023/01/30 11:05:38 NodeFunctions is nil, init now
2023/01/30 11:05:38 NodeFunctions is nil, init now
2023/01/30 11:05:38 NodeFunctions is nil, init now
2023/01/30 11:05:38 sendResult......
2023/01/30 11:05:38 sendResult......
2023/01/30 11:05:38 sendResult......
2023/01/30 11:05:38 sendResult......
2023/01/30 11:05:38 sendResult......
2023/01/30 11:05:38 sendResult......
2023/01/30 11:05:38 sendResult......
2023/01/30 11:05:38 sendResult......
2023/01/30 11:05:38 sendResult......
2023/01/30 11:05:38 sendResult......
2023/01/30 11:05:38 sendResult......
2023/01/30 11:05:38 sendResult......
2023/01/30 11:05:38 sendResult......
2023/01/30 11:05:38 sendResult......
2023/01/30 11:05:38 sendResult......
2023/01/30 11:05:38 result node id 0
2023/01/30 11:06:38 wait 60 seconds .....
2023/01/30 11:06:38 ActiveFunctions is nil, init now
2023/01/30 11:06:38 NodeFunctions is nil, init now
2023/01/30 11:06:38 NodeFunctions is nil, init now
2023/01/30 11:06:38 NodeFunctions is nil, init now
2023/01/30 11:06:38 NodeFunctions is nil, init now
2023/01/30 11:06:38 NodeFunctions is nil, init now
2023/01/30 11:06:38 NodeFunctions is nil, init now
2023/01/30 11:06:38 sendResult......
2023/01/30 11:06:38 sendResult......
2023/01/30 11:06:38 sendResult......
2023/01/30 11:06:38 sendResult......
2023/01/30 11:06:38 sendResult......
2023/01/30 11:06:38 sendResult......
2023/01/30 11:06:38 sendResult......
2023/01/30 11:06:38 sendResult......
2023/01/30 11:06:38 sendResult......
2023/01/30 11:06:38 sendResult......
2023/01/30 11:06:38 sendResult......
2023/01/30 11:06:38 sendResult......
2023/01/30 11:06:38 sendResult......
2023/01/30 11:06:38 sendResult......
2023/01/30 11:06:38 sendResult......
2023/01/30 11:06:38 result node id 0
2023/01/30 11:07:38 wait 60 seconds .....
2023/01/30 11:07:38 ActiveFunctions is nil, init now
2023/01/30 11:07:38 NodeFunctions is nil, init now
2023/01/30 11:07:38 NodeFunctions is nil, init now
2023/01/30 11:07:38 NodeFunctions is nil, init now
2023/01/30 11:07:38 NodeFunctions is nil, init now
2023/01/30 11:07:38 NodeFunctions is nil, init now
2023/01/30 11:07:38 NodeFunctions is nil, init now
2023/01/30 11:07:38 sendResult......
2023/01/30 11:07:38 sendResult......
2023/01/30 11:07:38 sendResult......
2023/01/30 11:07:38 sendResult......
2023/01/30 11:07:38 sendResult......
2023/01/30 11:07:38 sendResult......
2023/01/30 11:07:38 sendResult......
2023/01/30 11:07:38 sendResult......
2023/01/30 11:07:38 sendResult......
2023/01/30 11:07:38 sendResult......
2023/01/30 11:07:38 sendResult......
2023/01/30 11:07:38 sendResult......
2023/01/30 11:07:38 sendResult......
2023/01/30 11:07:38 sendResult......
2023/01/30 11:07:38 sendResult......
2023/01/30 11:07:38 result node id 0
2023/01/30 11:08:38 wait 60 seconds .....
2023/01/30 11:08:38 ActiveFunctions is nil, init now
2023/01/30 11:08:38 NodeFunctions is nil, init now
2023/01/30 11:08:38 NodeFunctions is nil, init now
2023/01/30 11:08:38 NodeFunctions is nil, init now
2023/01/30 11:08:38 NodeFunctions is nil, init now
2023/01/30 11:08:38 NodeFunctions is nil, init now
2023/01/30 11:08:38 NodeFunctions is nil, init now
2023/01/30 11:08:38 sendResult......
2023/01/30 11:08:38 sendResult......
2023/01/30 11:08:38 sendResult......
2023/01/30 11:08:38 sendResult......
2023/01/30 11:08:38 sendResult......
2023/01/30 11:08:38 sendResult......
2023/01/30 11:08:38 sendResult......
2023/01/30 11:08:38 sendResult......
2023/01/30 11:08:38 sendResult......
2023/01/30 11:08:38 sendResult......
2023/01/30 11:08:38 sendResult......
2023/01/30 11:08:38 sendResult......
2023/01/30 11:08:38 sendResult......
2023/01/30 11:08:38 sendResult......
2023/01/30 11:08:38 sendResult......
2023/01/30 11:08:38 result node id 0
2023/01/30 11:09:38 wait 60 seconds .....
2023/01/30 11:09:38 ActiveFunctions is nil, init now
2023/01/30 11:09:38 NodeFunctions is nil, init now
2023/01/30 11:09:38 NodeFunctions is nil, init now
2023/01/30 11:09:38 NodeFunctions is nil, init now
2023/01/30 11:09:38 NodeFunctions is nil, init now
2023/01/30 11:09:38 NodeFunctions is nil, init now
2023/01/30 11:09:38 NodeFunctions is nil, init now
2023/01/30 11:09:38 sendResult......
2023/01/30 11:09:38 sendResult......
2023/01/30 11:09:38 sendResult......
2023/01/30 11:09:38 sendResult......
2023/01/30 11:09:38 sendResult......
2023/01/30 11:09:38 sendResult......
2023/01/30 11:09:38 sendResult......
2023/01/30 11:09:38 sendResult......
2023/01/30 11:09:38 sendResult......
2023/01/30 11:09:38 sendResult......
2023/01/30 11:09:38 sendResult......
2023/01/30 11:09:38 sendResult......
2023/01/30 11:09:38 sendResult......
2023/01/30 11:09:38 sendResult......
2023/01/30 11:09:38 sendResult......
2023/01/30 11:09:38 result node id 0
2023/01/30 11:10:38 wait 60 seconds .....
2023/01/30 11:10:38 ActiveFunctions is nil, init now
2023/01/30 11:10:38 NodeFunctions is nil, init now
2023/01/30 11:10:38 NodeFunctions is nil, init now
2023/01/30 11:10:38 NodeFunctions is nil, init now
2023/01/30 11:10:38 NodeFunctions is nil, init now
2023/01/30 11:10:38 NodeFunctions is nil, init now
2023/01/30 11:10:38 NodeFunctions is nil, init now
2023/01/30 11:10:38 sendResult......
2023/01/30 11:10:38 sendResult......
2023/01/30 11:10:38 sendResult......
2023/01/30 11:10:38 sendResult......
2023/01/30 11:10:38 sendResult......
2023/01/30 11:10:38 sendResult......
2023/01/30 11:10:38 sendResult......
2023/01/30 11:10:38 sendResult......
2023/01/30 11:10:38 sendResult......
2023/01/30 11:10:38 sendResult......
2023/01/30 11:10:38 sendResult......
2023/01/30 11:10:38 sendResult......
2023/01/30 11:10:38 sendResult......
2023/01/30 11:10:38 sendResult......
2023/01/30 11:10:38 sendResult......
2023/01/30 11:10:38 result node id 0
2023/01/30 11:11:38 wait 60 seconds .....
2023/01/30 11:11:38 ActiveFunctions is nil, init now
2023/01/30 11:11:38 NodeFunctions is nil, init now
2023/01/30 11:11:38 NodeFunctions is nil, init now
2023/01/30 11:11:38 NodeFunctions is nil, init now
2023/01/30 11:11:38 NodeFunctions is nil, init now
2023/01/30 11:11:38 NodeFunctions is nil, init now
2023/01/30 11:11:38 NodeFunctions is nil, init now
2023/01/30 11:11:38 sendResult......
2023/01/30 11:11:38 sendResult......
2023/01/30 11:11:38 sendResult......
2023/01/30 11:11:38 sendResult......
2023/01/30 11:11:38 sendResult......
2023/01/30 11:11:38 sendResult......
2023/01/30 11:11:38 sendResult......
2023/01/30 11:11:38 sendResult......
2023/01/30 11:11:38 sendResult......
2023/01/30 11:11:38 sendResult......
2023/01/30 11:11:38 sendResult......
2023/01/30 11:11:38 sendResult......
2023/01/30 11:11:38 sendResult......
2023/01/30 11:11:38 sendResult......
2023/01/30 11:11:38 sendResult......
2023/01/30 11:11:38 result node id 0
2023/01/30 11:12:38 wait 60 seconds .....
2023/01/30 11:12:38 ActiveFunctions is nil, init now
2023/01/30 11:12:38 NodeFunctions is nil, init now
2023/01/30 11:12:38 NodeFunctions is nil, init now
2023/01/30 11:12:38 NodeFunctions is nil, init now
2023/01/30 11:12:38 NodeFunctions is nil, init now
2023/01/30 11:12:38 NodeFunctions is nil, init now
2023/01/30 11:12:38 NodeFunctions is nil, init now
2023/01/30 11:12:38 sendResult......
2023/01/30 11:12:38 sendResult......
2023/01/30 11:12:38 sendResult......
2023/01/30 11:12:38 sendResult......
2023/01/30 11:12:38 sendResult......
2023/01/30 11:12:38 sendResult......
2023/01/30 11:12:38 sendResult......
2023/01/30 11:12:38 sendResult......
2023/01/30 11:12:38 sendResult......
2023/01/30 11:12:38 sendResult......
2023/01/30 11:12:38 sendResult......
2023/01/30 11:12:38 sendResult......
2023/01/30 11:12:38 sendResult......
2023/01/30 11:12:38 sendResult......
2023/01/30 11:12:38 sendResult......
2023/01/30 11:12:38 result node id 0
2023/01/30 11:13:38 wait 60 seconds .....
2023/01/30 11:13:38 ActiveFunctions is nil, init now
2023/01/30 11:13:38 NodeFunctions is nil, init now
2023/01/30 11:13:38 NodeFunctions is nil, init now
2023/01/30 11:13:38 NodeFunctions is nil, init now
2023/01/30 11:13:38 NodeFunctions is nil, init now
2023/01/30 11:13:38 NodeFunctions is nil, init now
2023/01/30 11:13:38 NodeFunctions is nil, init now
2023/01/30 11:13:38 sendResult......
2023/01/30 11:13:38 sendResult......
2023/01/30 11:13:38 sendResult......
2023/01/30 11:13:38 sendResult......
2023/01/30 11:13:38 sendResult......
2023/01/30 11:13:38 sendResult......
2023/01/30 11:13:38 sendResult......
2023/01/30 11:13:38 sendResult......
2023/01/30 11:13:38 sendResult......
2023/01/30 11:13:38 sendResult......
2023/01/30 11:13:38 sendResult......
2023/01/30 11:13:38 sendResult......
2023/01/30 11:13:38 sendResult......
2023/01/30 11:13:38 sendResult......
2023/01/30 11:13:38 sendResult......
2023/01/30 11:13:38 result node id 0
2023/01/30 11:14:38 wait 60 seconds .....
2023/01/30 11:14:38 ActiveFunctions is nil, init now
2023/01/30 11:14:38 NodeFunctions is nil, init now
2023/01/30 11:14:38 NodeFunctions is nil, init now
2023/01/30 11:14:38 NodeFunctions is nil, init now
2023/01/30 11:14:38 NodeFunctions is nil, init now
2023/01/30 11:14:38 NodeFunctions is nil, init now
2023/01/30 11:14:38 NodeFunctions is nil, init now
2023/01/30 11:14:38 sendResult......
2023/01/30 11:14:38 sendResult......
2023/01/30 11:14:38 sendResult......
2023/01/30 11:14:38 sendResult......
2023/01/30 11:14:38 sendResult......
2023/01/30 11:14:38 sendResult......
2023/01/30 11:14:38 sendResult......
2023/01/30 11:14:38 sendResult......
2023/01/30 11:14:38 sendResult......
2023/01/30 11:14:38 sendResult......
2023/01/30 11:14:38 sendResult......
2023/01/30 11:14:38 sendResult......
2023/01/30 11:14:38 sendResult......
2023/01/30 11:14:38 sendResult......
2023/01/30 11:14:38 sendResult......
2023/01/30 11:14:38 result node id 0
2023/01/30 11:15:38 wait 60 seconds .....
2023/01/30 11:15:38 ActiveFunctions is nil, init now
2023/01/30 11:15:38 NodeFunctions is nil, init now
2023/01/30 11:15:38 NodeFunctions is nil, init now
2023/01/30 11:15:38 NodeFunctions is nil, init now
2023/01/30 11:15:38 NodeFunctions is nil, init now
2023/01/30 11:15:38 NodeFunctions is nil, init now
2023/01/30 11:15:38 NodeFunctions is nil, init now
2023/01/30 11:15:38 sendResult......
2023/01/30 11:15:38 sendResult......
2023/01/30 11:15:38 sendResult......
2023/01/30 11:15:38 sendResult......
2023/01/30 11:15:38 sendResult......
2023/01/30 11:15:38 sendResult......
2023/01/30 11:15:38 sendResult......
2023/01/30 11:15:38 sendResult......
2023/01/30 11:15:38 sendResult......
2023/01/30 11:15:38 sendResult......
2023/01/30 11:15:38 sendResult......
2023/01/30 11:15:38 sendResult......
2023/01/30 11:15:38 sendResult......
2023/01/30 11:15:38 sendResult......
2023/01/30 11:15:38 sendResult......
2023/01/30 11:15:38 result node id 0
2023/01/30 11:16:38 wait 60 seconds .....
2023/01/30 11:16:38 ActiveFunctions is nil, init now
2023/01/30 11:16:38 NodeFunctions is nil, init now
2023/01/30 11:16:38 NodeFunctions is nil, init now
2023/01/30 11:16:38 NodeFunctions is nil, init now
2023/01/30 11:16:38 NodeFunctions is nil, init now
2023/01/30 11:16:38 NodeFunctions is nil, init now
2023/01/30 11:16:38 NodeFunctions is nil, init now
2023/01/30 11:16:38 sendResult......
2023/01/30 11:16:38 sendResult......
2023/01/30 11:16:38 sendResult......
2023/01/30 11:16:38 sendResult......
2023/01/30 11:16:38 sendResult......
2023/01/30 11:16:38 sendResult......
2023/01/30 11:16:38 sendResult......
2023/01/30 11:16:38 sendResult......
2023/01/30 11:16:38 sendResult......
2023/01/30 11:16:38 sendResult......
2023/01/30 11:16:38 sendResult......
2023/01/30 11:16:38 sendResult......
2023/01/30 11:16:38 sendResult......
2023/01/30 11:16:38 sendResult......
2023/01/30 11:16:38 sendResult......
2023/01/30 11:16:38 result node id 0
2023/01/30 11:17:38 wait 60 seconds .....
2023/01/30 11:17:38 total Request [4459] 
2023/01/30 11:17:38 start to show phynode mem .... 
2023/01/30 11:17:38 Node%!(EXTRA int=0, string=remaining mem , float64=84.98999999999995, string=MB)
2023/01/30 11:17:38 Node%!(EXTRA int=1, string=remaining mem , float64=67.13999999999987, string=MB)
2023/01/30 11:17:38 Node%!(EXTRA int=2, string=remaining mem , float64=178.79000000000008, string=MB)
2023/01/30 11:17:38 Node%!(EXTRA int=3, string=remaining mem , float64=234.69, string=MB)
2023/01/30 11:17:38 Node%!(EXTRA int=4, string=remaining mem , float64=613.04, string=MB)
2023/01/30 11:17:38 Node%!(EXTRA int=5, string=remaining mem , float64=841.06, string=MB)
2023/01/30 11:17:38 Node%!(EXTRA int=6, string=remaining mem , float64=944.15, string=MB)
2023/01/30 11:17:38 Node%!(EXTRA int=7, string=remaining mem , float64=1000, string=MB)
2023/01/30 11:17:38 Node%!(EXTRA int=8, string=remaining mem , float64=1000, string=MB)
2023/01/30 11:17:38 Node%!(EXTRA int=9, string=remaining mem , float64=1000, string=MB)
2023/01/30 11:17:38 ActiveFunctions is empty
2023/01/30 11:17:38 show CacheMap....
2023/01/30 11:17:38 phynode id %!(EXTRA int=5, string=cache size is , int=30)
2023/01/30 11:17:38 phynode id %!(EXTRA int=0, string=cache size is , int=125)
2023/01/30 11:17:38 phynode id %!(EXTRA int=1, string=cache size is , int=89)
2023/01/30 11:17:38 phynode id %!(EXTRA int=2, string=cache size is , int=148)
2023/01/30 11:17:38 phynode id %!(EXTRA int=3, string=cache size is , int=90)
2023/01/30 11:17:38 phynode id %!(EXTRA int=4, string=cache size is , int=15)
2023/01/30 11:17:38 phynode id %!(EXTRA int=6, string=cache size is , int=1)
2023/01/30 11:17:38 ActiveFunctions is empty
2023/01/30 11:17:38 CacheMap Priority....
2023/01/30 11:17:38 Function %!(EXTRA string=container-3-23, string= Priority , float64=49.382712693666754)
2023/01/30 11:17:38 Function %!(EXTRA string=container-3-26, string= Priority , float64=65.51028359155568)
2023/01/30 11:17:38 Function %!(EXTRA string=container-2-18, string= Priority , float64=202.20800302000757)
2023/01/30 11:17:38 Function %!(EXTRA string=container-2-18, string= Priority , float64=202.20800302000757)
2023/01/30 11:17:38 Function %!(EXTRA string=container-2-18, string= Priority , float64=202.20800302000757)
2023/01/30 11:17:38 Function %!(EXTRA string=container-2-18, string= Priority , float64=202.20800302000757)
2023/01/30 11:17:38 Function %!(EXTRA string=container-2-18, string= Priority , float64=202.20800302000757)
2023/01/30 11:17:38 Function %!(EXTRA string=container-2-18, string= Priority , float64=202.20800302000757)
2023/01/30 11:17:38 Function %!(EXTRA string=container-2-18, string= Priority , float64=202.20800302000757)
2023/01/30 11:17:38 Function %!(EXTRA string=container-2-18, string= Priority , float64=202.20800302000757)
2023/01/30 11:17:38 Function %!(EXTRA string=container-2-18, string= Priority , float64=202.20800302000757)
2023/01/30 11:17:38 Function %!(EXTRA string=container-2-18, string= Priority , float64=202.20800302000757)
2023/01/30 11:17:38 Function %!(EXTRA string=container-2-18, string= Priority , float64=202.20800302000757)
2023/01/30 11:17:38 Function %!(EXTRA string=container-2-18, string= Priority , float64=202.20800302000757)
2023/01/30 11:17:38 Function %!(EXTRA string=container-2-18, string= Priority , float64=202.20800302000757)
2023/01/30 11:17:38 Function %!(EXTRA string=container-2-18, string= Priority , float64=202.20800302000757)
2023/01/30 11:17:38 Function %!(EXTRA string=container-2-18, string= Priority , float64=202.20800302000757)
2023/01/30 11:17:38 Function %!(EXTRA string=container-2-18, string= Priority , float64=202.20800302000757)
2023/01/30 11:17:38 Function %!(EXTRA string=container-2-18, string= Priority , float64=202.20800302000757)
2023/01/30 11:17:38 Function %!(EXTRA string=container-2-18, string= Priority , float64=202.20800302000757)
2023/01/30 11:17:38 Function %!(EXTRA string=container-2-18, string= Priority , float64=202.20800302000757)
2023/01/30 11:17:38 Function %!(EXTRA string=container-2-18, string= Priority , float64=202.20800302000757)
2023/01/30 11:17:38 Function %!(EXTRA string=container-2-18, string= Priority , float64=202.20800302000757)
2023/01/30 11:17:38 Function %!(EXTRA string=container-2-18, string= Priority , float64=235.74267019000882)
2023/01/30 11:17:38 Function %!(EXTRA string=container-2-18, string= Priority , float64=235.74267019000882)
2023/01/30 11:17:38 Function %!(EXTRA string=container-2-18, string= Priority , float64=235.74267019000882)
2023/01/30 11:17:38 Function %!(EXTRA string=container-2-18, string= Priority , float64=235.74267019000882)
2023/01/30 11:17:38 Function %!(EXTRA string=container-2-18, string= Priority , float64=235.74267019000882)
2023/01/30 11:17:38 Function %!(EXTRA string=container-2-18, string= Priority , float64=235.74267019000882)
2023/01/30 11:17:38 Function %!(EXTRA string=container-2-18, string= Priority , float64=235.74267019000882)
2023/01/30 11:17:38 Function %!(EXTRA string=container-2-18, string= Priority , float64=235.74267019000882)
2023/01/30 11:17:38 Function %!(EXTRA string=container-2-18, string= Priority , float64=235.74267019000882)
2023/01/30 11:17:38 Function %!(EXTRA string=container-2-18, string= Priority , float64=235.74267019000882)
2023/01/30 11:17:38 Function %!(EXTRA string=container-2-18, string= Priority , float64=235.74267019000882)
2023/01/30 11:17:38 Function %!(EXTRA string=container-2-18, string= Priority , float64=235.74267019000882)
2023/01/30 11:17:38 Function %!(EXTRA string=container-2-18, string= Priority , float64=235.74267019000882)
2023/01/30 11:17:38 Function %!(EXTRA string=container-2-18, string= Priority , float64=235.74267019000882)
2023/01/30 11:17:38 Function %!(EXTRA string=container-2-18, string= Priority , float64=235.74267019000882)
2023/01/30 11:17:38 Function %!(EXTRA string=container-2-18, string= Priority , float64=235.74267019000882)
2023/01/30 11:17:38 Function %!(EXTRA string=container-2-18, string= Priority , float64=235.74267019000882)
2023/01/30 11:17:38 Function %!(EXTRA string=container-2-18, string= Priority , float64=235.74267019000882)
2023/01/30 11:17:38 Function %!(EXTRA string=container-2-18, string= Priority , float64=235.74267019000882)
2023/01/30 11:17:38 Function %!(EXTRA string=container-2-18, string= Priority , float64=235.74267019000882)
2023/01/30 11:17:38 Function %!(EXTRA string=container-2-18, string= Priority , float64=235.74267019000882)
2023/01/30 11:17:38 Function %!(EXTRA string=container-2-18, string= Priority , float64=235.74267019000882)
2023/01/30 11:17:38 Function %!(EXTRA string=container-2-18, string= Priority , float64=235.74267019000882)
2023/01/30 11:17:38 Function %!(EXTRA string=container-2-18, string= Priority , float64=235.74267019000882)
2023/01/30 11:17:38 Function %!(EXTRA string=container-2-18, string= Priority , float64=235.74267019000882)
2023/01/30 11:17:38 Function %!(EXTRA string=container-2-18, string= Priority , float64=235.74267019000882)
2023/01/30 11:17:38 Function %!(EXTRA string=container-2-18, string= Priority , float64=235.74267019000882)
2023/01/30 11:17:38 Function %!(EXTRA string=container-2-18, string= Priority , float64=235.74267019000882)
2023/01/30 11:17:38 Function %!(EXTRA string=container-2-18, string= Priority , float64=235.74267019000882)
2023/01/30 11:17:38 Function %!(EXTRA string=container-2-18, string= Priority , float64=235.74267019000882)
2023/01/30 11:17:38 Function %!(EXTRA string=container-2-18, string= Priority , float64=235.74267019000882)
2023/01/30 11:17:38 Function %!(EXTRA string=container-2-18, string= Priority , float64=235.74267019000882)
2023/01/30 11:17:38 Function %!(EXTRA string=container-2-18, string= Priority , float64=235.74267019000882)
2023/01/30 11:17:38 Function %!(EXTRA string=container-2-18, string= Priority , float64=235.74267019000882)
2023/01/30 11:17:38 Function %!(EXTRA string=container-2-18, string= Priority , float64=235.74267019000882)
2023/01/30 11:17:38 Function %!(EXTRA string=container-2-18, string= Priority , float64=235.74267019000882)
2023/01/30 11:17:38 Function %!(EXTRA string=container-2-18, string= Priority , float64=235.74267019000882)
2023/01/30 11:17:38 Function %!(EXTRA string=container-2-18, string= Priority , float64=235.74267019000882)
2023/01/30 11:17:38 Function %!(EXTRA string=container-2-18, string= Priority , float64=235.74267019000882)
2023/01/30 11:17:38 Function %!(EXTRA string=container-2-18, string= Priority , float64=235.74267019000882)
2023/01/30 11:17:38 Function %!(EXTRA string=container-2-18, string= Priority , float64=235.74267019000882)
2023/01/30 11:17:38 Function %!(EXTRA string=container-2-18, string= Priority , float64=235.74267019000882)
2023/01/30 11:17:38 Function %!(EXTRA string=container-2-18, string= Priority , float64=235.74267019000882)
2023/01/30 11:17:38 Function %!(EXTRA string=container-2-18, string= Priority , float64=235.74267019000882)
2023/01/30 11:17:38 Function %!(EXTRA string=container-2-18, string= Priority , float64=235.74267019000882)
2023/01/30 11:17:38 Function %!(EXTRA string=container-2-18, string= Priority , float64=235.74267019000882)
2023/01/30 11:17:38 Function %!(EXTRA string=container-2-18, string= Priority , float64=235.74267019000882)
2023/01/30 11:17:38 Function %!(EXTRA string=container-2-18, string= Priority , float64=235.74267019000882)
2023/01/30 11:17:38 Function %!(EXTRA string=container-2-18, string= Priority , float64=235.74267019000882)
2023/01/30 11:17:38 Function %!(EXTRA string=container-2-18, string= Priority , float64=235.74267019000882)
2023/01/30 11:17:38 Function %!(EXTRA string=container-2-18, string= Priority , float64=235.74267019000882)
2023/01/30 11:17:38 Function %!(EXTRA string=container-2-18, string= Priority , float64=235.74267019000882)
2023/01/30 11:17:38 Function %!(EXTRA string=container-2-18, string= Priority , float64=235.74267019000882)
2023/01/30 11:17:38 Function %!(EXTRA string=container-2-18, string= Priority , float64=235.74267019000882)
2023/01/30 11:17:38 Function %!(EXTRA string=container-2-18, string= Priority , float64=235.74267019000882)
2023/01/30 11:17:38 Function %!(EXTRA string=container-2-18, string= Priority , float64=235.74267019000882)
2023/01/30 11:17:38 Function %!(EXTRA string=container-2-18, string= Priority , float64=235.74267019000882)
2023/01/30 11:17:38 Function %!(EXTRA string=container-2-18, string= Priority , float64=235.74267019000882)
2023/01/30 11:17:38 Function %!(EXTRA string=container-2-18, string= Priority , float64=235.74267019000882)
2023/01/30 11:17:38 Function %!(EXTRA string=container-2-18, string= Priority , float64=235.74267019000882)
2023/01/30 11:17:38 Function %!(EXTRA string=container-2-18, string= Priority , float64=235.74267019000882)
2023/01/30 11:17:38 Function %!(EXTRA string=container-2-18, string= Priority , float64=235.74267019000882)
2023/01/30 11:17:38 Function %!(EXTRA string=container-2-18, string= Priority , float64=235.74267019000882)
2023/01/30 11:17:38 Function %!(EXTRA string=container-2-18, string= Priority , float64=235.74267019000882)
2023/01/30 11:17:38 Function %!(EXTRA string=container-2-18, string= Priority , float64=235.74267019000882)
2023/01/30 11:17:38 Function %!(EXTRA string=container-2-18, string= Priority , float64=235.74267019000882)
2023/01/30 11:17:38 Function %!(EXTRA string=container-2-18, string= Priority , float64=235.74267019000882)
2023/01/30 11:17:38 Function %!(EXTRA string=container-3-30, string= Priority , float64=33.25514179577784)
2023/01/30 11:17:38 Function %!(EXTRA string=container-1-10, string= Priority , float64=953.5514771709937)
2023/01/30 11:17:38 Function %!(EXTRA string=container-1-10, string= Priority , float64=953.5514771709937)
2023/01/30 11:17:38 Function %!(EXTRA string=container-1-10, string= Priority , float64=953.5514771709937)
2023/01/30 11:17:38 Function %!(EXTRA string=container-1-10, string= Priority , float64=953.5514771709937)
2023/01/30 11:17:38 Function %!(EXTRA string=container-1-10, string= Priority , float64=953.5514771709937)
2023/01/30 11:17:38 Function %!(EXTRA string=container-1-10, string= Priority , float64=953.5514771709937)
2023/01/30 11:17:38 Function %!(EXTRA string=container-1-10, string= Priority , float64=953.5514771709937)
2023/01/30 11:17:38 Function %!(EXTRA string=container-1-10, string= Priority , float64=953.5514771709937)
2023/01/30 11:17:38 Function %!(EXTRA string=container-1-10, string= Priority , float64=953.5514771709937)
2023/01/30 11:17:38 Function %!(EXTRA string=container-1-10, string= Priority , float64=953.5514771709937)
2023/01/30 11:17:38 Function %!(EXTRA string=container-1-10, string= Priority , float64=953.5514771709937)
2023/01/30 11:17:38 Function %!(EXTRA string=container-1-10, string= Priority , float64=953.5514771709937)
2023/01/30 11:17:38 Function %!(EXTRA string=container-1-10, string= Priority , float64=953.5514771709937)
2023/01/30 11:17:38 Function %!(EXTRA string=container-1-10, string= Priority , float64=953.5514771709937)
2023/01/30 11:17:38 Function %!(EXTRA string=container-1-11, string= Priority , float64=858.2963294538944)
2023/01/30 11:17:38 Function %!(EXTRA string=container-2-19, string= Priority , float64=168.67333585000628)
2023/01/30 11:17:38 Function %!(EXTRA string=container-2-19, string= Priority , float64=235.74267019000882)
2023/01/30 11:17:38 Function %!(EXTRA string=container-2-19, string= Priority , float64=235.74267019000882)
2023/01/30 11:17:38 Function %!(EXTRA string=container-2-19, string= Priority , float64=235.74267019000882)
2023/01/30 11:17:38 Function %!(EXTRA string=container-2-19, string= Priority , float64=235.74267019000882)
2023/01/30 11:17:38 Function %!(EXTRA string=container-2-19, string= Priority , float64=235.74267019000882)
2023/01/30 11:17:38 Function %!(EXTRA string=container-2-19, string= Priority , float64=235.74267019000882)
2023/01/30 11:17:38 Function %!(EXTRA string=container-2-19, string= Priority , float64=235.74267019000882)
2023/01/30 11:17:38 Function %!(EXTRA string=container-2-19, string= Priority , float64=235.74267019000882)
2023/01/30 11:17:38 Function %!(EXTRA string=container-2-19, string= Priority , float64=235.74267019000882)
2023/01/30 11:17:38 Function %!(EXTRA string=container-2-19, string= Priority , float64=235.74267019000882)
2023/01/30 11:17:38 Function %!(EXTRA string=container-2-19, string= Priority , float64=235.74267019000882)
2023/01/30 11:17:38 Function %!(EXTRA string=container-2-19, string= Priority , float64=235.74267019000882)
2023/01/30 11:17:38 Function %!(EXTRA string=container-2-19, string= Priority , float64=235.74267019000882)
2023/01/30 11:17:38 Function %!(EXTRA string=container-2-19, string= Priority , float64=235.74267019000882)
2023/01/30 11:17:38 Function %!(EXTRA string=container-2-19, string= Priority , float64=235.74267019000882)
2023/01/30 11:17:38 Function %!(EXTRA string=container-2-19, string= Priority , float64=235.74267019000882)
2023/01/30 11:17:38 Function %!(EXTRA string=container-2-19, string= Priority , float64=235.74267019000882)
2023/01/30 11:17:38 Function %!(EXTRA string=container-2-19, string= Priority , float64=235.74267019000882)
2023/01/30 11:17:38 Function %!(EXTRA string=container-2-19, string= Priority , float64=235.74267019000882)
2023/01/30 11:17:38 Function %!(EXTRA string=container-2-19, string= Priority , float64=235.74267019000882)
2023/01/30 11:17:38 Function %!(EXTRA string=container-2-19, string= Priority , float64=235.74267019000882)
2023/01/30 11:17:38 Function %!(EXTRA string=container-2-19, string= Priority , float64=235.74267019000882)
2023/01/30 11:17:38 Function %!(EXTRA string=container-2-19, string= Priority , float64=235.74267019000882)
2023/01/30 11:17:38 Function %!(EXTRA string=container-2-19, string= Priority , float64=235.74267019000882)
2023/01/30 11:17:38 Function %!(EXTRA string=container-2-19, string= Priority , float64=235.74267019000882)
2023/01/30 11:17:38 Function %!(EXTRA string=container-2-19, string= Priority , float64=235.74267019000882)
2023/01/30 11:17:38 Function %!(EXTRA string=container-2-19, string= Priority , float64=235.74267019000882)
2023/01/30 11:17:38 Function %!(EXTRA string=container-2-19, string= Priority , float64=235.74267019000882)
2023/01/30 11:17:38 Function %!(EXTRA string=container-2-19, string= Priority , float64=235.74267019000882)
2023/01/30 11:17:38 Function %!(EXTRA string=container-2-12, string= Priority , float64=34.534667170001256)
2023/01/30 11:17:38 Function %!(EXTRA string=container-2-12, string= Priority , float64=68.06933434000251)
2023/01/30 11:17:38 Function %!(EXTRA string=container-2-14, string= Priority , float64=101.60400151000378)
2023/01/30 11:17:38 Function %!(EXTRA string=container-2-15, string= Priority , float64=135.13866868000503)
2023/01/30 11:17:38 Function %!(EXTRA string=container-1-5, string= Priority , float64=382.0205908683975)
2023/01/30 11:17:38 Function %!(EXTRA string=container-1-5, string= Priority , float64=477.27573858549687)
2023/01/30 11:17:38 Function %!(EXTRA string=container-1-5, string= Priority , float64=572.5308863025963)
2023/01/30 11:17:38 Function %!(EXTRA string=container-1-3, string= Priority , float64=667.7860340196956)
2023/01/30 11:17:38 Function %!(EXTRA string=container-1-1, string= Priority , float64=763.041181736795)
2023/01/30 11:17:38 Function %!(EXTRA string=container-1-1, string= Priority , float64=763.041181736795)
2023/01/30 11:17:38 Function %!(EXTRA string=container-1-1, string= Priority , float64=763.041181736795)
2023/01/30 11:17:38 Function %!(EXTRA string=container-1-1, string= Priority , float64=763.041181736795)
2023/01/30 11:17:38 Function %!(EXTRA string=container-1-1, string= Priority , float64=763.041181736795)
2023/01/30 11:17:38 Function %!(EXTRA string=container-1-1, string= Priority , float64=763.041181736795)
2023/01/30 11:17:38 Function %!(EXTRA string=container-1-1, string= Priority , float64=763.041181736795)
2023/01/30 11:17:38 Function %!(EXTRA string=container-1-1, string= Priority , float64=763.041181736795)
2023/01/30 11:17:38 Function %!(EXTRA string=container-1-1, string= Priority , float64=763.041181736795)
2023/01/30 11:17:38 Function %!(EXTRA string=container-1-1, string= Priority , float64=763.041181736795)
2023/01/30 11:17:38 Function %!(EXTRA string=container-1-1, string= Priority , float64=763.041181736795)
2023/01/30 11:17:38 Function %!(EXTRA string=container-1-1, string= Priority , float64=763.041181736795)
2023/01/30 11:17:38 Function %!(EXTRA string=container-1-1, string= Priority , float64=763.041181736795)
2023/01/30 11:17:38 Function %!(EXTRA string=container-1-1, string= Priority , float64=763.041181736795)
2023/01/30 11:17:38 Function %!(EXTRA string=container-1-1, string= Priority , float64=763.041181736795)
2023/01/30 11:17:38 Function %!(EXTRA string=container-1-1, string= Priority , float64=763.041181736795)
2023/01/30 11:17:38 Function %!(EXTRA string=container-1-1, string= Priority , float64=763.041181736795)
2023/01/30 11:17:38 Function %!(EXTRA string=container-1-1, string= Priority , float64=763.041181736795)
2023/01/30 11:17:38 Function %!(EXTRA string=container-1-1, string= Priority , float64=763.041181736795)
2023/01/30 11:17:38 Function %!(EXTRA string=container-1-1, string= Priority , float64=763.041181736795)
2023/01/30 11:17:38 Function %!(EXTRA string=container-1-1, string= Priority , float64=763.041181736795)
2023/01/30 11:17:38 Function %!(EXTRA string=container-1-1, string= Priority , float64=763.041181736795)
2023/01/30 11:17:38 Function %!(EXTRA string=container-1-1, string= Priority , float64=763.041181736795)
2023/01/30 11:17:38 Function %!(EXTRA string=container-1-1, string= Priority , float64=763.041181736795)
2023/01/30 11:17:38 Function %!(EXTRA string=container-1-1, string= Priority , float64=763.041181736795)
2023/01/30 11:17:38 Function %!(EXTRA string=container-1-1, string= Priority , float64=763.041181736795)
2023/01/30 11:17:38 Function %!(EXTRA string=container-1-1, string= Priority , float64=763.041181736795)
2023/01/30 11:17:38 Function %!(EXTRA string=container-1-1, string= Priority , float64=763.041181736795)
2023/01/30 11:17:38 Function %!(EXTRA string=container-1-1, string= Priority , float64=763.041181736795)
2023/01/30 11:17:38 Function %!(EXTRA string=container-1-1, string= Priority , float64=763.041181736795)
2023/01/30 11:17:38 Function %!(EXTRA string=container-1-1, string= Priority , float64=763.041181736795)
2023/01/30 11:17:38 Function %!(EXTRA string=container-1-1, string= Priority , float64=763.041181736795)
2023/01/30 11:17:38 Function %!(EXTRA string=container-1-1, string= Priority , float64=763.041181736795)
2023/01/30 11:17:38 Function %!(EXTRA string=container-1-1, string= Priority , float64=763.041181736795)
2023/01/30 11:17:38 Function %!(EXTRA string=container-1-1, string= Priority , float64=763.041181736795)
2023/01/30 11:17:38 Function %!(EXTRA string=container-1-1, string= Priority , float64=763.041181736795)
2023/01/30 11:17:38 Function %!(EXTRA string=container-1-1, string= Priority , float64=763.041181736795)
2023/01/30 11:17:38 Function %!(EXTRA string=container-1-1, string= Priority , float64=763.041181736795)
2023/01/30 11:17:38 Function %!(EXTRA string=container-1-1, string= Priority , float64=763.041181736795)
2023/01/30 11:17:38 Function %!(EXTRA string=container-1-1, string= Priority , float64=763.041181736795)
2023/01/30 11:17:38 Function %!(EXTRA string=container-1-1, string= Priority , float64=763.041181736795)
2023/01/30 11:17:38 Function %!(EXTRA string=container-1-1, string= Priority , float64=763.041181736795)
2023/01/30 11:17:38 Function %!(EXTRA string=container-1-1, string= Priority , float64=763.041181736795)
2023/01/30 11:17:38 Function %!(EXTRA string=container-1-1, string= Priority , float64=763.041181736795)
2023/01/30 11:17:38 Function %!(EXTRA string=container-1-1, string= Priority , float64=763.041181736795)
2023/01/30 11:17:38 Function %!(EXTRA string=container-1-1, string= Priority , float64=763.041181736795)
2023/01/30 11:17:38 Function %!(EXTRA string=container-1-1, string= Priority , float64=763.041181736795)
2023/01/30 11:17:38 Function %!(EXTRA string=container-1-1, string= Priority , float64=763.041181736795)
2023/01/30 11:17:38 Function %!(EXTRA string=container-1-1, string= Priority , float64=763.041181736795)
2023/01/30 11:17:38 Function %!(EXTRA string=container-1-1, string= Priority , float64=763.041181736795)
2023/01/30 11:17:38 Function %!(EXTRA string=container-1-1, string= Priority , float64=763.041181736795)
2023/01/30 11:17:38 Function %!(EXTRA string=container-1-1, string= Priority , float64=763.041181736795)
2023/01/30 11:17:38 Function %!(EXTRA string=container-1-1, string= Priority , float64=763.041181736795)
2023/01/30 11:17:38 Function %!(EXTRA string=container-1-1, string= Priority , float64=763.041181736795)
2023/01/30 11:17:38 Function %!(EXTRA string=container-1-1, string= Priority , float64=763.041181736795)
2023/01/30 11:17:38 Function %!(EXTRA string=container-1-1, string= Priority , float64=763.041181736795)
2023/01/30 11:17:38 Function %!(EXTRA string=container-1-1, string= Priority , float64=763.041181736795)
2023/01/30 11:17:38 Function %!(EXTRA string=container-1-1, string= Priority , float64=763.041181736795)
2023/01/30 11:17:38 Function %!(EXTRA string=container-1-1, string= Priority , float64=763.041181736795)
2023/01/30 11:17:38 Function %!(EXTRA string=container-1-1, string= Priority , float64=763.041181736795)
2023/01/30 11:17:38 Function %!(EXTRA string=container-1-1, string= Priority , float64=763.041181736795)
2023/01/30 11:17:38 Function %!(EXTRA string=container-1-1, string= Priority , float64=763.041181736795)
2023/01/30 11:17:38 Function %!(EXTRA string=container-1-1, string= Priority , float64=763.041181736795)
2023/01/30 11:17:38 Function %!(EXTRA string=container-1-1, string= Priority , float64=763.041181736795)
2023/01/30 11:17:38 Function %!(EXTRA string=container-1-1, string= Priority , float64=763.041181736795)
2023/01/30 11:17:38 Function %!(EXTRA string=container-1-1, string= Priority , float64=763.041181736795)
2023/01/30 11:17:38 Function %!(EXTRA string=container-1-1, string= Priority , float64=763.041181736795)
2023/01/30 11:17:38 Function %!(EXTRA string=container-1-1, string= Priority , float64=763.041181736795)
2023/01/30 11:17:38 Function %!(EXTRA string=container-1-1, string= Priority , float64=763.041181736795)
2023/01/30 11:17:38 Function %!(EXTRA string=container-1-1, string= Priority , float64=763.041181736795)
2023/01/30 11:17:38 Function %!(EXTRA string=container-1-1, string= Priority , float64=763.041181736795)
2023/01/30 11:17:38 Function %!(EXTRA string=container-1-1, string= Priority , float64=763.041181736795)
2023/01/30 11:17:38 Function %!(EXTRA string=container-1-1, string= Priority , float64=763.041181736795)
2023/01/30 11:17:38 Function %!(EXTRA string=container-1-1, string= Priority , float64=763.041181736795)
2023/01/30 11:17:38 Function %!(EXTRA string=container-1-1, string= Priority , float64=763.041181736795)
2023/01/30 11:17:38 Function %!(EXTRA string=container-1-1, string= Priority , float64=763.041181736795)
2023/01/30 11:17:38 Function %!(EXTRA string=container-1-1, string= Priority , float64=763.041181736795)
2023/01/30 11:17:38 Function %!(EXTRA string=container-1-1, string= Priority , float64=763.041181736795)
2023/01/30 11:17:38 Function %!(EXTRA string=container-1-1, string= Priority , float64=763.041181736795)
2023/01/30 11:17:38 Function %!(EXTRA string=container-1-1, string= Priority , float64=763.041181736795)
2023/01/30 11:17:38 Function %!(EXTRA string=container-1-1, string= Priority , float64=763.041181736795)
2023/01/30 11:17:38 Function %!(EXTRA string=container-1-1, string= Priority , float64=763.041181736795)
2023/01/30 11:17:38 Function %!(EXTRA string=container-1-1, string= Priority , float64=763.041181736795)
2023/01/30 11:17:38 Function %!(EXTRA string=container-1-1, string= Priority , float64=763.041181736795)
2023/01/30 11:17:38 Function %!(EXTRA string=container-1-1, string= Priority , float64=763.041181736795)
2023/01/30 11:17:38 Function %!(EXTRA string=container-1-1, string= Priority , float64=763.041181736795)
2023/01/30 11:17:38 Function %!(EXTRA string=container-1-1, string= Priority , float64=763.041181736795)
2023/01/30 11:17:38 Function %!(EXTRA string=container-1-1, string= Priority , float64=763.041181736795)
2023/01/30 11:17:38 Function %!(EXTRA string=container-1-1, string= Priority , float64=763.041181736795)
2023/01/30 11:17:38 Function %!(EXTRA string=container-1-1, string= Priority , float64=763.041181736795)
2023/01/30 11:17:38 Function %!(EXTRA string=container-1-1, string= Priority , float64=763.041181736795)
2023/01/30 11:17:38 Function %!(EXTRA string=container-1-1, string= Priority , float64=763.041181736795)
2023/01/30 11:17:38 Function %!(EXTRA string=container-1-1, string= Priority , float64=763.041181736795)
2023/01/30 11:17:38 Function %!(EXTRA string=container-1-1, string= Priority , float64=763.041181736795)
2023/01/30 11:17:38 Function %!(EXTRA string=container-1-1, string= Priority , float64=763.041181736795)
2023/01/30 11:17:38 Function %!(EXTRA string=container-1-1, string= Priority , float64=763.041181736795)
2023/01/30 11:17:38 Function %!(EXTRA string=container-1-1, string= Priority , float64=763.041181736795)
2023/01/30 11:17:38 Function %!(EXTRA string=container-1-1, string= Priority , float64=763.041181736795)
2023/01/30 11:17:38 Function %!(EXTRA string=container-1-1, string= Priority , float64=763.041181736795)
2023/01/30 11:17:38 Function %!(EXTRA string=container-1-1, string= Priority , float64=763.041181736795)
2023/01/30 11:17:38 Function %!(EXTRA string=container-1-1, string= Priority , float64=763.041181736795)
2023/01/30 11:17:38 Function %!(EXTRA string=container-1-1, string= Priority , float64=763.041181736795)
2023/01/30 11:17:38 Function %!(EXTRA string=container-1-1, string= Priority , float64=763.041181736795)
2023/01/30 11:17:38 Function %!(EXTRA string=container-1-1, string= Priority , float64=763.041181736795)
2023/01/30 11:17:38 Function %!(EXTRA string=container-1-1, string= Priority , float64=763.041181736795)
2023/01/30 11:17:38 Function %!(EXTRA string=container-1-1, string= Priority , float64=763.041181736795)
2023/01/30 11:17:38 Function %!(EXTRA string=container-1-1, string= Priority , float64=763.041181736795)
2023/01/30 11:17:38 Function %!(EXTRA string=container-1-1, string= Priority , float64=763.041181736795)
2023/01/30 11:17:38 Function %!(EXTRA string=container-1-1, string= Priority , float64=763.041181736795)
2023/01/30 11:17:38 Function %!(EXTRA string=container-1-1, string= Priority , float64=763.041181736795)
2023/01/30 11:17:38 Function %!(EXTRA string=container-1-1, string= Priority , float64=763.041181736795)
2023/01/30 11:17:38 Function %!(EXTRA string=container-1-1, string= Priority , float64=763.041181736795)
2023/01/30 11:17:38 Function %!(EXTRA string=container-1-1, string= Priority , float64=763.041181736795)
2023/01/30 11:17:38 Function %!(EXTRA string=container-1-1, string= Priority , float64=763.041181736795)
2023/01/30 11:17:38 Function %!(EXTRA string=container-1-1, string= Priority , float64=763.041181736795)
2023/01/30 11:17:38 Function %!(EXTRA string=container-1-1, string= Priority , float64=763.041181736795)
2023/01/30 11:17:38 Function %!(EXTRA string=container-1-1, string= Priority , float64=763.041181736795)
2023/01/30 11:17:38 Function %!(EXTRA string=container-2-16, string= Priority , float64=1)
2023/01/30 11:17:38 Function %!(EXTRA string=container-3-22, string= Priority , float64=1)
2023/01/30 11:17:38 Function %!(EXTRA string=container-3-25, string= Priority , float64=17.12757089788892)
2023/01/30 11:17:38 Function %!(EXTRA string=container-1-7, string= Priority , float64=191.51029543419875)
2023/01/30 11:17:38 Function %!(EXTRA string=container-1-6, string= Priority , float64=286.76544315129814)
2023/01/30 11:17:38 Function %!(EXTRA string=container-1-6, string= Priority , float64=286.76544315129814)
2023/01/30 11:17:38 Function %!(EXTRA string=container-1-6, string= Priority , float64=286.76544315129814)
2023/01/30 11:17:38 Function %!(EXTRA string=container-1-6, string= Priority , float64=286.76544315129814)
2023/01/30 11:17:38 Function %!(EXTRA string=container-1-6, string= Priority , float64=286.76544315129814)
2023/01/30 11:17:38 Function %!(EXTRA string=container-1-6, string= Priority , float64=286.76544315129814)
2023/01/30 11:17:38 Function %!(EXTRA string=container-1-6, string= Priority , float64=286.76544315129814)
2023/01/30 11:17:38 Function %!(EXTRA string=container-1-6, string= Priority , float64=286.76544315129814)
2023/01/30 11:17:38 Function %!(EXTRA string=container-1-6, string= Priority , float64=286.76544315129814)
2023/01/30 11:17:38 Function %!(EXTRA string=container-1-6, string= Priority , float64=286.76544315129814)
2023/01/30 11:17:38 Function %!(EXTRA string=container-1-6, string= Priority , float64=286.76544315129814)
2023/01/30 11:17:38 Function %!(EXTRA string=container-1-6, string= Priority , float64=286.76544315129814)
2023/01/30 11:17:38 Function %!(EXTRA string=container-1-6, string= Priority , float64=286.76544315129814)
2023/01/30 11:17:38 Function %!(EXTRA string=container-1-6, string= Priority , float64=286.76544315129814)
2023/01/30 11:17:38 Function %!(EXTRA string=container-1-6, string= Priority , float64=286.76544315129814)
2023/01/30 11:17:38 Function %!(EXTRA string=container-1-6, string= Priority , float64=286.76544315129814)
2023/01/30 11:17:38 Function %!(EXTRA string=container-1-6, string= Priority , float64=286.76544315129814)
2023/01/30 11:17:38 Function %!(EXTRA string=container-1-6, string= Priority , float64=286.76544315129814)
2023/01/30 11:17:38 Function %!(EXTRA string=container-1-6, string= Priority , float64=286.76544315129814)
2023/01/30 11:17:38 Function %!(EXTRA string=container-1-6, string= Priority , float64=286.76544315129814)
2023/01/30 11:17:38 Function %!(EXTRA string=container-1-6, string= Priority , float64=286.76544315129814)
2023/01/30 11:17:38 Function %!(EXTRA string=container-1-6, string= Priority , float64=286.76544315129814)
2023/01/30 11:17:38 Function %!(EXTRA string=container-1-6, string= Priority , float64=286.76544315129814)
2023/01/30 11:17:38 Function %!(EXTRA string=container-1-6, string= Priority , float64=286.76544315129814)
2023/01/30 11:17:38 Function %!(EXTRA string=container-1-6, string= Priority , float64=286.76544315129814)
2023/01/30 11:17:38 Function %!(EXTRA string=container-1-6, string= Priority , float64=286.76544315129814)
2023/01/30 11:17:38 Function %!(EXTRA string=container-1-6, string= Priority , float64=286.76544315129814)
2023/01/30 11:17:38 Function %!(EXTRA string=container-1-6, string= Priority , float64=286.76544315129814)
2023/01/30 11:17:38 Function %!(EXTRA string=container-1-6, string= Priority , float64=286.76544315129814)
2023/01/30 11:17:38 Function %!(EXTRA string=container-1-6, string= Priority , float64=286.76544315129814)
2023/01/30 11:17:38 Function %!(EXTRA string=container-1-6, string= Priority , float64=286.76544315129814)
2023/01/30 11:17:38 Function %!(EXTRA string=container-1-6, string= Priority , float64=286.76544315129814)
2023/01/30 11:17:38 Function %!(EXTRA string=container-1-6, string= Priority , float64=286.76544315129814)
2023/01/30 11:17:38 Function %!(EXTRA string=container-1-6, string= Priority , float64=286.76544315129814)
2023/01/30 11:17:38 Function %!(EXTRA string=container-1-6, string= Priority , float64=286.76544315129814)
2023/01/30 11:17:38 Function %!(EXTRA string=container-1-6, string= Priority , float64=286.76544315129814)
2023/01/30 11:17:38 Function %!(EXTRA string=container-1-6, string= Priority , float64=286.76544315129814)
2023/01/30 11:17:38 Function %!(EXTRA string=container-1-6, string= Priority , float64=286.76544315129814)
2023/01/30 11:17:38 Function %!(EXTRA string=container-1-6, string= Priority , float64=286.76544315129814)
2023/01/30 11:17:38 Function %!(EXTRA string=container-1-6, string= Priority , float64=286.76544315129814)
2023/01/30 11:17:38 Function %!(EXTRA string=container-1-6, string= Priority , float64=286.76544315129814)
2023/01/30 11:17:38 Function %!(EXTRA string=container-1-6, string= Priority , float64=286.76544315129814)
2023/01/30 11:17:38 Function %!(EXTRA string=container-1-6, string= Priority , float64=286.76544315129814)
2023/01/30 11:17:38 Function %!(EXTRA string=container-1-6, string= Priority , float64=286.76544315129814)
2023/01/30 11:17:38 Function %!(EXTRA string=container-1-6, string= Priority , float64=286.76544315129814)
2023/01/30 11:17:38 Function %!(EXTRA string=container-1-6, string= Priority , float64=286.76544315129814)
2023/01/30 11:17:38 Function %!(EXTRA string=container-1-6, string= Priority , float64=286.76544315129814)
2023/01/30 11:17:38 Function %!(EXTRA string=container-1-6, string= Priority , float64=286.76544315129814)
2023/01/30 11:17:38 Function %!(EXTRA string=container-1-6, string= Priority , float64=286.76544315129814)
2023/01/30 11:17:38 Function %!(EXTRA string=container-1-6, string= Priority , float64=286.76544315129814)
2023/01/30 11:17:38 Function %!(EXTRA string=container-1-6, string= Priority , float64=286.76544315129814)
2023/01/30 11:17:38 Function %!(EXTRA string=container-1-6, string= Priority , float64=286.76544315129814)
2023/01/30 11:17:38 Function %!(EXTRA string=container-1-6, string= Priority , float64=286.76544315129814)
2023/01/30 11:17:38 Function %!(EXTRA string=container-1-6, string= Priority , float64=286.76544315129814)
2023/01/30 11:17:38 Function %!(EXTRA string=container-1-6, string= Priority , float64=286.76544315129814)
2023/01/30 11:17:38 Function %!(EXTRA string=container-1-6, string= Priority , float64=286.76544315129814)
2023/01/30 11:17:38 Function %!(EXTRA string=container-1-6, string= Priority , float64=286.76544315129814)
2023/01/30 11:17:38 Function %!(EXTRA string=container-1-6, string= Priority , float64=286.76544315129814)
2023/01/30 11:17:38 Function %!(EXTRA string=container-1-6, string= Priority , float64=286.76544315129814)
2023/01/30 11:17:38 Function %!(EXTRA string=container-1-6, string= Priority , float64=286.76544315129814)
2023/01/30 11:17:38 Function %!(EXTRA string=container-1-6, string= Priority , float64=286.76544315129814)
2023/01/30 11:17:38 Function %!(EXTRA string=container-1-6, string= Priority , float64=286.76544315129814)
2023/01/30 11:17:38 Function %!(EXTRA string=container-1-6, string= Priority , float64=286.76544315129814)
2023/01/30 11:17:38 Function %!(EXTRA string=container-1-6, string= Priority , float64=286.76544315129814)
2023/01/30 11:17:38 Function %!(EXTRA string=container-1-6, string= Priority , float64=286.76544315129814)
2023/01/30 11:17:38 Function %!(EXTRA string=container-1-6, string= Priority , float64=286.76544315129814)
2023/01/30 11:17:38 Function %!(EXTRA string=container-1-6, string= Priority , float64=286.76544315129814)
2023/01/30 11:17:38 Function %!(EXTRA string=container-1-6, string= Priority , float64=286.76544315129814)
2023/01/30 11:17:38 Function %!(EXTRA string=container-1-6, string= Priority , float64=286.76544315129814)
2023/01/30 11:17:38 Function %!(EXTRA string=container-1-6, string= Priority , float64=286.76544315129814)
2023/01/30 11:17:38 Function %!(EXTRA string=container-1-6, string= Priority , float64=286.76544315129814)
2023/01/30 11:17:38 Function %!(EXTRA string=container-1-6, string= Priority , float64=286.76544315129814)
2023/01/30 11:17:38 Function %!(EXTRA string=container-1-6, string= Priority , float64=286.76544315129814)
2023/01/30 11:17:38 Function %!(EXTRA string=container-1-6, string= Priority , float64=286.76544315129814)
2023/01/30 11:17:38 Function %!(EXTRA string=container-1-6, string= Priority , float64=286.76544315129814)
2023/01/30 11:17:38 Function %!(EXTRA string=container-1-6, string= Priority , float64=286.76544315129814)
2023/01/30 11:17:38 Function %!(EXTRA string=container-1-6, string= Priority , float64=286.76544315129814)
2023/01/30 11:17:38 Function %!(EXTRA string=container-1-6, string= Priority , float64=286.76544315129814)
2023/01/30 11:17:38 Function %!(EXTRA string=container-1-6, string= Priority , float64=286.76544315129814)
2023/01/30 11:17:38 Function %!(EXTRA string=container-1-6, string= Priority , float64=286.76544315129814)
2023/01/30 11:17:38 Function %!(EXTRA string=container-1-6, string= Priority , float64=286.76544315129814)
2023/01/30 11:17:38 Function %!(EXTRA string=container-1-6, string= Priority , float64=286.76544315129814)
2023/01/30 11:17:38 Function %!(EXTRA string=container-1-6, string= Priority , float64=286.76544315129814)
2023/01/30 11:17:38 Function %!(EXTRA string=container-1-6, string= Priority , float64=286.76544315129814)
2023/01/30 11:17:38 Function %!(EXTRA string=container-1-6, string= Priority , float64=286.76544315129814)
2023/01/30 11:17:38 Function %!(EXTRA string=container-4-24, string= Priority , float64=1)
2023/01/30 11:17:38 Function %!(EXTRA string=container-4-24, string= Priority , float64=54.28538738149722)
2023/01/30 11:17:38 Function %!(EXTRA string=container-3-20, string= Priority , float64=81.63785448944459)
2023/01/30 11:17:38 Function %!(EXTRA string=container-1-8, string= Priority , float64=96.25514771709938)
2023/01/30 11:17:38 Function %!(EXTRA string=container-1-8, string= Priority , float64=96.25514771709938)
2023/01/30 11:17:38 Function %!(EXTRA string=container-1-8, string= Priority , float64=96.25514771709938)
2023/01/30 11:17:38 Function %!(EXTRA string=container-1-8, string= Priority , float64=96.25514771709938)
2023/01/30 11:17:38 Function %!(EXTRA string=container-4-27, string= Priority , float64=107.57077476299445)
2023/01/30 11:17:38 Function %!(EXTRA string=container-2-17, string= Priority , float64=235.74267019000882)
2023/01/30 11:17:38 Function %!(EXTRA string=container-2-17, string= Priority , float64=235.74267019000882)
2023/01/30 11:17:38 Function %!(EXTRA string=container-2-17, string= Priority , float64=235.74267019000882)
2023/01/30 11:17:38 Function %!(EXTRA string=container-2-17, string= Priority , float64=235.74267019000882)
2023/01/30 11:17:38 Function %!(EXTRA string=container-2-17, string= Priority , float64=235.74267019000882)
2023/01/30 11:17:38 Function %!(EXTRA string=container-2-17, string= Priority , float64=235.74267019000882)
2023/01/30 11:17:38 Function %!(EXTRA string=container-2-17, string= Priority , float64=235.74267019000882)
2023/01/30 11:17:38 Function %!(EXTRA string=container-2-17, string= Priority , float64=235.74267019000882)
2023/01/30 11:17:38 Function %!(EXTRA string=container-2-17, string= Priority , float64=235.74267019000882)
2023/01/30 11:17:38 Function %!(EXTRA string=container-2-17, string= Priority , float64=235.74267019000882)
2023/01/30 11:17:38 Function %!(EXTRA string=container-2-17, string= Priority , float64=235.74267019000882)
2023/01/30 11:17:38 Function %!(EXTRA string=container-2-17, string= Priority , float64=235.74267019000882)
2023/01/30 11:17:38 Function %!(EXTRA string=container-2-17, string= Priority , float64=235.74267019000882)
2023/01/30 11:17:38 Function %!(EXTRA string=container-2-17, string= Priority , float64=235.74267019000882)
2023/01/30 11:17:38 Function %!(EXTRA string=container-2-17, string= Priority , float64=235.74267019000882)
2023/01/30 11:17:38 Function %!(EXTRA string=container-2-17, string= Priority , float64=235.74267019000882)
2023/01/30 11:17:38 Function %!(EXTRA string=container-2-17, string= Priority , float64=235.74267019000882)
2023/01/30 11:17:38 Function %!(EXTRA string=container-2-17, string= Priority , float64=235.74267019000882)
2023/01/30 11:17:38 Function %!(EXTRA string=container-2-17, string= Priority , float64=235.74267019000882)
2023/01/30 11:17:38 Function %!(EXTRA string=container-2-17, string= Priority , float64=235.74267019000882)
2023/01/30 11:17:38 Function %!(EXTRA string=container-2-17, string= Priority , float64=235.74267019000882)
2023/01/30 11:17:38 Function %!(EXTRA string=container-2-17, string= Priority , float64=235.74267019000882)
2023/01/30 11:17:38 Function %!(EXTRA string=container-2-17, string= Priority , float64=235.74267019000882)
2023/01/30 11:17:38 Function %!(EXTRA string=container-2-17, string= Priority , float64=235.74267019000882)
2023/01/30 11:17:38 Function %!(EXTRA string=container-2-17, string= Priority , float64=235.74267019000882)
2023/01/30 11:17:38 Function %!(EXTRA string=container-2-17, string= Priority , float64=235.74267019000882)
2023/01/30 11:17:38 Function %!(EXTRA string=container-2-17, string= Priority , float64=235.74267019000882)
2023/01/30 11:17:38 Function %!(EXTRA string=container-2-17, string= Priority , float64=235.74267019000882)
2023/01/30 11:17:38 Function %!(EXTRA string=container-2-17, string= Priority , float64=235.74267019000882)
2023/01/30 11:17:38 Function %!(EXTRA string=container-2-17, string= Priority , float64=235.74267019000882)
2023/01/30 11:17:38 Function %!(EXTRA string=container-2-17, string= Priority , float64=235.74267019000882)
2023/01/30 11:17:38 Function %!(EXTRA string=container-2-17, string= Priority , float64=235.74267019000882)
2023/01/30 11:17:38 Function %!(EXTRA string=container-2-17, string= Priority , float64=235.74267019000882)
2023/01/30 11:17:38 Function %!(EXTRA string=container-2-17, string= Priority , float64=235.74267019000882)
2023/01/30 11:17:38 Function %!(EXTRA string=container-2-17, string= Priority , float64=235.74267019000882)
2023/01/30 11:17:38 Function %!(EXTRA string=container-2-17, string= Priority , float64=235.74267019000882)
2023/01/30 11:17:38 Function %!(EXTRA string=container-2-17, string= Priority , float64=235.74267019000882)
2023/01/30 11:17:38 Function %!(EXTRA string=container-2-17, string= Priority , float64=235.74267019000882)
2023/01/30 11:17:38 Function %!(EXTRA string=container-2-17, string= Priority , float64=235.74267019000882)
2023/01/30 11:17:38 Function %!(EXTRA string=container-2-17, string= Priority , float64=235.74267019000882)
2023/01/30 11:17:38 Function %!(EXTRA string=container-2-17, string= Priority , float64=235.74267019000882)
2023/01/30 11:17:38 Function %!(EXTRA string=container-2-17, string= Priority , float64=235.74267019000882)
2023/01/30 11:17:38 Function %!(EXTRA string=container-2-17, string= Priority , float64=235.74267019000882)
2023/01/30 11:17:38 Function %!(EXTRA string=container-2-17, string= Priority , float64=235.74267019000882)
2023/01/30 11:17:38 Function %!(EXTRA string=container-2-17, string= Priority , float64=235.74267019000882)
2023/01/30 11:17:38 Function %!(EXTRA string=container-2-17, string= Priority , float64=235.74267019000882)
2023/01/30 11:17:38 Function %!(EXTRA string=container-2-17, string= Priority , float64=235.74267019000882)
2023/01/30 11:17:38 Function %!(EXTRA string=container-2-17, string= Priority , float64=235.74267019000882)
2023/01/30 11:17:38 Function %!(EXTRA string=container-2-17, string= Priority , float64=235.74267019000882)
2023/01/30 11:17:38 Function %!(EXTRA string=container-2-17, string= Priority , float64=235.74267019000882)
2023/01/30 11:17:38 Function %!(EXTRA string=container-2-17, string= Priority , float64=235.74267019000882)
2023/01/30 11:17:38 Function %!(EXTRA string=container-2-17, string= Priority , float64=235.74267019000882)
2023/01/30 11:17:38 Function %!(EXTRA string=container-2-17, string= Priority , float64=235.74267019000882)
2023/01/30 11:17:38 Function %!(EXTRA string=container-2-17, string= Priority , float64=235.74267019000882)
2023/01/30 11:17:38 Function %!(EXTRA string=container-2-17, string= Priority , float64=235.74267019000882)
2023/01/30 11:17:38 Function %!(EXTRA string=container-2-17, string= Priority , float64=235.74267019000882)
2023/01/30 11:17:38 Function %!(EXTRA string=container-2-17, string= Priority , float64=235.74267019000882)
2023/01/30 11:17:38 Function %!(EXTRA string=container-2-17, string= Priority , float64=235.74267019000882)
2023/01/30 11:17:38 Function %!(EXTRA string=container-2-17, string= Priority , float64=235.74267019000882)
2023/01/30 11:17:38 Function %!(EXTRA string=container-2-17, string= Priority , float64=235.74267019000882)
2023/01/30 11:17:38 Function %!(EXTRA string=container-2-17, string= Priority , float64=235.74267019000882)
2023/01/30 11:17:38 Function %!(EXTRA string=container-2-17, string= Priority , float64=235.74267019000882)
2023/01/30 11:17:38 Function %!(EXTRA string=container-2-17, string= Priority , float64=235.74267019000882)
2023/01/30 11:17:38 Function %!(EXTRA string=container-2-17, string= Priority , float64=235.74267019000882)
2023/01/30 11:17:38 Function %!(EXTRA string=container-2-17, string= Priority , float64=235.74267019000882)
2023/01/30 11:17:38 Function %!(EXTRA string=container-2-17, string= Priority , float64=235.74267019000882)
2023/01/30 11:17:38 Function %!(EXTRA string=container-2-17, string= Priority , float64=235.74267019000882)
2023/01/30 11:17:38 Function %!(EXTRA string=container-2-17, string= Priority , float64=235.74267019000882)
2023/01/30 11:17:38 Function %!(EXTRA string=container-2-17, string= Priority , float64=235.74267019000882)
2023/01/30 11:17:38 Function %!(EXTRA string=container-2-17, string= Priority , float64=235.74267019000882)
2023/01/30 11:17:38 Function %!(EXTRA string=container-2-17, string= Priority , float64=235.74267019000882)
2023/01/30 11:17:38 Function %!(EXTRA string=container-2-17, string= Priority , float64=235.74267019000882)
2023/01/30 11:17:38 Function %!(EXTRA string=container-2-17, string= Priority , float64=235.74267019000882)
2023/01/30 11:17:38 Function %!(EXTRA string=container-2-17, string= Priority , float64=235.74267019000882)
2023/01/30 11:17:38 Function %!(EXTRA string=container-2-17, string= Priority , float64=235.74267019000882)
2023/01/30 11:17:38 Function %!(EXTRA string=container-2-17, string= Priority , float64=235.74267019000882)
2023/01/30 11:17:38 Function %!(EXTRA string=container-2-17, string= Priority , float64=235.74267019000882)
2023/01/30 11:17:38 Function %!(EXTRA string=container-2-17, string= Priority , float64=235.74267019000882)
2023/01/30 11:17:38 Function %!(EXTRA string=container-2-17, string= Priority , float64=235.74267019000882)
2023/01/30 11:17:38 Function %!(EXTRA string=container-2-17, string= Priority , float64=235.74267019000882)
2023/01/30 11:17:38 Function %!(EXTRA string=container-2-17, string= Priority , float64=235.74267019000882)
2023/01/30 11:17:38 Function %!(EXTRA string=container-2-17, string= Priority , float64=235.74267019000882)
2023/01/30 11:17:38 Function %!(EXTRA string=container-2-17, string= Priority , float64=235.74267019000882)
2023/01/30 11:17:38 Function %!(EXTRA string=container-2-17, string= Priority , float64=235.74267019000882)
2023/01/30 11:17:38 Function %!(EXTRA string=container-2-17, string= Priority , float64=235.74267019000882)
2023/01/30 11:17:38 Function %!(EXTRA string=container-2-17, string= Priority , float64=235.74267019000882)
2023/01/30 11:17:38 Function %!(EXTRA string=container-2-17, string= Priority , float64=235.74267019000882)
2023/01/30 11:17:38 Function %!(EXTRA string=container-2-17, string= Priority , float64=235.74267019000882)
2023/01/30 11:17:38 Function %!(EXTRA string=container-2-17, string= Priority , float64=235.74267019000882)
2023/01/30 11:17:38 Function %!(EXTRA string=container-2-17, string= Priority , float64=235.74267019000882)
2023/01/30 11:17:38 Function %!(EXTRA string=container-2-17, string= Priority , float64=235.74267019000882)
2023/01/30 11:17:38 Function %!(EXTRA string=container-2-17, string= Priority , float64=235.74267019000882)
2023/01/30 11:17:38 Function %!(EXTRA string=container-2-17, string= Priority , float64=235.74267019000882)
2023/01/30 11:17:38 Function %!(EXTRA string=container-2-17, string= Priority , float64=235.74267019000882)
2023/01/30 11:17:38 Function %!(EXTRA string=container-2-17, string= Priority , float64=235.74267019000882)
2023/01/30 11:17:38 Function %!(EXTRA string=container-2-17, string= Priority , float64=235.74267019000882)
2023/01/30 11:17:38 Function %!(EXTRA string=container-2-17, string= Priority , float64=235.74267019000882)
2023/01/30 11:17:38 Function %!(EXTRA string=container-2-17, string= Priority , float64=235.74267019000882)
2023/01/30 11:17:38 Function %!(EXTRA string=container-2-17, string= Priority , float64=235.74267019000882)
2023/01/30 11:17:38 Function %!(EXTRA string=container-2-17, string= Priority , float64=235.74267019000882)
2023/01/30 11:17:38 Function %!(EXTRA string=container-2-17, string= Priority , float64=235.74267019000882)
2023/01/30 11:17:38 Function %!(EXTRA string=container-2-17, string= Priority , float64=235.74267019000882)
2023/01/30 11:17:38 Function %!(EXTRA string=container-2-17, string= Priority , float64=235.74267019000882)
2023/01/30 11:17:38 Function %!(EXTRA string=container-2-17, string= Priority , float64=235.74267019000882)
2023/01/30 11:17:38 Function %!(EXTRA string=container-2-17, string= Priority , float64=235.74267019000882)
2023/01/30 11:17:38 Function %!(EXTRA string=container-2-17, string= Priority , float64=235.74267019000882)
2023/01/30 11:17:38 Function %!(EXTRA string=container-2-17, string= Priority , float64=235.74267019000882)
2023/01/30 11:17:38 Function %!(EXTRA string=container-2-17, string= Priority , float64=235.74267019000882)
2023/01/30 11:17:38 Function %!(EXTRA string=container-2-17, string= Priority , float64=235.74267019000882)
2023/01/30 11:17:38 Function %!(EXTRA string=container-2-17, string= Priority , float64=235.74267019000882)
2023/01/30 11:17:38 Function %!(EXTRA string=container-2-17, string= Priority , float64=235.74267019000882)
2023/01/30 11:17:38 Function %!(EXTRA string=container-2-17, string= Priority , float64=235.74267019000882)
2023/01/30 11:17:38 Function %!(EXTRA string=container-2-17, string= Priority , float64=235.74267019000882)
2023/01/30 11:17:38 Function %!(EXTRA string=container-2-17, string= Priority , float64=235.74267019000882)
2023/01/30 11:17:38 Function %!(EXTRA string=container-2-17, string= Priority , float64=235.74267019000882)
2023/01/30 11:17:38 Function %!(EXTRA string=container-2-17, string= Priority , float64=235.74267019000882)
2023/01/30 11:17:38 Function %!(EXTRA string=container-2-17, string= Priority , float64=235.74267019000882)
2023/01/30 11:17:38 Function %!(EXTRA string=container-2-17, string= Priority , float64=235.74267019000882)
2023/01/30 11:17:38 Function %!(EXTRA string=container-2-17, string= Priority , float64=235.74267019000882)
2023/01/30 11:17:38 Function %!(EXTRA string=container-2-17, string= Priority , float64=235.74267019000882)
2023/01/30 11:17:38 Function %!(EXTRA string=container-2-17, string= Priority , float64=235.74267019000882)
2023/01/30 11:17:38 Function %!(EXTRA string=container-2-17, string= Priority , float64=235.74267019000882)
2023/01/30 11:17:38 Function %!(EXTRA string=container-2-17, string= Priority , float64=235.74267019000882)
2023/01/30 11:17:38 Function %!(EXTRA string=container-2-17, string= Priority , float64=235.74267019000882)
2023/01/30 11:17:38 Function %!(EXTRA string=container-2-17, string= Priority , float64=235.74267019000882)
2023/01/30 11:17:38 Function %!(EXTRA string=container-2-17, string= Priority , float64=235.74267019000882)
2023/01/30 11:17:38 Function %!(EXTRA string=container-2-17, string= Priority , float64=235.74267019000882)
2023/01/30 11:17:38 Function %!(EXTRA string=container-2-17, string= Priority , float64=235.74267019000882)
2023/01/30 11:17:38 Function %!(EXTRA string=container-2-17, string= Priority , float64=235.74267019000882)
2023/01/30 11:17:38 Function %!(EXTRA string=container-2-17, string= Priority , float64=235.74267019000882)
2023/01/30 11:17:38 Function %!(EXTRA string=container-2-17, string= Priority , float64=235.74267019000882)
2023/01/30 11:17:38 Function %!(EXTRA string=container-2-17, string= Priority , float64=235.74267019000882)
2023/01/30 11:17:38 Function %!(EXTRA string=container-2-17, string= Priority , float64=235.74267019000882)
2023/01/30 11:17:38 Function %!(EXTRA string=container-2-17, string= Priority , float64=235.74267019000882)
2023/01/30 11:17:38 Function %!(EXTRA string=container-2-17, string= Priority , float64=235.74267019000882)
2023/01/30 11:17:38 Function %!(EXTRA string=container-2-17, string= Priority , float64=235.74267019000882)
2023/01/30 11:17:38 Function %!(EXTRA string=container-2-17, string= Priority , float64=235.74267019000882)
2023/01/30 11:17:38 Function %!(EXTRA string=container-2-17, string= Priority , float64=235.74267019000882)
2023/01/30 11:17:38 Function %!(EXTRA string=container-2-17, string= Priority , float64=235.74267019000882)
2023/01/30 11:17:38 Function %!(EXTRA string=container-2-17, string= Priority , float64=235.74267019000882)
2023/01/30 11:17:38 All algorithm finished............
